{"D:\\Roshan\\friend-furlough\\src\\components\\ui\\aspect-ratio.tsx": {"path":"D:\\Roshan\\friend-furlough\\src\\components\\ui\\aspect-ratio.tsx","statementMap":{"0":{"start":{"line":1,"column":0},"end":{"line":1,"column":69}},"1":{"start":{"line":3,"column":20},"end":{"line":3,"column":45}},"2":{"start":{"line":5,"column":9},"end":{"line":5,"column":20}}},"fnMap":{},"branchMap":{},"s":{"0":0,"1":0,"2":0},"f":{},"b":{}}
,"D:\\Roshan\\friend-furlough\\src\\components\\ui\\collapsible.tsx": {"path":"D:\\Roshan\\friend-furlough\\src\\components\\ui\\collapsible.tsx","statementMap":{"0":{"start":{"line":1,"column":0},"end":{"line":1,"column":68}},"1":{"start":{"line":3,"column":20},"end":{"line":3,"column":45}},"2":{"start":{"line":9,"column":9},"end":{"line":9,"column":20}},"3":{"start":{"line":5,"column":27},"end":{"line":5,"column":66}},"4":{"start":{"line":9,"column":22},"end":{"line":9,"column":40}},"5":{"start":{"line":7,"column":27},"end":{"line":7,"column":66}},"6":{"start":{"line":9,"column":42},"end":{"line":9,"column":60}}},"fnMap":{},"branchMap":{},"s":{"0":0,"1":0,"2":0,"3":0,"4":0,"5":0,"6":0},"f":{},"b":{}}
,"D:\\Roshan\\friend-furlough\\src\\components\\ui\\use-toast.ts": {"path":"D:\\Roshan\\friend-furlough\\src\\components\\ui\\use-toast.ts","statementMap":{"0":{"start":{"line":1,"column":0},"end":{"line":1,"column":9}},"1":{"start":{"line":3,"column":9},"end":{"line":1,"column":19}},"2":{"start":{"line":3,"column":19},"end":{"line":1,"column":52}}},"fnMap":{"0":{"name":"(anonymous_0)","decl":{"start":{"line":3,"column":9},"end":{"line":3,"column":17}},"loc":{"start":{"line":3,"column":9},"end":{"line":1,"column":19}}},"1":{"name":"(anonymous_1)","decl":{"start":{"line":3,"column":19},"end":{"line":3,"column":24}},"loc":{"start":{"line":3,"column":19},"end":{"line":1,"column":52}}}},"branchMap":{},"s":{"0":0,"1":0,"2":0},"f":{"0":0,"1":0},"b":{}}
,"D:\\Roshan\\friend-furlough\\src\\constants\\filterOptions.ts": {"path":"D:\\Roshan\\friend-furlough\\src\\constants\\filterOptions.ts","statementMap":{"0":{"start":{"line":1,"column":13},"end":{"line":198,"column":2}},"1":{"start":{"line":200,"column":13},"end":{"line":259,"column":2}},"2":{"start":{"line":261,"column":13},"end":{"line":274,"column":2}}},"fnMap":{},"branchMap":{},"s":{"0":0,"1":0,"2":0},"f":{},"b":{}}
,"D:\\Roshan\\friend-furlough\\src\\data\\countries.ts": {"path":"D:\\Roshan\\friend-furlough\\src\\data\\countries.ts","statementMap":{"0":{"start":{"line":1,"column":13},"end":{"line":41,"column":2}}},"fnMap":{},"branchMap":{},"s":{"0":0},"f":{},"b":{}}
,"D:\\Roshan\\friend-furlough\\src\\data\\culturalInterests.ts": {"path":"D:\\Roshan\\friend-furlough\\src\\data\\culturalInterests.ts","statementMap":{"0":{"start":{"line":1,"column":13},"end":{"line":22,"column":2}}},"fnMap":{},"branchMap":{},"s":{"0":0},"f":{},"b":{}}
,"D:\\Roshan\\friend-furlough\\src\\data\\languages.ts": {"path":"D:\\Roshan\\friend-furlough\\src\\data\\languages.ts","statementMap":{"0":{"start":{"line":1,"column":13},"end":{"line":34,"column":2}}},"fnMap":{},"branchMap":{},"s":{"0":0},"f":{},"b":{}}
,"D:\\Roshan\\friend-furlough\\src\\data\\mockData.ts": {"path":"D:\\Roshan\\friend-furlough\\src\\data\\mockData.ts","statementMap":{"0":{"start":{"line":3,"column":13},"end":{"line":24,"column":2}},"1":{"start":{"line":26,"column":13},"end":{"line":45,"column":2}},"2":{"start":{"line":47,"column":13},"end":{"line":63,"column":2}},"3":{"start":{"line":65,"column":13},"end":{"line":168,"column":2}},"4":{"start":{"line":170,"column":13},"end":{"line":193,"column":2}},"5":{"start":{"line":195,"column":13},"end":{"line":206,"column":2}},"6":{"start":{"line":208,"column":13},"end":{"line":236,"column":2}}},"fnMap":{},"branchMap":{},"s":{"0":0,"1":0,"2":0,"3":0,"4":0,"5":0,"6":0},"f":{},"b":{}}
,"D:\\Roshan\\friend-furlough\\src\\hooks\\use-mobile.tsx": {"path":"D:\\Roshan\\friend-furlough\\src\\hooks\\use-mobile.tsx","statementMap":{"0":{"start":{"line":5,"column":0},"end":{"line":5,"column":16}},"1":{"start":{"line":1,"column":0},"end":{"line":1,"column":31}},"2":{"start":{"line":3,"column":26},"end":{"line":3,"column":29}},"3":{"start":{"line":6,"column":34},"end":{"line":6,"column":80}},"4":{"start":{"line":8,"column":2},"end":{"line":16,"column":9}},"5":{"start":{"line":9,"column":16},"end":{"line":9,"column":76}},"6":{"start":{"line":10,"column":21},"end":{"line":12,"column":5}},"7":{"start":{"line":11,"column":6},"end":{"line":11,"column":57}},"8":{"start":{"line":13,"column":4},"end":{"line":13,"column":45}},"9":{"start":{"line":14,"column":4},"end":{"line":14,"column":55}},"10":{"start":{"line":15,"column":4},"end":{"line":15,"column":61}},"11":{"start":{"line":15,"column":17},"end":{"line":15,"column":60}},"12":{"start":{"line":18,"column":2},"end":{"line":18,"column":20}}},"fnMap":{"0":{"name":"useIsMobile","decl":{"start":{"line":5,"column":16},"end":{"line":5,"column":27}},"loc":{"start":{"line":5,"column":27},"end":{"line":19,"column":1}}},"1":{"name":"(anonymous_1)","decl":{"start":{"line":8,"column":18},"end":{"line":8,"column":21}},"loc":{"start":{"line":8,"column":23},"end":{"line":16,"column":3}}},"2":{"name":"(anonymous_2)","decl":{"start":{"line":10,"column":21},"end":{"line":10,"column":24}},"loc":{"start":{"line":10,"column":26},"end":{"line":12,"column":5}}},"3":{"name":"(anonymous_3)","decl":{"start":{"line":15,"column":11},"end":{"line":15,"column":14}},"loc":{"start":{"line":15,"column":17},"end":{"line":15,"column":60}}}},"branchMap":{},"s":{"0":0,"1":0,"2":0,"3":0,"4":0,"5":0,"6":0,"7":0,"8":0,"9":0,"10":0,"11":0,"12":0},"f":{"0":0,"1":0,"2":0,"3":0},"b":{}}
,"D:\\Roshan\\friend-furlough\\src\\hooks\\useAsyncState.ts": {"path":"D:\\Roshan\\friend-furlough\\src\\hooks\\useAsyncState.ts","statementMap":{"0":{"start":{"line":1,"column":0},"end":{"line":1,"column":46}},"1":{"start":{"line":2,"column":0},"end":{"line":2,"column":71}},"2":{"start":{"line":14,"column":29},"end":{"line":61,"column":1}},"3":{"start":{"line":15,"column":28},"end":{"line":15,"column":56}},"4":{"start":{"line":16,"column":28},"end":{"line":16,"column":64}},"5":{"start":{"line":17,"column":26},"end":{"line":17,"column":45}},"6":{"start":{"line":19,"column":18},"end":{"line":38,"column":null}},"7":{"start":{"line":20,"column":42},"end":{"line":37,"column":null}},"8":{"start":{"line":21,"column":6},"end":{"line":21,"column":26}},"9":{"start":{"line":22,"column":6},"end":{"line":22,"column":21}},"10":{"start":{"line":24,"column":6},"end":{"line":36,"column":7}},"11":{"start":{"line":25,"column":23},"end":{"line":25,"column":38}},"12":{"start":{"line":26,"column":8},"end":{"line":26,"column":24}},"13":{"start":{"line":27,"column":8},"end":{"line":27,"column":28}},"14":{"start":{"line":28,"column":8},"end":{"line":28,"column":36}},"15":{"start":{"line":29,"column":8},"end":{"line":29,"column":22}},"16":{"start":{"line":31,"column":30},"end":{"line":31,"column":53}},"17":{"start":{"line":32,"column":8},"end":{"line":32,"column":32}},"18":{"start":{"line":33,"column":8},"end":{"line":33,"column":26}},"19":{"start":{"line":34,"column":8},"end":{"line":34,"column":41}},"20":{"start":{"line":35,"column":8},"end":{"line":35,"column":28}},"21":{"start":{"line":41,"column":16},"end":{"line":45,"column":8}},"22":{"start":{"line":42,"column":4},"end":{"line":42,"column":21}},"23":{"start":{"line":43,"column":4},"end":{"line":43,"column":19}},"24":{"start":{"line":44,"column":4},"end":{"line":44,"column":18}},"25":{"start":{"line":47,"column":20},"end":{"line":47,"column":39}},"26":{"start":{"line":48,"column":20},"end":{"line":48,"column":39}},"27":{"start":{"line":49,"column":18},"end":{"line":49,"column":35}},"28":{"start":{"line":51,"column":2},"end":{"line":60,"column":4}},"29":{"start":{"line":14,"column":13},"end":{"line":14,"column":29}}},"fnMap":{"0":{"name":"(anonymous_7)","decl":{"start":{"line":14,"column":29},"end":{"line":14,"column":30}},"loc":{"start":{"line":14,"column":68},"end":{"line":61,"column":1}}},"1":{"name":"(anonymous_8)","decl":{"start":{"line":20,"column":4},"end":{"line":20,"column":11}},"loc":{"start":{"line":20,"column":42},"end":{"line":37,"column":null}}},"2":{"name":"(anonymous_9)","decl":{"start":{"line":20,"column":42},"end":{"line":20,"column":null}},"loc":{"start":{"line":20,"column":42},"end":{"line":37,"column":5}}},"3":{"name":"(anonymous_10)","decl":{"start":{"line":41,"column":28},"end":{"line":41,"column":31}},"loc":{"start":{"line":41,"column":33},"end":{"line":45,"column":3}}}},"branchMap":{"0":{"loc":{"start":{"line":14,"column":30},"end":{"line":14,"column":64}},"type":"default-arg","locations":[{"start":{"line":14,"column":62},"end":{"line":14,"column":64}}]},"1":{"loc":{"start":{"line":28,"column":8},"end":{"line":28,"column":35}},"type":"cond-expr","locations":[{"start":{"line":28,"column":25},"end":{"line":28,"column":28}},{"start":{"line":28,"column":25},"end":{"line":28,"column":35}}]},"2":{"loc":{"start":{"line":28,"column":8},"end":{"line":28,"column":28}},"type":"binary-expr","locations":[{"start":{"line":28,"column":8},"end":{"line":28,"column":28}},{"start":{"line":28,"column":25},"end":{"line":28,"column":28}}]},"3":{"loc":{"start":{"line":34,"column":8},"end":{"line":34,"column":40}},"type":"cond-expr","locations":[{"start":{"line":34,"column":23},"end":{"line":34,"column":26}},{"start":{"line":34,"column":23},"end":{"line":34,"column":40}}]},"4":{"loc":{"start":{"line":34,"column":8},"end":{"line":34,"column":26}},"type":"binary-expr","locations":[{"start":{"line":34,"column":8},"end":{"line":34,"column":26}},{"start":{"line":34,"column":23},"end":{"line":34,"column":26}}]}},"s":{"0":0,"1":0,"2":0,"3":0,"4":0,"5":0,"6":0,"7":0,"8":0,"9":0,"10":0,"11":0,"12":0,"13":0,"14":0,"15":0,"16":0,"17":0,"18":0,"19":0,"20":0,"21":0,"22":0,"23":0,"24":0,"25":0,"26":0,"27":0,"28":0,"29":0},"f":{"0":0,"1":0,"2":0,"3":0},"b":{"0":[0],"1":[0,0],"2":[0,0],"3":[0,0],"4":[0,0]}}
,"D:\\Roshan\\friend-furlough\\src\\hooks\\useAutoRefresh.ts": {"path":"D:\\Roshan\\friend-furlough\\src\\hooks\\useAutoRefresh.ts","statementMap":{"0":{"start":{"line":1,"column":0},"end":{"line":1,"column":47}},"1":{"start":{"line":2,"column":0},"end":{"line":2,"column":55}},"2":{"start":{"line":3,"column":0},"end":{"line":3,"column":60}},"3":{"start":{"line":9,"column":30},"end":{"line":57,"column":1}},"4":{"start":{"line":14,"column":22},"end":{"line":14,"column":38}},"5":{"start":{"line":17,"column":25},"end":{"line":29,"column":39}},"6":{"start":{"line":17,"column":48},"end":{"line":29,"column":5}},"7":{"start":{"line":18,"column":4},"end":{"line":28,"column":5}},"8":{"start":{"line":20,"column":6},"end":{"line":22,"column":7}},"9":{"start":{"line":21,"column":8},"end":{"line":21,"column":65}},"10":{"start":{"line":23,"column":6},"end":{"line":23,"column":71}},"11":{"start":{"line":26,"column":6},"end":{"line":26,"column":44}},"12":{"start":{"line":27,"column":6},"end":{"line":27,"column":63}},"13":{"start":{"line":32,"column":18},"end":{"line":32,"column":51}},"14":{"start":{"line":35,"column":2},"end":{"line":41,"column":25}},"15":{"start":{"line":36,"column":4},"end":{"line":36,"column":64}},"16":{"start":{"line":38,"column":4},"end":{"line":40,"column":6}},"17":{"start":{"line":39,"column":6},"end":{"line":39,"column":59}},"18":{"start":{"line":44,"column":24},"end":{"line":46,"column":15}},"19":{"start":{"line":45,"column":4},"end":{"line":45,"column":50}},"20":{"start":{"line":49,"column":21},"end":{"line":51,"column":8}},"21":{"start":{"line":50,"column":4},"end":{"line":50,"column":54}},"22":{"start":{"line":53,"column":2},"end":{"line":56,"column":4}},"23":{"start":{"line":9,"column":13},"end":{"line":9,"column":30}},"24":{"start":{"line":64,"column":39},"end":{"line":66,"column":1}},"25":{"start":{"line":65,"column":2},"end":{"line":65,"column":83}},"26":{"start":{"line":64,"column":13},"end":{"line":64,"column":39}},"27":{"start":{"line":69,"column":37},"end":{"line":71,"column":1}},"28":{"start":{"line":70,"column":2},"end":{"line":70,"column":67}},"29":{"start":{"line":69,"column":13},"end":{"line":69,"column":37}},"30":{"start":{"line":74,"column":34},"end":{"line":76,"column":1}},"31":{"start":{"line":75,"column":2},"end":{"line":75,"column":82}},"32":{"start":{"line":74,"column":13},"end":{"line":74,"column":34}},"33":{"start":{"line":79,"column":37},"end":{"line":81,"column":1}},"34":{"start":{"line":80,"column":2},"end":{"line":80,"column":93}},"35":{"start":{"line":79,"column":13},"end":{"line":79,"column":37}},"36":{"start":{"line":84,"column":36},"end":{"line":86,"column":1}},"37":{"start":{"line":85,"column":2},"end":{"line":85,"column":79}},"38":{"start":{"line":84,"column":13},"end":{"line":84,"column":36}},"39":{"start":{"line":89,"column":43},"end":{"line":91,"column":1}},"40":{"start":{"line":90,"column":2},"end":{"line":90,"column":87}},"41":{"start":{"line":89,"column":13},"end":{"line":89,"column":43}}},"fnMap":{"0":{"name":"(anonymous_7)","decl":{"start":{"line":9,"column":30},"end":{"line":9,"column":null}},"loc":{"start":{"line":13,"column":4},"end":{"line":57,"column":1}}},"1":{"name":"(anonymous_8)","decl":{"start":{"line":17,"column":37},"end":{"line":17,"column":46}},"loc":{"start":{"line":17,"column":48},"end":{"line":29,"column":5}}},"2":{"name":"(anonymous_9)","decl":{"start":{"line":17,"column":48},"end":{"line":17,"column":null}},"loc":{"start":{"line":17,"column":48},"end":{"line":29,"column":3}}},"3":{"name":"(anonymous_10)","decl":{"start":{"line":35,"column":12},"end":{"line":35,"column":15}},"loc":{"start":{"line":35,"column":17},"end":{"line":41,"column":3}}},"4":{"name":"(anonymous_11)","decl":{"start":{"line":38,"column":11},"end":{"line":38,"column":14}},"loc":{"start":{"line":38,"column":16},"end":{"line":40,"column":5}}},"5":{"name":"(anonymous_12)","decl":{"start":{"line":44,"column":36},"end":{"line":44,"column":39}},"loc":{"start":{"line":44,"column":41},"end":{"line":46,"column":3}}},"6":{"name":"(anonymous_13)","decl":{"start":{"line":49,"column":33},"end":{"line":49,"column":36}},"loc":{"start":{"line":49,"column":38},"end":{"line":51,"column":3}}},"7":{"name":"(anonymous_14)","decl":{"start":{"line":64,"column":39},"end":{"line":64,"column":42}},"loc":{"start":{"line":64,"column":44},"end":{"line":66,"column":1}}},"8":{"name":"(anonymous_15)","decl":{"start":{"line":69,"column":37},"end":{"line":69,"column":40}},"loc":{"start":{"line":69,"column":42},"end":{"line":71,"column":1}}},"9":{"name":"(anonymous_16)","decl":{"start":{"line":74,"column":34},"end":{"line":74,"column":37}},"loc":{"start":{"line":74,"column":39},"end":{"line":76,"column":1}}},"10":{"name":"(anonymous_17)","decl":{"start":{"line":79,"column":37},"end":{"line":79,"column":40}},"loc":{"start":{"line":79,"column":42},"end":{"line":81,"column":1}}},"11":{"name":"(anonymous_18)","decl":{"start":{"line":84,"column":36},"end":{"line":84,"column":39}},"loc":{"start":{"line":84,"column":41},"end":{"line":86,"column":1}}},"12":{"name":"(anonymous_19)","decl":{"start":{"line":89,"column":43},"end":{"line":89,"column":46}},"loc":{"start":{"line":89,"column":48},"end":{"line":91,"column":1}}}},"branchMap":{"0":{"loc":{"start":{"line":18,"column":4},"end":{"line":28,"column":5}},"type":"if","locations":[{"start":{"line":18,"column":4},"end":{"line":28,"column":5}},{"start":{"line":24,"column":11},"end":{"line":28,"column":5}}]},"1":{"loc":{"start":{"line":18,"column":8},"end":{"line":18,"column":41}},"type":"binary-expr","locations":[{"start":{"line":18,"column":8},"end":{"line":18,"column":17}},{"start":{"line":18,"column":21},"end":{"line":18,"column":41}}]},"2":{"loc":{"start":{"line":32,"column":18},"end":{"line":32,"column":51}},"type":"binary-expr","locations":[{"start":{"line":32,"column":18},"end":{"line":32,"column":33}},{"start":{"line":32,"column":37},"end":{"line":32,"column":51}}]}},"s":{"0":0,"1":0,"2":0,"3":0,"4":0,"5":0,"6":0,"7":0,"8":0,"9":0,"10":0,"11":0,"12":0,"13":0,"14":0,"15":0,"16":0,"17":0,"18":0,"19":0,"20":0,"21":0,"22":0,"23":0,"24":0,"25":0,"26":0,"27":0,"28":0,"29":0,"30":0,"31":0,"32":0,"33":0,"34":0,"35":0,"36":0,"37":0,"38":0,"39":0,"40":0,"41":0},"f":{"0":0,"1":0,"2":0,"3":0,"4":0,"5":0,"6":0,"7":0,"8":0,"9":0,"10":0,"11":0,"12":0},"b":{"0":[0,0],"1":[0,0],"2":[0,0]}}
,"D:\\Roshan\\friend-furlough\\src\\hooks\\useConnectionStatus.ts": {"path":"D:\\Roshan\\friend-furlough\\src\\hooks\\useConnectionStatus.ts","statementMap":{"0":{"start":{"line":1,"column":0},"end":{"line":1,"column":44}},"1":{"start":{"line":2,"column":0},"end":{"line":2,"column":60}},"2":{"start":{"line":4,"column":35},"end":{"line":59,"column":1}},"3":{"start":{"line":5,"column":34},"end":{"line":5,"column":71}},"4":{"start":{"line":6,"column":46},"end":{"line":6,"column":61}},"5":{"start":{"line":8,"column":2},"end":{"line":49,"column":17}},"6":{"start":{"line":10,"column":24},"end":{"line":16,"column":6}},"7":{"start":{"line":11,"column":6},"end":{"line":11,"column":26}},"8":{"start":{"line":13,"column":6},"end":{"line":15,"column":7}},"9":{"start":{"line":14,"column":8},"end":{"line":14,"column":33}},"10":{"start":{"line":19,"column":31},"end":{"line":23,"column":5}},"11":{"start":{"line":20,"column":6},"end":{"line":20,"column":30}},"12":{"start":{"line":22,"column":6},"end":{"line":22,"column":55}},"13":{"start":{"line":22,"column":23},"end":{"line":22,"column":47}},"14":{"start":{"line":25,"column":30},"end":{"line":27,"column":5}},"15":{"start":{"line":26,"column":6},"end":{"line":26,"column":31}},"16":{"start":{"line":29,"column":4},"end":{"line":29,"column":71}},"17":{"start":{"line":32,"column":35},"end":{"line":40,"column":5}},"18":{"start":{"line":33,"column":6},"end":{"line":39,"column":7}},"19":{"start":{"line":34,"column":8},"end":{"line":34,"column":32}},"20":{"start":{"line":36,"column":8},"end":{"line":38,"column":16}},"21":{"start":{"line":37,"column":10},"end":{"line":37,"column":46}},"22":{"start":{"line":42,"column":4},"end":{"line":42,"column":74}},"23":{"start":{"line":44,"column":4},"end":{"line":48,"column":6}},"24":{"start":{"line":45,"column":6},"end":{"line":45,"column":20}},"25":{"start":{"line":46,"column":6},"end":{"line":46,"column":76}},"26":{"start":{"line":47,"column":6},"end":{"line":47,"column":79}},"27":{"start":{"line":51,"column":2},"end":{"line":58,"column":4}},"28":{"start":{"line":55,"column":6},"end":{"line":55,"column":30}},"29":{"start":{"line":56,"column":6},"end":{"line":56,"column":42}},"30":{"start":{"line":4,"column":13},"end":{"line":4,"column":35}}},"fnMap":{"0":{"name":"(anonymous_0)","decl":{"start":{"line":4,"column":35},"end":{"line":4,"column":38}},"loc":{"start":{"line":4,"column":40},"end":{"line":59,"column":1}}},"1":{"name":"(anonymous_1)","decl":{"start":{"line":8,"column":12},"end":{"line":8,"column":15}},"loc":{"start":{"line":8,"column":17},"end":{"line":49,"column":3}}},"2":{"name":"(anonymous_2)","decl":{"start":{"line":10,"column":61},"end":{"line":10,"column":62}},"loc":{"start":{"line":10,"column":72},"end":{"line":16,"column":5}}},"3":{"name":"(anonymous_3)","decl":{"start":{"line":19,"column":31},"end":{"line":19,"column":34}},"loc":{"start":{"line":19,"column":36},"end":{"line":23,"column":5}}},"4":{"name":"(anonymous_4)","decl":{"start":{"line":22,"column":17},"end":{"line":22,"column":20}},"loc":{"start":{"line":22,"column":23},"end":{"line":22,"column":47}}},"5":{"name":"(anonymous_5)","decl":{"start":{"line":25,"column":30},"end":{"line":25,"column":33}},"loc":{"start":{"line":25,"column":35},"end":{"line":27,"column":5}}},"6":{"name":"(anonymous_6)","decl":{"start":{"line":32,"column":35},"end":{"line":32,"column":38}},"loc":{"start":{"line":32,"column":40},"end":{"line":40,"column":5}}},"7":{"name":"(anonymous_7)","decl":{"start":{"line":36,"column":19},"end":{"line":36,"column":22}},"loc":{"start":{"line":36,"column":24},"end":{"line":38,"column":9}}},"8":{"name":"(anonymous_8)","decl":{"start":{"line":44,"column":11},"end":{"line":44,"column":14}},"loc":{"start":{"line":44,"column":16},"end":{"line":48,"column":5}}},"9":{"name":"(anonymous_9)","decl":{"start":{"line":54,"column":20},"end":{"line":54,"column":23}},"loc":{"start":{"line":54,"column":25},"end":{"line":57,"column":5}}}},"branchMap":{"0":{"loc":{"start":{"line":13,"column":6},"end":{"line":15,"column":7}},"type":"if","locations":[{"start":{"line":13,"column":6},"end":{"line":15,"column":7}},{"start":{},"end":{}}]},"1":{"loc":{"start":{"line":33,"column":6},"end":{"line":39,"column":7}},"type":"if","locations":[{"start":{"line":33,"column":6},"end":{"line":39,"column":7}},{"start":{},"end":{}}]},"2":{"loc":{"start":{"line":33,"column":10},"end":{"line":33,"column":61}},"type":"binary-expr","locations":[{"start":{"line":33,"column":10},"end":{"line":33,"column":48}},{"start":{"line":33,"column":52},"end":{"line":33,"column":61}}]}},"s":{"0":0,"1":0,"2":0,"3":0,"4":0,"5":0,"6":0,"7":0,"8":0,"9":0,"10":0,"11":0,"12":0,"13":0,"14":0,"15":0,"16":0,"17":0,"18":0,"19":0,"20":0,"21":0,"22":0,"23":0,"24":0,"25":0,"26":0,"27":0,"28":0,"29":0,"30":0},"f":{"0":0,"1":0,"2":0,"3":0,"4":0,"5":0,"6":0,"7":0,"8":0,"9":0},"b":{"0":[0,0],"1":[0,0],"2":[0,0]}}
,"D:\\Roshan\\friend-furlough\\src\\hooks\\useDataPreloader.ts": {"path":"D:\\Roshan\\friend-furlough\\src\\hooks\\useDataPreloader.ts","statementMap":{"0":{"start":{"line":1,"column":0},"end":{"line":1,"column":42}},"1":{"start":{"line":2,"column":0},"end":{"line":2,"column":50}},"2":{"start":{"line":3,"column":0},"end":{"line":3,"column":50}},"3":{"start":{"line":4,"column":0},"end":{"line":4,"column":58}},"4":{"start":{"line":7,"column":18},"end":{"line":7,"column":82}},"5":{"start":{"line":10,"column":22},"end":{"line":21,"column":1}},"6":{"start":{"line":11,"column":17},"end":{"line":11,"column":35}},"7":{"start":{"line":12,"column":2},"end":{"line":12,"column":27}},"8":{"start":{"line":12,"column":15},"end":{"line":12,"column":27}},"9":{"start":{"line":14,"column":14},"end":{"line":14,"column":24}},"10":{"start":{"line":15,"column":2},"end":{"line":18,"column":3}},"11":{"start":{"line":16,"column":4},"end":{"line":16,"column":26}},"12":{"start":{"line":17,"column":4},"end":{"line":17,"column":16}},"13":{"start":{"line":20,"column":2},"end":{"line":20,"column":21}},"14":{"start":{"line":24,"column":22},"end":{"line":26,"column":1}},"15":{"start":{"line":25,"column":2},"end":{"line":25,"column":59}},"16":{"start":{"line":29,"column":41},"end":{"line":60,"column":1}},"17":{"start":{"line":30,"column":19},"end":{"line":30,"column":33}},"18":{"start":{"line":31,"column":32},"end":{"line":31,"column":46}},"19":{"start":{"line":32,"column":23},"end":{"line":32,"column":36}},"20":{"start":{"line":34,"column":2},"end":{"line":59,"column":36}},"21":{"start":{"line":35,"column":4},"end":{"line":35,"column":50}},"22":{"start":{"line":35,"column":43},"end":{"line":35,"column":50}},"23":{"start":{"line":37,"column":33},"end":{"line":54,"column":6}},"24":{"start":{"line":37,"column":44},"end":{"line":54,"column":6}},"25":{"start":{"line":38,"column":6},"end":{"line":53,"column":7}},"26":{"start":{"line":39,"column":25},"end":{"line":39,"column":51}},"27":{"start":{"line":40,"column":23},"end":{"line":40,"column":46}},"28":{"start":{"line":42,"column":8},"end":{"line":45,"column":9}},"29":{"start":{"line":43,"column":10},"end":{"line":43,"column":60}},"30":{"start":{"line":44,"column":10},"end":{"line":44,"column":17}},"31":{"start":{"line":47,"column":8},"end":{"line":47,"column":54}},"32":{"start":{"line":48,"column":8},"end":{"line":48,"column":41}},"33":{"start":{"line":49,"column":8},"end":{"line":49,"column":38}},"34":{"start":{"line":50,"column":8},"end":{"line":50,"column":36}},"35":{"start":{"line":52,"column":8},"end":{"line":52,"column":67}},"36":{"start":{"line":57,"column":22},"end":{"line":57,"column":59}},"37":{"start":{"line":58,"column":4},"end":{"line":58,"column":41}},"38":{"start":{"line":58,"column":17},"end":{"line":58,"column":40}},"39":{"start":{"line":29,"column":13},"end":{"line":29,"column":41}},"40":{"start":{"line":63,"column":35},"end":{"line":112,"column":1}},"41":{"start":{"line":64,"column":23},"end":{"line":64,"column":48}},"42":{"start":{"line":66,"column":2},"end":{"line":105,"column":15}},"43":{"start":{"line":67,"column":4},"end":{"line":67,"column":60}},"44":{"start":{"line":67,"column":53},"end":{"line":67,"column":60}},"45":{"start":{"line":69,"column":27},"end":{"line":100,"column":6}},"46":{"start":{"line":69,"column":38},"end":{"line":100,"column":6}},"47":{"start":{"line":70,"column":6},"end":{"line":99,"column":7}},"48":{"start":{"line":71,"column":25},"end":{"line":71,"column":44}},"49":{"start":{"line":72,"column":23},"end":{"line":72,"column":46}},"50":{"start":{"line":74,"column":8},"end":{"line":77,"column":9}},"51":{"start":{"line":75,"column":10},"end":{"line":75,"column":68}},"52":{"start":{"line":76,"column":10},"end":{"line":76,"column":17}},"53":{"start":{"line":79,"column":8},"end":{"line":79,"column":62}},"54":{"start":{"line":82,"column":30},"end":{"line":88,"column":10}},"55":{"start":{"line":82,"column":70},"end":{"line":85,"column":10}},"56":{"start":{"line":83,"column":39},"end":{"line":83,"column":95}},"57":{"start":{"line":84,"column":10},"end":{"line":84,"column":42}},"58":{"start":{"line":86,"column":10},"end":{"line":86,"column":61}},"59":{"start":{"line":87,"column":10},"end":{"line":87,"column":22}},"60":{"start":{"line":91,"column":8},"end":{"line":93,"column":9}},"61":{"start":{"line":92,"column":10},"end":{"line":92,"column":62}},"62":{"start":{"line":95,"column":8},"end":{"line":95,"column":38}},"63":{"start":{"line":96,"column":8},"end":{"line":96,"column":41}},"64":{"start":{"line":98,"column":8},"end":{"line":98,"column":75}},"65":{"start":{"line":103,"column":22},"end":{"line":103,"column":53}},"66":{"start":{"line":104,"column":4},"end":{"line":104,"column":41}},"67":{"start":{"line":104,"column":17},"end":{"line":104,"column":40}},"68":{"start":{"line":108,"column":2},"end":{"line":111,"column":4}},"69":{"start":{"line":109,"column":28},"end":{"line":109,"column":70}},"70":{"start":{"line":110,"column":26},"end":{"line":110,"column":66}},"71":{"start":{"line":63,"column":13},"end":{"line":63,"column":35}},"72":{"start":{"line":115,"column":37},"end":{"line":167,"column":1}},"73":{"start":{"line":116,"column":23},"end":{"line":116,"column":36}},"74":{"start":{"line":118,"column":2},"end":{"line":162,"column":9}},"75":{"start":{"line":119,"column":4},"end":{"line":119,"column":37}},"76":{"start":{"line":119,"column":30},"end":{"line":119,"column":37}},"77":{"start":{"line":121,"column":29},"end":{"line":157,"column":6}},"78":{"start":{"line":121,"column":40},"end":{"line":157,"column":6}},"79":{"start":{"line":122,"column":6},"end":{"line":156,"column":7}},"80":{"start":{"line":123,"column":25},"end":{"line":123,"column":42}},"81":{"start":{"line":124,"column":23},"end":{"line":124,"column":46}},"82":{"start":{"line":126,"column":8},"end":{"line":129,"column":9}},"83":{"start":{"line":127,"column":10},"end":{"line":127,"column":57}},"84":{"start":{"line":128,"column":10},"end":{"line":128,"column":17}},"85":{"start":{"line":131,"column":8},"end":{"line":131,"column":56}},"86":{"start":{"line":133,"column":29},"end":{"line":133,"column":75}},"87":{"start":{"line":134,"column":23},"end":{"line":150,"column":37}},"88":{"start":{"line":134,"column":66},"end":{"line":150,"column":11}},"89":{"start":{"line":135,"column":10},"end":{"line":149,"column":23}},"90":{"start":{"line":152,"column":8},"end":{"line":152,"column":45}},"91":{"start":{"line":153,"column":8},"end":{"line":153,"column":36}},"92":{"start":{"line":155,"column":8},"end":{"line":155,"column":69}},"93":{"start":{"line":160,"column":22},"end":{"line":160,"column":55}},"94":{"start":{"line":161,"column":4},"end":{"line":161,"column":41}},"95":{"start":{"line":161,"column":17},"end":{"line":161,"column":40}},"96":{"start":{"line":164,"column":2},"end":{"line":166,"column":4}},"97":{"start":{"line":165,"column":26},"end":{"line":165,"column":58}},"98":{"start":{"line":115,"column":13},"end":{"line":115,"column":37}},"99":{"start":{"line":170,"column":35},"end":{"line":215,"column":1}},"100":{"start":{"line":171,"column":19},"end":{"line":171,"column":33}},"101":{"start":{"line":172,"column":23},"end":{"line":172,"column":36}},"102":{"start":{"line":174,"column":2},"end":{"line":210,"column":17}},"103":{"start":{"line":175,"column":4},"end":{"line":175,"column":50}},"104":{"start":{"line":175,"column":43},"end":{"line":175,"column":50}},"105":{"start":{"line":177,"column":27},"end":{"line":205,"column":6}},"106":{"start":{"line":177,"column":38},"end":{"line":205,"column":6}},"107":{"start":{"line":178,"column":6},"end":{"line":204,"column":7}},"108":{"start":{"line":179,"column":25},"end":{"line":179,"column":51}},"109":{"start":{"line":180,"column":23},"end":{"line":180,"column":46}},"110":{"start":{"line":182,"column":8},"end":{"line":185,"column":9}},"111":{"start":{"line":183,"column":10},"end":{"line":183,"column":55}},"112":{"start":{"line":184,"column":10},"end":{"line":184,"column":17}},"113":{"start":{"line":187,"column":8},"end":{"line":187,"column":54}},"114":{"start":{"line":189,"column":29},"end":{"line":189,"column":75}},"115":{"start":{"line":190,"column":23},"end":{"line":198,"column":35}},"116":{"start":{"line":190,"column":66},"end":{"line":198,"column":11}},"117":{"start":{"line":191,"column":10},"end":{"line":197,"column":23}},"118":{"start":{"line":200,"column":8},"end":{"line":200,"column":45}},"119":{"start":{"line":201,"column":8},"end":{"line":201,"column":36}},"120":{"start":{"line":203,"column":8},"end":{"line":203,"column":67}},"121":{"start":{"line":208,"column":22},"end":{"line":208,"column":53}},"122":{"start":{"line":209,"column":4},"end":{"line":209,"column":41}},"123":{"start":{"line":209,"column":17},"end":{"line":209,"column":40}},"124":{"start":{"line":212,"column":2},"end":{"line":214,"column":4}},"125":{"start":{"line":213,"column":26},"end":{"line":213,"column":68}},"126":{"start":{"line":170,"column":13},"end":{"line":170,"column":35}},"127":{"start":{"line":218,"column":35},"end":{"line":226,"column":1}},"128":{"start":{"line":219,"column":2},"end":{"line":219,"column":30}},"129":{"start":{"line":218,"column":13},"end":{"line":218,"column":35}},"130":{"start":{"line":229,"column":30},"end":{"line":232,"column":1}},"131":{"start":{"line":230,"column":2},"end":{"line":230,"column":20}},"132":{"start":{"line":231,"column":2},"end":{"line":231,"column":39}},"133":{"start":{"line":229,"column":13},"end":{"line":229,"column":30}}},"fnMap":{"0":{"name":"(anonymous_7)","decl":{"start":{"line":10,"column":22},"end":{"line":10,"column":23}},"loc":{"start":{"line":10,"column":38},"end":{"line":21,"column":1}}},"1":{"name":"(anonymous_8)","decl":{"start":{"line":24,"column":22},"end":{"line":24,"column":23}},"loc":{"start":{"line":24,"column":70},"end":{"line":26,"column":1}}},"2":{"name":"(anonymous_9)","decl":{"start":{"line":29,"column":41},"end":{"line":29,"column":44}},"loc":{"start":{"line":29,"column":46},"end":{"line":60,"column":1}}},"3":{"name":"(anonymous_10)","decl":{"start":{"line":34,"column":12},"end":{"line":34,"column":15}},"loc":{"start":{"line":34,"column":17},"end":{"line":59,"column":3}}},"4":{"name":"(anonymous_11)","decl":{"start":{"line":37,"column":33},"end":{"line":37,"column":42}},"loc":{"start":{"line":37,"column":44},"end":{"line":54,"column":6}}},"5":{"name":"(anonymous_12)","decl":{"start":{"line":37,"column":44},"end":{"line":37,"column":null}},"loc":{"start":{"line":37,"column":44},"end":{"line":54,"column":5}}},"6":{"name":"(anonymous_13)","decl":{"start":{"line":58,"column":11},"end":{"line":58,"column":14}},"loc":{"start":{"line":58,"column":17},"end":{"line":58,"column":40}}},"7":{"name":"(anonymous_14)","decl":{"start":{"line":63,"column":35},"end":{"line":63,"column":36}},"loc":{"start":{"line":63,"column":55},"end":{"line":112,"column":1}}},"8":{"name":"(anonymous_15)","decl":{"start":{"line":66,"column":12},"end":{"line":66,"column":15}},"loc":{"start":{"line":66,"column":17},"end":{"line":105,"column":3}}},"9":{"name":"(anonymous_16)","decl":{"start":{"line":69,"column":27},"end":{"line":69,"column":36}},"loc":{"start":{"line":69,"column":38},"end":{"line":100,"column":6}}},"10":{"name":"(anonymous_17)","decl":{"start":{"line":69,"column":38},"end":{"line":69,"column":null}},"loc":{"start":{"line":69,"column":38},"end":{"line":100,"column":5}}},"11":{"name":"(anonymous_18)","decl":{"start":{"line":82,"column":59},"end":{"line":82,"column":68}},"loc":{"start":{"line":82,"column":70},"end":{"line":85,"column":10}}},"12":{"name":"(anonymous_19)","decl":{"start":{"line":82,"column":70},"end":{"line":82,"column":null}},"loc":{"start":{"line":82,"column":70},"end":{"line":85,"column":9}}},"13":{"name":"(anonymous_20)","decl":{"start":{"line":83,"column":39},"end":{"line":83,"column":52}},"loc":{"start":{"line":83,"column":39},"end":{"line":83,"column":95}}},"14":{"name":"(anonymous_21)","decl":{"start":{"line":85,"column":17},"end":{"line":85,"column":18}},"loc":{"start":{"line":85,"column":27},"end":{"line":88,"column":9}}},"15":{"name":"(anonymous_22)","decl":{"start":{"line":104,"column":11},"end":{"line":104,"column":14}},"loc":{"start":{"line":104,"column":17},"end":{"line":104,"column":40}}},"16":{"name":"(anonymous_23)","decl":{"start":{"line":109,"column":22},"end":{"line":109,"column":25}},"loc":{"start":{"line":109,"column":28},"end":{"line":109,"column":70}}},"17":{"name":"(anonymous_24)","decl":{"start":{"line":110,"column":20},"end":{"line":110,"column":23}},"loc":{"start":{"line":110,"column":26},"end":{"line":110,"column":66}}},"18":{"name":"(anonymous_25)","decl":{"start":{"line":115,"column":37},"end":{"line":115,"column":40}},"loc":{"start":{"line":115,"column":42},"end":{"line":167,"column":1}}},"19":{"name":"(anonymous_26)","decl":{"start":{"line":118,"column":12},"end":{"line":118,"column":15}},"loc":{"start":{"line":118,"column":17},"end":{"line":162,"column":3}}},"20":{"name":"(anonymous_27)","decl":{"start":{"line":121,"column":29},"end":{"line":121,"column":38}},"loc":{"start":{"line":121,"column":40},"end":{"line":157,"column":6}}},"21":{"name":"(anonymous_28)","decl":{"start":{"line":121,"column":40},"end":{"line":121,"column":null}},"loc":{"start":{"line":121,"column":40},"end":{"line":157,"column":5}}},"22":{"name":"(anonymous_29)","decl":{"start":{"line":133,"column":29},"end":{"line":133,"column":42}},"loc":{"start":{"line":133,"column":29},"end":{"line":133,"column":75}}},"23":{"name":"(anonymous_30)","decl":{"start":{"line":134,"column":55},"end":{"line":134,"column":64}},"loc":{"start":{"line":134,"column":66},"end":{"line":150,"column":11}}},"24":{"name":"(anonymous_31)","decl":{"start":{"line":134,"column":66},"end":{"line":134,"column":null}},"loc":{"start":{"line":134,"column":66},"end":{"line":150,"column":9}}},"25":{"name":"(anonymous_32)","decl":{"start":{"line":161,"column":11},"end":{"line":161,"column":14}},"loc":{"start":{"line":161,"column":17},"end":{"line":161,"column":40}}},"26":{"name":"(anonymous_33)","decl":{"start":{"line":165,"column":20},"end":{"line":165,"column":23}},"loc":{"start":{"line":165,"column":26},"end":{"line":165,"column":58}}},"27":{"name":"(anonymous_34)","decl":{"start":{"line":170,"column":35},"end":{"line":170,"column":38}},"loc":{"start":{"line":170,"column":40},"end":{"line":215,"column":1}}},"28":{"name":"(anonymous_35)","decl":{"start":{"line":174,"column":12},"end":{"line":174,"column":15}},"loc":{"start":{"line":174,"column":17},"end":{"line":210,"column":3}}},"29":{"name":"(anonymous_36)","decl":{"start":{"line":177,"column":27},"end":{"line":177,"column":36}},"loc":{"start":{"line":177,"column":38},"end":{"line":205,"column":6}}},"30":{"name":"(anonymous_37)","decl":{"start":{"line":177,"column":38},"end":{"line":177,"column":null}},"loc":{"start":{"line":177,"column":38},"end":{"line":205,"column":5}}},"31":{"name":"(anonymous_38)","decl":{"start":{"line":189,"column":29},"end":{"line":189,"column":42}},"loc":{"start":{"line":189,"column":29},"end":{"line":189,"column":75}}},"32":{"name":"(anonymous_39)","decl":{"start":{"line":190,"column":55},"end":{"line":190,"column":64}},"loc":{"start":{"line":190,"column":66},"end":{"line":198,"column":11}}},"33":{"name":"(anonymous_40)","decl":{"start":{"line":190,"column":66},"end":{"line":190,"column":null}},"loc":{"start":{"line":190,"column":66},"end":{"line":198,"column":9}}},"34":{"name":"(anonymous_41)","decl":{"start":{"line":209,"column":11},"end":{"line":209,"column":14}},"loc":{"start":{"line":209,"column":17},"end":{"line":209,"column":40}}},"35":{"name":"(anonymous_42)","decl":{"start":{"line":213,"column":20},"end":{"line":213,"column":23}},"loc":{"start":{"line":213,"column":26},"end":{"line":213,"column":68}}},"36":{"name":"(anonymous_43)","decl":{"start":{"line":218,"column":35},"end":{"line":218,"column":38}},"loc":{"start":{"line":218,"column":40},"end":{"line":226,"column":1}}},"37":{"name":"(anonymous_44)","decl":{"start":{"line":229,"column":30},"end":{"line":229,"column":33}},"loc":{"start":{"line":229,"column":35},"end":{"line":232,"column":1}}}},"branchMap":{"0":{"loc":{"start":{"line":12,"column":2},"end":{"line":12,"column":27}},"type":"if","locations":[{"start":{"line":12,"column":2},"end":{"line":12,"column":27}},{"start":{},"end":{}}]},"1":{"loc":{"start":{"line":15,"column":2},"end":{"line":18,"column":3}},"type":"if","locations":[{"start":{"line":15,"column":2},"end":{"line":18,"column":3}},{"start":{},"end":{}}]},"2":{"loc":{"start":{"line":24,"column":47},"end":{"line":24,"column":66}},"type":"default-arg","locations":[{"start":{"line":24,"column":53},"end":{"line":24,"column":66}}]},"3":{"loc":{"start":{"line":35,"column":4},"end":{"line":35,"column":50}},"type":"if","locations":[{"start":{"line":35,"column":4},"end":{"line":35,"column":50}},{"start":{},"end":{}}]},"4":{"loc":{"start":{"line":35,"column":8},"end":{"line":35,"column":41}},"type":"binary-expr","locations":[{"start":{"line":35,"column":8},"end":{"line":35,"column":21}},{"start":{"line":35,"column":21},"end":{"line":35,"column":41}}]},"5":{"loc":{"start":{"line":35,"column":9},"end":{"line":35,"column":17}},"type":"cond-expr","locations":[{"start":{"line":35,"column":13},"end":{"line":35,"column":15}},{"start":{"line":35,"column":9},"end":{"line":35,"column":17}}]},"6":{"loc":{"start":{"line":35,"column":9},"end":{"line":35,"column":15}},"type":"binary-expr","locations":[{"start":{"line":35,"column":9},"end":{"line":35,"column":15}},{"start":{"line":35,"column":9},"end":{"line":35,"column":15}}]},"7":{"loc":{"start":{"line":42,"column":8},"end":{"line":45,"column":9}},"type":"if","locations":[{"start":{"line":42,"column":8},"end":{"line":45,"column":9}},{"start":{},"end":{}}]},"8":{"loc":{"start":{"line":59,"column":6},"end":{"line":59,"column":14}},"type":"cond-expr","locations":[{"start":{"line":59,"column":10},"end":{"line":59,"column":12}},{"start":{"line":59,"column":6},"end":{"line":59,"column":14}}]},"9":{"loc":{"start":{"line":59,"column":6},"end":{"line":59,"column":12}},"type":"binary-expr","locations":[{"start":{"line":59,"column":6},"end":{"line":59,"column":12}},{"start":{"line":59,"column":6},"end":{"line":59,"column":12}}]},"10":{"loc":{"start":{"line":67,"column":4},"end":{"line":67,"column":60}},"type":"if","locations":[{"start":{"line":67,"column":4},"end":{"line":67,"column":60}},{"start":{},"end":{}}]},"11":{"loc":{"start":{"line":67,"column":8},"end":{"line":67,"column":51}},"type":"binary-expr","locations":[{"start":{"line":67,"column":8},"end":{"line":67,"column":15}},{"start":{"line":67,"column":19},"end":{"line":67,"column":51}}]},"12":{"loc":{"start":{"line":74,"column":8},"end":{"line":77,"column":9}},"type":"if","locations":[{"start":{"line":74,"column":8},"end":{"line":77,"column":9}},{"start":{},"end":{}}]},"13":{"loc":{"start":{"line":91,"column":8},"end":{"line":93,"column":9}},"type":"if","locations":[{"start":{"line":91,"column":8},"end":{"line":93,"column":9}},{"start":{},"end":{}}]},"14":{"loc":{"start":{"line":119,"column":4},"end":{"line":119,"column":37}},"type":"if","locations":[{"start":{"line":119,"column":4},"end":{"line":119,"column":37}},{"start":{},"end":{}}]},"15":{"loc":{"start":{"line":126,"column":8},"end":{"line":129,"column":9}},"type":"if","locations":[{"start":{"line":126,"column":8},"end":{"line":129,"column":9}},{"start":{},"end":{}}]},"16":{"loc":{"start":{"line":175,"column":4},"end":{"line":175,"column":50}},"type":"if","locations":[{"start":{"line":175,"column":4},"end":{"line":175,"column":50}},{"start":{},"end":{}}]},"17":{"loc":{"start":{"line":175,"column":8},"end":{"line":175,"column":41}},"type":"binary-expr","locations":[{"start":{"line":175,"column":8},"end":{"line":175,"column":21}},{"start":{"line":175,"column":21},"end":{"line":175,"column":41}}]},"18":{"loc":{"start":{"line":175,"column":9},"end":{"line":175,"column":17}},"type":"cond-expr","locations":[{"start":{"line":175,"column":13},"end":{"line":175,"column":15}},{"start":{"line":175,"column":9},"end":{"line":175,"column":17}}]},"19":{"loc":{"start":{"line":175,"column":9},"end":{"line":175,"column":15}},"type":"binary-expr","locations":[{"start":{"line":175,"column":9},"end":{"line":175,"column":15}},{"start":{"line":175,"column":9},"end":{"line":175,"column":15}}]},"20":{"loc":{"start":{"line":182,"column":8},"end":{"line":185,"column":9}},"type":"if","locations":[{"start":{"line":182,"column":8},"end":{"line":185,"column":9}},{"start":{},"end":{}}]},"21":{"loc":{"start":{"line":210,"column":6},"end":{"line":210,"column":14}},"type":"cond-expr","locations":[{"start":{"line":210,"column":10},"end":{"line":210,"column":12}},{"start":{"line":210,"column":6},"end":{"line":210,"column":14}}]},"22":{"loc":{"start":{"line":210,"column":6},"end":{"line":210,"column":12}},"type":"binary-expr","locations":[{"start":{"line":210,"column":6},"end":{"line":210,"column":12}},{"start":{"line":210,"column":6},"end":{"line":210,"column":12}}]},"23":{"loc":{"start":{"line":213,"column":57},"end":{"line":213,"column":65}},"type":"cond-expr","locations":[{"start":{"line":213,"column":61},"end":{"line":213,"column":63}},{"start":{"line":213,"column":57},"end":{"line":213,"column":65}}]},"24":{"loc":{"start":{"line":213,"column":57},"end":{"line":213,"column":63}},"type":"binary-expr","locations":[{"start":{"line":213,"column":57},"end":{"line":213,"column":63}},{"start":{"line":213,"column":57},"end":{"line":213,"column":63}}]}},"s":{"0":0,"1":0,"2":0,"3":0,"4":0,"5":0,"6":0,"7":0,"8":0,"9":0,"10":0,"11":0,"12":0,"13":0,"14":0,"15":0,"16":0,"17":0,"18":0,"19":0,"20":0,"21":0,"22":0,"23":0,"24":0,"25":0,"26":0,"27":0,"28":0,"29":0,"30":0,"31":0,"32":0,"33":0,"34":0,"35":0,"36":0,"37":0,"38":0,"39":0,"40":0,"41":0,"42":0,"43":0,"44":0,"45":0,"46":0,"47":0,"48":0,"49":0,"50":0,"51":0,"52":0,"53":0,"54":0,"55":0,"56":0,"57":0,"58":0,"59":0,"60":0,"61":0,"62":0,"63":0,"64":0,"65":0,"66":0,"67":0,"68":0,"69":0,"70":0,"71":0,"72":0,"73":0,"74":0,"75":0,"76":0,"77":0,"78":0,"79":0,"80":0,"81":0,"82":0,"83":0,"84":0,"85":0,"86":0,"87":0,"88":0,"89":0,"90":0,"91":0,"92":0,"93":0,"94":0,"95":0,"96":0,"97":0,"98":0,"99":0,"100":0,"101":0,"102":0,"103":0,"104":0,"105":0,"106":0,"107":0,"108":0,"109":0,"110":0,"111":0,"112":0,"113":0,"114":0,"115":0,"116":0,"117":0,"118":0,"119":0,"120":0,"121":0,"122":0,"123":0,"124":0,"125":0,"126":0,"127":0,"128":0,"129":0,"130":0,"131":0,"132":0,"133":0},"f":{"0":0,"1":0,"2":0,"3":0,"4":0,"5":0,"6":0,"7":0,"8":0,"9":0,"10":0,"11":0,"12":0,"13":0,"14":0,"15":0,"16":0,"17":0,"18":0,"19":0,"20":0,"21":0,"22":0,"23":0,"24":0,"25":0,"26":0,"27":0,"28":0,"29":0,"30":0,"31":0,"32":0,"33":0,"34":0,"35":0,"36":0,"37":0},"b":{"0":[0,0],"1":[0,0],"2":[0],"3":[0,0],"4":[0,0],"5":[0,0],"6":[0,0],"7":[0,0],"8":[0,0],"9":[0,0],"10":[0,0],"11":[0,0],"12":[0,0],"13":[0,0],"14":[0,0],"15":[0,0],"16":[0,0],"17":[0,0],"18":[0,0],"19":[0,0],"20":[0,0],"21":[0,0],"22":[0,0],"23":[0,0],"24":[0,0]}}
,"D:\\Roshan\\friend-furlough\\src\\hooks\\useDebounce.ts": {"path":"D:\\Roshan\\friend-furlough\\src\\hooks\\useDebounce.ts","statementMap":{"0":{"start":{"line":11,"column":0},"end":{"line":11,"column":16}},"1":{"start":{"line":36,"column":0},"end":{"line":36,"column":16}},"2":{"start":{"line":1,"column":0},"end":{"line":1,"column":44}},"3":{"start":{"line":12,"column":46},"end":{"line":12,"column":64}},"4":{"start":{"line":14,"column":2},"end":{"line":24,"column":21}},"5":{"start":{"line":16,"column":20},"end":{"line":18,"column":13}},"6":{"start":{"line":17,"column":6},"end":{"line":17,"column":31}},"7":{"start":{"line":21,"column":4},"end":{"line":23,"column":6}},"8":{"start":{"line":22,"column":6},"end":{"line":22,"column":28}},"9":{"start":{"line":26,"column":2},"end":{"line":26,"column":24}},"10":{"start":{"line":40,"column":36},"end":{"line":40,"column":73}},"11":{"start":{"line":42,"column":2},"end":{"line":52,"column":4}},"12":{"start":{"line":43,"column":4},"end":{"line":45,"column":5}},"13":{"start":{"line":44,"column":6},"end":{"line":44,"column":30}},"14":{"start":{"line":47,"column":25},"end":{"line":49,"column":13}},"15":{"start":{"line":48,"column":6},"end":{"line":48,"column":24}},"16":{"start":{"line":51,"column":4},"end":{"line":51,"column":31}}},"fnMap":{"0":{"name":"useDebounce","decl":{"start":{"line":11,"column":16},"end":{"line":11,"column":27}},"loc":{"start":{"line":11,"column":60},"end":{"line":27,"column":1}}},"1":{"name":"(anonymous_1)","decl":{"start":{"line":14,"column":12},"end":{"line":14,"column":15}},"loc":{"start":{"line":14,"column":17},"end":{"line":24,"column":3}}},"2":{"name":"(anonymous_2)","decl":{"start":{"line":16,"column":31},"end":{"line":16,"column":34}},"loc":{"start":{"line":16,"column":36},"end":{"line":18,"column":5}}},"3":{"name":"(anonymous_3)","decl":{"start":{"line":21,"column":11},"end":{"line":21,"column":14}},"loc":{"start":{"line":21,"column":16},"end":{"line":23,"column":5}}},"4":{"name":"useDebouncedCallback","decl":{"start":{"line":36,"column":16},"end":{"line":36,"column":36}},"loc":{"start":{"line":38,"column":21},"end":{"line":53,"column":1}}},"5":{"name":"(anonymous_5)","decl":{"start":{"line":42,"column":9},"end":{"line":42,"column":10}},"loc":{"start":{"line":42,"column":36},"end":{"line":52,"column":3}}},"6":{"name":"(anonymous_6)","decl":{"start":{"line":47,"column":36},"end":{"line":47,"column":39}},"loc":{"start":{"line":47,"column":41},"end":{"line":49,"column":5}}}},"branchMap":{"0":{"loc":{"start":{"line":11,"column":41},"end":{"line":11,"column":60}},"type":"default-arg","locations":[{"start":{"line":11,"column":57},"end":{"line":11,"column":60}}]},"1":{"loc":{"start":{"line":38,"column":2},"end":{"line":38,"column":21}},"type":"default-arg","locations":[{"start":{"line":38,"column":18},"end":{"line":38,"column":21}}]},"2":{"loc":{"start":{"line":43,"column":4},"end":{"line":45,"column":5}},"type":"if","locations":[{"start":{"line":43,"column":4},"end":{"line":45,"column":5}},{"start":{},"end":{}}]}},"s":{"0":0,"1":0,"2":0,"3":0,"4":0,"5":0,"6":0,"7":0,"8":0,"9":0,"10":0,"11":0,"12":0,"13":0,"14":0,"15":0,"16":0},"f":{"0":0,"1":0,"2":0,"3":0,"4":0,"5":0,"6":0},"b":{"0":[0],"1":[0],"2":[0,0]}}
,"D:\\Roshan\\friend-furlough\\src\\hooks\\useFilteredData.ts": {"path":"D:\\Roshan\\friend-furlough\\src\\hooks\\useFilteredData.ts","statementMap":{"0":{"start":{"line":1,"column":0},"end":{"line":1,"column":55}},"1":{"start":{"line":14,"column":31},"end":{"line":75,"column":1}},"2":{"start":{"line":23,"column":71},"end":{"line":23,"column":78}},"3":{"start":{"line":26,"column":25},"end":{"line":35,"column":38}},"4":{"start":{"line":27,"column":4},"end":{"line":27,"column":62}},"5":{"start":{"line":27,"column":50},"end":{"line":27,"column":62}},"6":{"start":{"line":29,"column":4},"end":{"line":34,"column":6}},"7":{"start":{"line":30,"column":6},"end":{"line":33,"column":8}},"8":{"start":{"line":31,"column":22},"end":{"line":31,"column":55}},"9":{"start":{"line":32,"column":8},"end":{"line":32,"column":56}},"10":{"start":{"line":38,"column":19},"end":{"line":58,"column":31}},"11":{"start":{"line":39,"column":4},"end":{"line":57,"column":6}},"12":{"start":{"line":40,"column":6},"end":{"line":56,"column":8}},"13":{"start":{"line":41,"column":8},"end":{"line":43,"column":9}},"14":{"start":{"line":42,"column":10},"end":{"line":42,"column":43}},"15":{"start":{"line":45,"column":26},"end":{"line":45,"column":55}},"16":{"start":{"line":47,"column":8},"end":{"line":55,"column":9}},"17":{"start":{"line":49,"column":12},"end":{"line":49,"column":68}},"18":{"start":{"line":51,"column":12},"end":{"line":51,"column":70}},"19":{"start":{"line":54,"column":12},"end":{"line":54,"column":46}},"20":{"start":{"line":61,"column":17},"end":{"line":72,"column":24}},"21":{"start":{"line":62,"column":4},"end":{"line":62,"column":33}},"22":{"start":{"line":62,"column":17},"end":{"line":62,"column":33}},"23":{"start":{"line":64,"column":4},"end":{"line":71,"column":7}},"24":{"start":{"line":65,"column":21},"end":{"line":65,"column":36}},"25":{"start":{"line":66,"column":21},"end":{"line":66,"column":36}},"26":{"start":{"line":68,"column":6},"end":{"line":68,"column":70}},"27":{"start":{"line":68,"column":27},"end":{"line":68,"column":70}},"28":{"start":{"line":69,"column":6},"end":{"line":69,"column":70}},"29":{"start":{"line":69,"column":27},"end":{"line":69,"column":70}},"30":{"start":{"line":70,"column":6},"end":{"line":70,"column":15}},"31":{"start":{"line":74,"column":2},"end":{"line":74,"column":16}},"32":{"start":{"line":14,"column":13},"end":{"line":14,"column":31}},"33":{"start":{"line":80,"column":30},"end":{"line":108,"column":1}},"34":{"start":{"line":81,"column":32},"end":{"line":81,"column":72}},"35":{"start":{"line":83,"column":20},"end":{"line":85,"column":8}},"36":{"start":{"line":84,"column":4},"end":{"line":84,"column":44}},"37":{"start":{"line":84,"column":25},"end":{"line":84,"column":42}},"38":{"start":{"line":87,"column":23},"end":{"line":89,"column":8}},"39":{"start":{"line":88,"column":4},"end":{"line":88,"column":61}},"40":{"start":{"line":88,"column":25},"end":{"line":88,"column":59}},"41":{"start":{"line":88,"column":47},"end":{"line":88,"column":58}},"42":{"start":{"line":91,"column":23},"end":{"line":95,"column":8}},"43":{"start":{"line":92,"column":4},"end":{"line":94,"column":6}},"44":{"start":{"line":93,"column":6},"end":{"line":93,"column":52}},"45":{"start":{"line":93,"column":26},"end":{"line":93,"column":50}},"46":{"start":{"line":97,"column":23},"end":{"line":99,"column":8}},"47":{"start":{"line":98,"column":4},"end":{"line":98,"column":19}},"48":{"start":{"line":101,"column":2},"end":{"line":107,"column":4}},"49":{"start":{"line":80,"column":13},"end":{"line":80,"column":30}}},"fnMap":{"0":{"name":"(anonymous_0)","decl":{"start":{"line":14,"column":31},"end":{"line":14,"column":null}},"loc":{"start":{"line":22,"column":4},"end":{"line":75,"column":1}}},"1":{"name":"(anonymous_1)","decl":{"start":{"line":26,"column":33},"end":{"line":26,"column":36}},"loc":{"start":{"line":26,"column":38},"end":{"line":35,"column":3}}},"2":{"name":"(anonymous_2)","decl":{"start":{"line":29,"column":23},"end":{"line":29,"column":24}},"loc":{"start":{"line":30,"column":6},"end":{"line":33,"column":8}}},"3":{"name":"(anonymous_3)","decl":{"start":{"line":30,"column":24},"end":{"line":30,"column":25}},"loc":{"start":{"line":30,"column":34},"end":{"line":33,"column":7}}},"4":{"name":"(anonymous_4)","decl":{"start":{"line":38,"column":27},"end":{"line":38,"column":30}},"loc":{"start":{"line":38,"column":32},"end":{"line":58,"column":3}}},"5":{"name":"(anonymous_5)","decl":{"start":{"line":39,"column":33},"end":{"line":39,"column":34}},"loc":{"start":{"line":40,"column":6},"end":{"line":56,"column":8}}},"6":{"name":"(anonymous_6)","decl":{"start":{"line":40,"column":20},"end":{"line":40,"column":21}},"loc":{"start":{"line":40,"column":31},"end":{"line":56,"column":7}}},"7":{"name":"(anonymous_7)","decl":{"start":{"line":61,"column":25},"end":{"line":61,"column":28}},"loc":{"start":{"line":61,"column":30},"end":{"line":72,"column":3}}},"8":{"name":"(anonymous_8)","decl":{"start":{"line":64,"column":30},"end":{"line":64,"column":31}},"loc":{"start":{"line":64,"column":39},"end":{"line":71,"column":5}}},"9":{"name":"(anonymous_9)","decl":{"start":{"line":80,"column":30},"end":{"line":80,"column":31}},"loc":{"start":{"line":80,"column":70},"end":{"line":108,"column":1}}},"10":{"name":"(anonymous_10)","decl":{"start":{"line":83,"column":32},"end":{"line":83,"column":33}},"loc":{"start":{"line":83,"column":57},"end":{"line":85,"column":3}}},"11":{"name":"(anonymous_11)","decl":{"start":{"line":84,"column":15},"end":{"line":84,"column":16}},"loc":{"start":{"line":84,"column":25},"end":{"line":84,"column":42}}},"12":{"name":"(anonymous_12)","decl":{"start":{"line":87,"column":35},"end":{"line":87,"column":36}},"loc":{"start":{"line":87,"column":53},"end":{"line":89,"column":3}}},"13":{"name":"(anonymous_13)","decl":{"start":{"line":88,"column":15},"end":{"line":88,"column":16}},"loc":{"start":{"line":88,"column":25},"end":{"line":88,"column":59}}},"14":{"name":"(anonymous_14)","decl":{"start":{"line":88,"column":37},"end":{"line":88,"column":38}},"loc":{"start":{"line":88,"column":47},"end":{"line":88,"column":58}}},"15":{"name":"(anonymous_15)","decl":{"start":{"line":91,"column":35},"end":{"line":91,"column":36}},"loc":{"start":{"line":91,"column":75},"end":{"line":95,"column":3}}},"16":{"name":"(anonymous_16)","decl":{"start":{"line":92,"column":15},"end":{"line":92,"column":16}},"loc":{"start":{"line":93,"column":6},"end":{"line":93,"column":52}}},"17":{"name":"(anonymous_17)","decl":{"start":{"line":93,"column":15},"end":{"line":93,"column":16}},"loc":{"start":{"line":93,"column":26},"end":{"line":93,"column":50}}},"18":{"name":"(anonymous_18)","decl":{"start":{"line":97,"column":35},"end":{"line":97,"column":38}},"loc":{"start":{"line":97,"column":40},"end":{"line":99,"column":3}}}},"branchMap":{"0":{"loc":{"start":{"line":16,"column":2},"end":{"line":21,"column":8}},"type":"default-arg","locations":[{"start":{"line":21,"column":6},"end":{"line":21,"column":8}}]},"1":{"loc":{"start":{"line":23,"column":10},"end":{"line":23,"column":27}},"type":"default-arg","locations":[{"start":{"line":23,"column":25},"end":{"line":23,"column":27}}]},"2":{"loc":{"start":{"line":23,"column":29},"end":{"line":23,"column":44}},"type":"default-arg","locations":[{"start":{"line":23,"column":42},"end":{"line":23,"column":44}}]},"3":{"loc":{"start":{"line":23,"column":46},"end":{"line":23,"column":58}},"type":"default-arg","locations":[{"start":{"line":23,"column":56},"end":{"line":23,"column":58}}]},"4":{"loc":{"start":{"line":27,"column":4},"end":{"line":27,"column":62}},"type":"if","locations":[{"start":{"line":27,"column":4},"end":{"line":27,"column":62}},{"start":{},"end":{}}]},"5":{"loc":{"start":{"line":27,"column":8},"end":{"line":27,"column":48}},"type":"binary-expr","locations":[{"start":{"line":27,"column":8},"end":{"line":27,"column":19}},{"start":{"line":27,"column":23},"end":{"line":27,"column":48}}]},"6":{"loc":{"start":{"line":41,"column":8},"end":{"line":43,"column":9}},"type":"if","locations":[{"start":{"line":41,"column":8},"end":{"line":43,"column":9}},{"start":{},"end":{}}]},"7":{"loc":{"start":{"line":47,"column":8},"end":{"line":55,"column":9}},"type":"switch","locations":[{"start":{"line":48,"column":10},"end":{"line":49,"column":68}},{"start":{"line":50,"column":10},"end":{"line":51,"column":70}},{"start":{"line":52,"column":10},"end":{"line":52,"column":24}},{"start":{"line":53,"column":10},"end":{"line":54,"column":46}}]},"8":{"loc":{"start":{"line":47,"column":16},"end":{"line":47,"column":43}},"type":"binary-expr","locations":[{"start":{"line":47,"column":16},"end":{"line":47,"column":31}},{"start":{"line":47,"column":35},"end":{"line":47,"column":43}}]},"9":{"loc":{"start":{"line":62,"column":4},"end":{"line":62,"column":33}},"type":"if","locations":[{"start":{"line":62,"column":4},"end":{"line":62,"column":33}},{"start":{},"end":{}}]},"10":{"loc":{"start":{"line":68,"column":6},"end":{"line":68,"column":70}},"type":"if","locations":[{"start":{"line":68,"column":6},"end":{"line":68,"column":70}},{"start":{},"end":{}}]},"11":{"loc":{"start":{"line":68,"column":34},"end":{"line":68,"column":69}},"type":"cond-expr","locations":[{"start":{"line":68,"column":63},"end":{"line":68,"column":65}},{"start":{"line":68,"column":68},"end":{"line":68,"column":69}}]},"12":{"loc":{"start":{"line":69,"column":6},"end":{"line":69,"column":70}},"type":"if","locations":[{"start":{"line":69,"column":6},"end":{"line":69,"column":70}},{"start":{},"end":{}}]},"13":{"loc":{"start":{"line":69,"column":34},"end":{"line":69,"column":69}},"type":"cond-expr","locations":[{"start":{"line":69,"column":63},"end":{"line":69,"column":64}},{"start":{"line":69,"column":67},"end":{"line":69,"column":69}}]},"14":{"loc":{"start":{"line":80,"column":31},"end":{"line":80,"column":66}},"type":"default-arg","locations":[{"start":{"line":80,"column":64},"end":{"line":80,"column":66}}]},"15":{"loc":{"start":{"line":93,"column":26},"end":{"line":93,"column":50}},"type":"cond-expr","locations":[{"start":{"line":93,"column":40},"end":{"line":93,"column":46}},{"start":{"line":93,"column":49},"end":{"line":93,"column":50}}]}},"s":{"0":0,"1":0,"2":0,"3":0,"4":0,"5":0,"6":0,"7":0,"8":0,"9":0,"10":0,"11":0,"12":0,"13":0,"14":0,"15":0,"16":0,"17":0,"18":0,"19":0,"20":0,"21":0,"22":0,"23":0,"24":0,"25":0,"26":0,"27":0,"28":0,"29":0,"30":0,"31":0,"32":0,"33":0,"34":0,"35":0,"36":0,"37":0,"38":0,"39":0,"40":0,"41":0,"42":0,"43":0,"44":0,"45":0,"46":0,"47":0,"48":0,"49":0},"f":{"0":0,"1":0,"2":0,"3":0,"4":0,"5":0,"6":0,"7":0,"8":0,"9":0,"10":0,"11":0,"12":0,"13":0,"14":0,"15":0,"16":0,"17":0,"18":0},"b":{"0":[0],"1":[0],"2":[0],"3":[0],"4":[0,0],"5":[0,0],"6":[0,0],"7":[0,0,0,0],"8":[0,0],"9":[0,0],"10":[0,0],"11":[0,0],"12":[0,0],"13":[0,0],"14":[0],"15":[0,0]}}
,"D:\\Roshan\\friend-furlough\\src\\hooks\\useFormSubmit.ts": {"path":"D:\\Roshan\\friend-furlough\\src\\hooks\\useFormSubmit.ts","statementMap":{"0":{"start":{"line":1,"column":0},"end":{"line":1,"column":46}},"1":{"start":{"line":2,"column":0},"end":{"line":2,"column":71}},"2":{"start":{"line":12,"column":29},"end":{"line":47,"column":1}},"3":{"start":{"line":13,"column":36},"end":{"line":13,"column":51}},"4":{"start":{"line":14,"column":28},"end":{"line":14,"column":64}},"5":{"start":{"line":16,"column":17},"end":{"line":34,"column":null}},"6":{"start":{"line":17,"column":37},"end":{"line":33,"column":null}},"7":{"start":{"line":18,"column":6},"end":{"line":18,"column":25}},"8":{"start":{"line":19,"column":6},"end":{"line":19,"column":21}},"9":{"start":{"line":21,"column":6},"end":{"line":32,"column":7}},"10":{"start":{"line":22,"column":23},"end":{"line":22,"column":33}},"11":{"start":{"line":23,"column":8},"end":{"line":23,"column":36}},"12":{"start":{"line":24,"column":8},"end":{"line":24,"column":22}},"13":{"start":{"line":26,"column":30},"end":{"line":26,"column":53}},"14":{"start":{"line":27,"column":8},"end":{"line":27,"column":32}},"15":{"start":{"line":28,"column":8},"end":{"line":28,"column":41}},"16":{"start":{"line":29,"column":8},"end":{"line":29,"column":28}},"17":{"start":{"line":31,"column":8},"end":{"line":31,"column":28}},"18":{"start":{"line":37,"column":21},"end":{"line":39,"column":8}},"19":{"start":{"line":38,"column":4},"end":{"line":38,"column":19}},"20":{"start":{"line":41,"column":2},"end":{"line":46,"column":4}},"21":{"start":{"line":12,"column":13},"end":{"line":12,"column":29}}},"fnMap":{"0":{"name":"(anonymous_7)","decl":{"start":{"line":12,"column":29},"end":{"line":12,"column":30}},"loc":{"start":{"line":12,"column":68},"end":{"line":47,"column":1}}},"1":{"name":"(anonymous_8)","decl":{"start":{"line":17,"column":4},"end":{"line":17,"column":11}},"loc":{"start":{"line":17,"column":37},"end":{"line":33,"column":null}}},"2":{"name":"(anonymous_9)","decl":{"start":{"line":17,"column":37},"end":{"line":17,"column":null}},"loc":{"start":{"line":17,"column":37},"end":{"line":33,"column":5}}},"3":{"name":"(anonymous_10)","decl":{"start":{"line":37,"column":33},"end":{"line":37,"column":36}},"loc":{"start":{"line":37,"column":38},"end":{"line":39,"column":3}}}},"branchMap":{"0":{"loc":{"start":{"line":12,"column":30},"end":{"line":12,"column":64}},"type":"default-arg","locations":[{"start":{"line":12,"column":62},"end":{"line":12,"column":64}}]},"1":{"loc":{"start":{"line":23,"column":8},"end":{"line":23,"column":35}},"type":"cond-expr","locations":[{"start":{"line":23,"column":25},"end":{"line":23,"column":28}},{"start":{"line":23,"column":25},"end":{"line":23,"column":35}}]},"2":{"loc":{"start":{"line":23,"column":8},"end":{"line":23,"column":28}},"type":"binary-expr","locations":[{"start":{"line":23,"column":8},"end":{"line":23,"column":28}},{"start":{"line":23,"column":25},"end":{"line":23,"column":28}}]},"3":{"loc":{"start":{"line":28,"column":8},"end":{"line":28,"column":40}},"type":"cond-expr","locations":[{"start":{"line":28,"column":23},"end":{"line":28,"column":26}},{"start":{"line":28,"column":23},"end":{"line":28,"column":40}}]},"4":{"loc":{"start":{"line":28,"column":8},"end":{"line":28,"column":26}},"type":"binary-expr","locations":[{"start":{"line":28,"column":8},"end":{"line":28,"column":26}},{"start":{"line":28,"column":23},"end":{"line":28,"column":26}}]}},"s":{"0":0,"1":0,"2":0,"3":0,"4":0,"5":0,"6":0,"7":0,"8":0,"9":0,"10":0,"11":0,"12":0,"13":0,"14":0,"15":0,"16":0,"17":0,"18":0,"19":0,"20":0,"21":0},"f":{"0":0,"1":0,"2":0,"3":0},"b":{"0":[0],"1":[0,0],"2":[0,0],"3":[0,0],"4":[0,0]}}
,"D:\\Roshan\\friend-furlough\\src\\hooks\\useGlobalSync.ts": {"path":"D:\\Roshan\\friend-furlough\\src\\hooks\\useGlobalSync.ts","statementMap":{"0":{"start":{"line":1,"column":0},"end":{"line":1,"column":47}},"1":{"start":{"line":2,"column":0},"end":{"line":2,"column":55}},"2":{"start":{"line":3,"column":0},"end":{"line":3,"column":60}},"3":{"start":{"line":4,"column":0},"end":{"line":4,"column":58}},"4":{"start":{"line":5,"column":0},"end":{"line":5,"column":50}},"5":{"start":{"line":6,"column":0},"end":{"line":6,"column":50}},"6":{"start":{"line":12,"column":29},"end":{"line":207,"column":1}},"7":{"start":{"line":13,"column":22},"end":{"line":13,"column":38}},"8":{"start":{"line":14,"column":31},"end":{"line":14,"column":45}},"9":{"start":{"line":15,"column":32},"end":{"line":15,"column":46}},"10":{"start":{"line":18,"column":22},"end":{"line":40,"column":56}},"11":{"start":{"line":18,"column":45},"end":{"line":40,"column":5}},"12":{"start":{"line":19,"column":4},"end":{"line":19,"column":22}},"13":{"start":{"line":19,"column":15},"end":{"line":19,"column":22}},"14":{"start":{"line":21,"column":4},"end":{"line":21,"column":58}},"15":{"start":{"line":23,"column":4},"end":{"line":39,"column":5}},"16":{"start":{"line":25,"column":6},"end":{"line":25,"column":44}},"17":{"start":{"line":28,"column":6},"end":{"line":28,"column":25}},"18":{"start":{"line":31,"column":6},"end":{"line":31,"column":39}},"19":{"start":{"line":34,"column":6},"end":{"line":34,"column":40}},"20":{"start":{"line":36,"column":6},"end":{"line":36,"column":45}},"21":{"start":{"line":38,"column":6},"end":{"line":38,"column":52}},"22":{"start":{"line":43,"column":36},"end":{"line":130,"column":56}},"23":{"start":{"line":43,"column":59},"end":{"line":130,"column":5}},"24":{"start":{"line":44,"column":4},"end":{"line":44,"column":22}},"25":{"start":{"line":44,"column":15},"end":{"line":44,"column":22}},"26":{"start":{"line":46,"column":4},"end":{"line":129,"column":5}},"27":{"start":{"line":48,"column":29},"end":{"line":62,"column":20}},"28":{"start":{"line":58,"column":12},"end":{"line":58,"column":56}},"29":{"start":{"line":59,"column":12},"end":{"line":59,"column":25}},"30":{"start":{"line":65,"column":35},"end":{"line":79,"column":20}},"31":{"start":{"line":75,"column":12},"end":{"line":75,"column":57}},"32":{"start":{"line":76,"column":12},"end":{"line":76,"column":39}},"33":{"start":{"line":82,"column":27},"end":{"line":97,"column":20}},"34":{"start":{"line":91,"column":12},"end":{"line":91,"column":54}},"35":{"start":{"line":93,"column":12},"end":{"line":93,"column":67}},"36":{"start":{"line":94,"column":12},"end":{"line":94,"column":71}},"37":{"start":{"line":100,"column":29},"end":{"line":115,"column":20}},"38":{"start":{"line":110,"column":12},"end":{"line":110,"column":62}},"39":{"start":{"line":111,"column":12},"end":{"line":111,"column":69}},"40":{"start":{"line":112,"column":12},"end":{"line":112,"column":75}},"41":{"start":{"line":117,"column":6},"end":{"line":117,"column":59}},"42":{"start":{"line":120,"column":7},"end":{"line":125,"column":8}},"43":{"start":{"line":128,"column":6},"end":{"line":128,"column":73}},"44":{"start":{"line":133,"column":33},"end":{"line":150,"column":19}},"45":{"start":{"line":134,"column":4},"end":{"line":149,"column":5}},"46":{"start":{"line":135,"column":6},"end":{"line":135,"column":63}},"47":{"start":{"line":138,"column":23},"end":{"line":138,"column":59}},"48":{"start":{"line":139,"column":18},"end":{"line":139,"column":28}},"49":{"start":{"line":140,"column":32},"end":{"line":140,"column":78}},"50":{"start":{"line":143,"column":6},"end":{"line":146,"column":7}},"51":{"start":{"line":144,"column":8},"end":{"line":144,"column":107}},"52":{"start":{"line":145,"column":8},"end":{"line":145,"column":37}},"53":{"start":{"line":148,"column":6},"end":{"line":148,"column":59}},"54":{"start":{"line":153,"column":2},"end":{"line":163,"column":20}},"55":{"start":{"line":154,"column":24},"end":{"line":160,"column":6}},"56":{"start":{"line":154,"column":80},"end":{"line":160,"column":6}},"57":{"start":{"line":155,"column":6},"end":{"line":159,"column":7}},"58":{"start":{"line":156,"column":8},"end":{"line":156,"column":67}},"59":{"start":{"line":158,"column":8},"end":{"line":158,"column":38}},"60":{"start":{"line":162,"column":4},"end":{"line":162,"column":23}},"61":{"start":{"line":166,"column":2},"end":{"line":174,"column":34}},"62":{"start":{"line":167,"column":36},"end":{"line":170,"column":5}},"63":{"start":{"line":168,"column":6},"end":{"line":168,"column":79}},"64":{"start":{"line":169,"column":6},"end":{"line":169,"column":50}},"65":{"start":{"line":172,"column":4},"end":{"line":172,"column":77}},"66":{"start":{"line":173,"column":4},"end":{"line":173,"column":93}},"67":{"start":{"line":173,"column":17},"end":{"line":173,"column":92}},"68":{"start":{"line":177,"column":2},"end":{"line":180,"column":31}},"69":{"start":{"line":178,"column":4},"end":{"line":178,"column":74}},"70":{"start":{"line":179,"column":4},"end":{"line":179,"column":90}},"71":{"start":{"line":179,"column":17},"end":{"line":179,"column":89}},"72":{"start":{"line":183,"column":2},"end":{"line":201,"column":40}},"73":{"start":{"line":184,"column":4},"end":{"line":187,"column":5}},"74":{"start":{"line":185,"column":6},"end":{"line":185,"column":34}},"75":{"start":{"line":186,"column":6},"end":{"line":186,"column":66}},"76":{"start":{"line":190,"column":4},"end":{"line":200,"column":6}},"77":{"start":{"line":191,"column":24},"end":{"line":191,"column":53}},"78":{"start":{"line":192,"column":6},"end":{"line":199,"column":7}},"79":{"start":{"line":193,"column":8},"end":{"line":197,"column":11}},"80":{"start":{"line":194,"column":10},"end":{"line":196,"column":11}},"81":{"start":{"line":195,"column":12},"end":{"line":195,"column":34}},"82":{"start":{"line":198,"column":8},"end":{"line":198,"column":46}},"83":{"start":{"line":203,"column":2},"end":{"line":206,"column":4}},"84":{"start":{"line":12,"column":13},"end":{"line":12,"column":29}}},"fnMap":{"0":{"name":"(anonymous_7)","decl":{"start":{"line":12,"column":29},"end":{"line":12,"column":32}},"loc":{"start":{"line":12,"column":34},"end":{"line":207,"column":1}}},"1":{"name":"(anonymous_8)","decl":{"start":{"line":18,"column":34},"end":{"line":18,"column":43}},"loc":{"start":{"line":18,"column":45},"end":{"line":40,"column":5}}},"2":{"name":"(anonymous_9)","decl":{"start":{"line":18,"column":45},"end":{"line":18,"column":null}},"loc":{"start":{"line":18,"column":45},"end":{"line":40,"column":3}}},"3":{"name":"(anonymous_10)","decl":{"start":{"line":43,"column":48},"end":{"line":43,"column":57}},"loc":{"start":{"line":43,"column":59},"end":{"line":130,"column":5}}},"4":{"name":"(anonymous_11)","decl":{"start":{"line":43,"column":59},"end":{"line":43,"column":null}},"loc":{"start":{"line":43,"column":59},"end":{"line":130,"column":3}}},"5":{"name":"(anonymous_12)","decl":{"start":{"line":57,"column":10},"end":{"line":57,"column":11}},"loc":{"start":{"line":57,"column":22},"end":{"line":60,"column":11}}},"6":{"name":"(anonymous_13)","decl":{"start":{"line":74,"column":10},"end":{"line":74,"column":11}},"loc":{"start":{"line":74,"column":22},"end":{"line":77,"column":11}}},"7":{"name":"(anonymous_14)","decl":{"start":{"line":90,"column":10},"end":{"line":90,"column":11}},"loc":{"start":{"line":90,"column":22},"end":{"line":95,"column":11}}},"8":{"name":"(anonymous_15)","decl":{"start":{"line":109,"column":10},"end":{"line":109,"column":11}},"loc":{"start":{"line":109,"column":22},"end":{"line":113,"column":11}}},"9":{"name":"(anonymous_16)","decl":{"start":{"line":133,"column":45},"end":{"line":133,"column":48}},"loc":{"start":{"line":133,"column":50},"end":{"line":150,"column":3}}},"10":{"name":"(anonymous_17)","decl":{"start":{"line":153,"column":12},"end":{"line":153,"column":15}},"loc":{"start":{"line":153,"column":17},"end":{"line":163,"column":3}}},"11":{"name":"(anonymous_18)","decl":{"start":{"line":154,"column":61},"end":{"line":154,"column":68}},"loc":{"start":{"line":154,"column":80},"end":{"line":160,"column":6}}},"12":{"name":"(anonymous_19)","decl":{"start":{"line":154,"column":80},"end":{"line":154,"column":null}},"loc":{"start":{"line":154,"column":80},"end":{"line":160,"column":5}}},"13":{"name":"(anonymous_20)","decl":{"start":{"line":166,"column":12},"end":{"line":166,"column":15}},"loc":{"start":{"line":166,"column":17},"end":{"line":174,"column":3}}},"14":{"name":"(anonymous_21)","decl":{"start":{"line":167,"column":36},"end":{"line":167,"column":39}},"loc":{"start":{"line":167,"column":41},"end":{"line":170,"column":5}}},"15":{"name":"(anonymous_22)","decl":{"start":{"line":173,"column":11},"end":{"line":173,"column":14}},"loc":{"start":{"line":173,"column":17},"end":{"line":173,"column":92}}},"16":{"name":"(anonymous_23)","decl":{"start":{"line":177,"column":12},"end":{"line":177,"column":15}},"loc":{"start":{"line":177,"column":17},"end":{"line":180,"column":3}}},"17":{"name":"(anonymous_24)","decl":{"start":{"line":179,"column":11},"end":{"line":179,"column":14}},"loc":{"start":{"line":179,"column":17},"end":{"line":179,"column":89}}},"18":{"name":"(anonymous_25)","decl":{"start":{"line":183,"column":12},"end":{"line":183,"column":15}},"loc":{"start":{"line":183,"column":17},"end":{"line":201,"column":3}}},"19":{"name":"(anonymous_26)","decl":{"start":{"line":190,"column":11},"end":{"line":190,"column":14}},"loc":{"start":{"line":190,"column":16},"end":{"line":200,"column":5}}},"20":{"name":"(anonymous_27)","decl":{"start":{"line":193,"column":40},"end":{"line":193,"column":41}},"loc":{"start":{"line":193,"column":57},"end":{"line":197,"column":9}}}},"branchMap":{"0":{"loc":{"start":{"line":19,"column":4},"end":{"line":19,"column":22}},"type":"if","locations":[{"start":{"line":19,"column":4},"end":{"line":19,"column":22}},{"start":{},"end":{}}]},"1":{"loc":{"start":{"line":44,"column":4},"end":{"line":44,"column":22}},"type":"if","locations":[{"start":{"line":44,"column":4},"end":{"line":44,"column":22}},{"start":{},"end":{}}]},"2":{"loc":{"start":{"line":134,"column":4},"end":{"line":149,"column":5}},"type":"if","locations":[{"start":{"line":134,"column":4},"end":{"line":149,"column":5}},{"start":{},"end":{}}]},"3":{"loc":{"start":{"line":140,"column":32},"end":{"line":140,"column":78}},"type":"cond-expr","locations":[{"start":{"line":140,"column":43},"end":{"line":140,"column":67}},{"start":{"line":140,"column":70},"end":{"line":140,"column":78}}]},"4":{"loc":{"start":{"line":143,"column":6},"end":{"line":146,"column":7}},"type":"if","locations":[{"start":{"line":143,"column":6},"end":{"line":146,"column":7}},{"start":{},"end":{}}]},"5":{"loc":{"start":{"line":155,"column":6},"end":{"line":159,"column":7}},"type":"if","locations":[{"start":{"line":155,"column":6},"end":{"line":159,"column":7}},{"start":{},"end":{}}]},"6":{"loc":{"start":{"line":184,"column":4},"end":{"line":187,"column":5}},"type":"if","locations":[{"start":{"line":184,"column":4},"end":{"line":187,"column":5}},{"start":{},"end":{}}]},"7":{"loc":{"start":{"line":192,"column":6},"end":{"line":199,"column":7}},"type":"if","locations":[{"start":{"line":192,"column":6},"end":{"line":199,"column":7}},{"start":{},"end":{}}]},"8":{"loc":{"start":{"line":194,"column":10},"end":{"line":196,"column":11}},"type":"if","locations":[{"start":{"line":194,"column":10},"end":{"line":196,"column":11}},{"start":{},"end":{}}]},"9":{"loc":{"start":{"line":194,"column":14},"end":{"line":194,"column":66}},"type":"binary-expr","locations":[{"start":{"line":194,"column":14},"end":{"line":194,"column":21}},{"start":{"line":194,"column":25},"end":{"line":194,"column":66}}]}},"s":{"0":0,"1":0,"2":0,"3":0,"4":0,"5":0,"6":0,"7":0,"8":0,"9":0,"10":0,"11":0,"12":0,"13":0,"14":0,"15":0,"16":0,"17":0,"18":0,"19":0,"20":0,"21":0,"22":0,"23":0,"24":0,"25":0,"26":0,"27":0,"28":0,"29":0,"30":0,"31":0,"32":0,"33":0,"34":0,"35":0,"36":0,"37":0,"38":0,"39":0,"40":0,"41":0,"42":0,"43":0,"44":0,"45":0,"46":0,"47":0,"48":0,"49":0,"50":0,"51":0,"52":0,"53":0,"54":0,"55":0,"56":0,"57":0,"58":0,"59":0,"60":0,"61":0,"62":0,"63":0,"64":0,"65":0,"66":0,"67":0,"68":0,"69":0,"70":0,"71":0,"72":0,"73":0,"74":0,"75":0,"76":0,"77":0,"78":0,"79":0,"80":0,"81":0,"82":0,"83":0,"84":0},"f":{"0":0,"1":0,"2":0,"3":0,"4":0,"5":0,"6":0,"7":0,"8":0,"9":0,"10":0,"11":0,"12":0,"13":0,"14":0,"15":0,"16":0,"17":0,"18":0,"19":0,"20":0},"b":{"0":[0,0],"1":[0,0],"2":[0,0],"3":[0,0],"4":[0,0],"5":[0,0],"6":[0,0],"7":[0,0],"8":[0,0],"9":[0,0]}}
,"D:\\Roshan\\friend-furlough\\src\\hooks\\useMasterOptimization.ts": {"path":"D:\\Roshan\\friend-furlough\\src\\hooks\\useMasterOptimization.ts","statementMap":{"0":{"start":{"line":1,"column":0},"end":{"line":1,"column":47}},"1":{"start":{"line":2,"column":0},"end":{"line":2,"column":55}},"2":{"start":{"line":3,"column":0},"end":{"line":3,"column":58}},"3":{"start":{"line":4,"column":0},"end":{"line":4,"column":50}},"4":{"start":{"line":5,"column":0},"end":{"line":5,"column":50}},"5":{"start":{"line":6,"column":0},"end":{"line":6,"column":60}},"6":{"start":{"line":13,"column":37},"end":{"line":176,"column":1}},"7":{"start":{"line":14,"column":22},"end":{"line":14,"column":38}},"8":{"start":{"line":15,"column":31},"end":{"line":15,"column":45}},"9":{"start":{"line":16,"column":32},"end":{"line":16,"column":46}},"10":{"start":{"line":19,"column":19},"end":{"line":19,"column":109}},"11":{"start":{"line":20,"column":26},"end":{"line":20,"column":99}},"12":{"start":{"line":23,"column":2},"end":{"line":39,"column":20}},"13":{"start":{"line":24,"column":4},"end":{"line":24,"column":54}},"14":{"start":{"line":26,"column":4},"end":{"line":38,"column":7}},"15":{"start":{"line":42,"column":22},"end":{"line":54,"column":56}},"16":{"start":{"line":42,"column":45},"end":{"line":54,"column":5}},"17":{"start":{"line":43,"column":4},"end":{"line":43,"column":22}},"18":{"start":{"line":43,"column":15},"end":{"line":43,"column":22}},"19":{"start":{"line":45,"column":4},"end":{"line":45,"column":42}},"20":{"start":{"line":46,"column":4},"end":{"line":53,"column":5}},"21":{"start":{"line":47,"column":6},"end":{"line":47,"column":44}},"22":{"start":{"line":48,"column":6},"end":{"line":48,"column":25}},"23":{"start":{"line":49,"column":6},"end":{"line":49,"column":39}},"24":{"start":{"line":50,"column":6},"end":{"line":50,"column":37}},"25":{"start":{"line":52,"column":6},"end":{"line":52,"column":45}},"26":{"start":{"line":57,"column":37},"end":{"line":105,"column":56}},"27":{"start":{"line":58,"column":4},"end":{"line":58,"column":22}},"28":{"start":{"line":58,"column":15},"end":{"line":58,"column":22}},"29":{"start":{"line":60,"column":4},"end":{"line":60,"column":57}},"30":{"start":{"line":63,"column":27},"end":{"line":73,"column":18}},"31":{"start":{"line":68,"column":10},"end":{"line":68,"column":44}},"32":{"start":{"line":69,"column":10},"end":{"line":69,"column":76}},"33":{"start":{"line":70,"column":10},"end":{"line":70,"column":23}},"34":{"start":{"line":76,"column":33},"end":{"line":85,"column":18}},"35":{"start":{"line":81,"column":10},"end":{"line":81,"column":45}},"36":{"start":{"line":82,"column":10},"end":{"line":82,"column":37}},"37":{"start":{"line":88,"column":25},"end":{"line":97,"column":18}},"38":{"start":{"line":93,"column":10},"end":{"line":93,"column":65}},"39":{"start":{"line":94,"column":10},"end":{"line":94,"column":69}},"40":{"start":{"line":100,"column":4},"end":{"line":104,"column":6}},"41":{"start":{"line":101,"column":6},"end":{"line":101,"column":35}},"42":{"start":{"line":102,"column":6},"end":{"line":102,"column":41}},"43":{"start":{"line":103,"column":6},"end":{"line":103,"column":33}},"44":{"start":{"line":108,"column":2},"end":{"line":116,"column":20}},"45":{"start":{"line":109,"column":24},"end":{"line":114,"column":6}},"46":{"start":{"line":110,"column":6},"end":{"line":113,"column":7}},"47":{"start":{"line":111,"column":8},"end":{"line":111,"column":46}},"48":{"start":{"line":112,"column":8},"end":{"line":112,"column":38}},"49":{"start":{"line":115,"column":4},"end":{"line":115,"column":23}},"50":{"start":{"line":119,"column":2},"end":{"line":135,"column":20}},"51":{"start":{"line":120,"column":35},"end":{"line":131,"column":5}},"52":{"start":{"line":121,"column":6},"end":{"line":130,"column":7}},"53":{"start":{"line":122,"column":25},"end":{"line":122,"column":61}},"54":{"start":{"line":123,"column":30},"end":{"line":123,"column":83}},"55":{"start":{"line":125,"column":8},"end":{"line":128,"column":9}},"56":{"start":{"line":126,"column":10},"end":{"line":126,"column":87}},"57":{"start":{"line":127,"column":10},"end":{"line":127,"column":39}},"58":{"start":{"line":129,"column":8},"end":{"line":129,"column":68}},"59":{"start":{"line":133,"column":4},"end":{"line":133,"column":74}},"60":{"start":{"line":134,"column":4},"end":{"line":134,"column":90}},"61":{"start":{"line":134,"column":17},"end":{"line":134,"column":89}},"62":{"start":{"line":138,"column":2},"end":{"line":152,"column":9}},"63":{"start":{"line":139,"column":27},"end":{"line":145,"column":5}},"64":{"start":{"line":140,"column":21},"end":{"line":140,"column":53}},"65":{"start":{"line":141,"column":6},"end":{"line":144,"column":9}},"66":{"start":{"line":142,"column":8},"end":{"line":142,"column":47}},"67":{"start":{"line":142,"column":26},"end":{"line":142,"column":47}},"68":{"start":{"line":143,"column":8},"end":{"line":143,"column":67}},"69":{"start":{"line":143,"column":30},"end":{"line":143,"column":64}},"70":{"start":{"line":147,"column":4},"end":{"line":147,"column":21}},"71":{"start":{"line":148,"column":21},"end":{"line":148,"column":57}},"72":{"start":{"line":149,"column":4},"end":{"line":149,"column":72}},"73":{"start":{"line":151,"column":4},"end":{"line":151,"column":39}},"74":{"start":{"line":151,"column":17},"end":{"line":151,"column":38}},"75":{"start":{"line":155,"column":2},"end":{"line":161,"column":9}},"76":{"start":{"line":156,"column":4},"end":{"line":160,"column":5}},"77":{"start":{"line":157,"column":6},"end":{"line":159,"column":74}},"78":{"start":{"line":158,"column":20},"end":{"line":158,"column":62}},"79":{"start":{"
[...]
":{"line":71,"column":22},"end":{"line":80,"column":10}},"23":{"start":{"line":83,"column":6},"end":{"line":83,"column":18}},"24":{"start":{"line":85,"column":6},"end":{"line":85,"column":55}},"25":{"start":{"line":86,"column":6},"end":{"line":86,"column":19}},"26":{"start":{"line":90,"column":76},"end":{"line":118,"column":null}},"27":{"start":{"line":91,"column":4},"end":{"line":117,"column":5}},"28":{"start":{"line":92,"column":30},"end":{"line":96,"column":10}},"29":{"start":{"line":98,"column":6},"end":{"line":101,"column":7}},"30":{"start":{"line":99,"column":8},"end":{"line":99,"column":62}},"31":{"start":{"line":100,"column":8},"end":{"line":100,"column":17}},"32":{"start":{"line":103,"column":20},"end":{"line":103,"column":29}},"33":{"start":{"line":106,"column":6},"end":{"line":111,"column":10}},"34":{"start":{"line":106,"column":20},"end":{"line":111,"column":8}},"35":{"start":{"line":113,"column":6},"end":{"line":113,"column":19}},"36":{"start":{"line":115,"column":6},"end":{"line":115,"column":60}},"37":{"start":{"line":116,"column":6},"end":{"line":116,"column":15}},"38":{"start":{"line":120,"column":74},"end":{"line":152,"column":null}},"39":{"start":{"line":121,"column":4},"end":{"line":151,"column":5}},"40":{"start":{"line":122,"column":33},"end":{"line":122,"column":62}},"41":{"start":{"line":123,"column":6},"end":{"line":123,"column":30}},"42":{"start":{"line":123,"column":17},"end":{"line":123,"column":30}},"43":{"start":{"line":125,"column":30},"end":{"line":130,"column":10}},"44":{"start":{"line":132,"column":6},"end":{"line":135,"column":7}},"45":{"start":{"line":133,"column":8},"end":{"line":133,"column":62}},"46":{"start":{"line":134,"column":8},"end":{"line":134,"column":21}},"47":{"start":{"line":137,"column":25},"end":{"line":137,"column":38}},"48":{"start":{"line":140,"column":6},"end":{"line":145,"column":10}},"49":{"start":{"line":140,"column":20},"end":{"line":145,"column":8}},"50":{"start":{"line":147,"column":6},"end":{"line":147,"column":24}},"51":{"start":{"line":149,"column":6},"end":{"line":149,"column":60}},"52":{"start":{"line":150,"column":6},"end":{"line":150,"column":19}},"53":{"start":{"line":154,"column":76},"end":{"line":169,"column":null}},"54":{"start":{"line":155,"column":4},"end":{"line":168,"column":5}},"55":{"start":{"line":156,"column":6},"end":{"line":156,"column":31}},"56":{"start":{"line":159,"column":6},"end":{"line":162,"column":9}},"57":{"start":{"line":164,"column":6},"end":{"line":164,"column":32}},"58":{"start":{"line":166,"column":6},"end":{"line":166,"column":59}},"59":{"start":{"line":167,"column":6},"end":{"line":167,"column":32}},"60":{"start":{"line":171,"column":88},"end":{"line":185,"column":null}},"61":{"start":{"line":172,"column":4},"end":{"line":184,"column":5}},"62":{"start":{"line":173,"column":6},"end":{"line":173,"column":31}},"63":{"start":{"line":176,"column":6},"end":{"line":178,"column":8}},"64":{"start":{"line":177,"column":30},"end":{"line":177,"column":74}},"65":{"start":{"line":180,"column":6},"end":{"line":180,"column":32}},"66":{"start":{"line":182,"column":6},"end":{"line":182,"column":69}},"67":{"start":{"line":183,"column":6},"end":{"line":183,"column":32}}},"fnMap":{"0":{"name":"(anonymous_7)","decl":{"start":{"line":17,"column":62},"end":{"line":17,"column":63}},"loc":{"start":{"line":17,"column":77},"end":{"line":186,"column":2}}},"1":{"name":"(anonymous_8)","decl":{"start":{"line":22,"column":18},"end":{"line":22,"column":25}},"loc":{"start":{"line":22,"column":74},"end":{"line":88,"column":null}}},"2":{"name":"(anonymous_9)","decl":{"start":{"line":22,"column":74},"end":{"line":22,"column":null}},"loc":{"start":{"line":22,"column":70},"end":{"line":88,"column":3}}},"3":{"name":"(anonymous_10)","decl":{"start":{"line":45,"column":12},"end":{"line":45,"column":17}},"loc":{"start":{"line":45,"column":22},"end":{"line":54,"column":10}}},"4":{"name":"(anonymous_11)","decl":{"start":{"line":71,"column":12},"end":{"line":71,"column":17}},"loc":{"start":{"line":71,"column":22},"end":{"line":80,"column":10}}},"5":{"name":"(anonymous_12)","decl":{"start":{"line":90,"column":20},"end":{"line":90,"column":27}},"loc":{"start":{"line":90,"column":76},"end":{"line":118,"column":null}}},"6":{"name":"(anonymous_13)","decl":{"start":{"line":90,"column":76},"end":{"line":90,"column":null}},"loc":{"start":{"line":90,"column":72},"end":{"line":118,"column":3}}},"7":{"name":"(anonymous_14)","decl":{"start":{"line":106,"column":10},"end":{"line":106,"column":15}},"loc":{"start":{"line":106,"column":20},"end":{"line":111,"column":8}}},"8":{"name":"(anonymous_15)","decl":{"start":{"line":120,"column":18},"end":{"line":120,"column":25}},"loc":{"start":{"line":120,"column":74},"end":{"line":152,"column":null}}},"9":{"name":"(anonymous_16)","decl":{"start":{"line":120,"column":74},"end":{"line":120,"column":null}},"loc":{"start":{"line":120,"column":70},"end":{"line":152,"column":3}}},"10":{"name":"(anonymous_17)","decl":{"start":{"line":140,"column":10},"end":{"line":140,"column":15}},"loc":{"start":{"line":140,"column":20},"end":{"line":145,"column":8}}},"11":{"name":"(anonymous_18)","decl":{"start":{"line":154,"column":20},"end":{"line":154,"column":27}},"loc":{"start":{"line":154,"column":76},"end":{"line":169,"column":null}}},"12":{"name":"(anonymous_19)","decl":{"start":{"line":154,"column":76},"end":{"line":154,"column":null}},"loc":{"start":{"line":154,"column":72},"end":{"line":169,"column":3}}},"13":{"name":"(anonymous_20)","decl":{"start":{"line":171,"column":29},"end":{"line":171,"column":36}},"loc":{"start":{"line":171,"column":88},"end":{"line":185,"column":null}}},"14":{"name":"(anonymous_21)","decl":{"start":{"line":171,"column":88},"end":{"line":171,"column":null}},"loc":{"start":{"line":171,"column":84},"end":{"line":185,"column":3}}},"15":{"name":"(anonymous_22)","decl":{"start":{"line":177,"column":20},"end":{"line":177,"column":26}},"loc":{"start":{"line":177,"column":30},"end":{"line":177,"column":74}}}},"branchMap":{"0":{"loc":{"start":{"line":22,"column":41},"end":{"line":22,"column":70}},"type":"default-arg","locations":[{"start":{"line":22,"column":64},"end":{"line":22,"column":70}}]},"1":{"loc":{"start":{"line":25,"column":6},"end":{"line":25,"column":30}},"type":"if","locations":[{"start":{"line":25,"column":6},"end":{"line":25,"column":30}},{"start":{},"end":{}}]},"2":{"loc":{"start":{"line":28,"column":25},"end":{"line":28,"column":82}},"type":"binary-expr","locations":[{"start":{"line":28,"column":25},"end":{"line":28,"column":73}},{"start":{"line":28,"column":77},"end":{"line":28,"column":82}}]},"3":{"loc":{"start":{"line":30,"column":6},"end":{"line":81,"column":7}},"type":"if","locations":[{"start":{"line":30,"column":6},"end":{"line":81,"column":7}},{"start":{"line":55,"column":13},"end":{"line":81,"column":7}}]},"4":{"loc":{"start":{"line":39,"column":8},"end":{"line":42,"column":9}},"type":"if","locations":[{"start":{"line":39,"column":8},"end":{"line":42,"column":9}},{"start":{},"end":{}}]},"5":{"loc":{"start":{"line":48,"column":56},"end":{"line":48,"column":105}},"type":"binary-expr","locations":[{"start":{"line":48,"column":56},"end":{"line":48,"column":100}},{"start":{"line":48,"column":104},"end":{"line":48,"column":105}}]},"6":{"loc":{"start":{"line":65,"column":8},"end":{"line":68,"column":9}},"type":"if","locations":[{"start":{"line":65,"column":8},"end":{"line":68,"column":9}},{"start":{},"end":{}}]},"7":{"loc":{"start":{"line":74,"column":44},"end":{"line":74,"column":93}},"type":"binary-expr","locations":[{"start":{"line":74,"column":44},"end":{"line":74,"column":88}},{"start":{"line":74,"column":92},"end":{"line":74,"column":93}}]},"8":{"loc":{"start":{"line":90,"column":43},"end":{"line":90,"column":72}},"type":"default-arg","locations":[{"start":{"line":90,"column":66},"end":{"line":90,"column":72}}]},"9":{"loc":{"start":{"line":98,"column":6},"end":{"line":101,"column":7}},"type":"if","locations":[{"start":{"line":98,"column":6},"end":{"line":101,"column":7}},{"start":{},"end":{}}]},"10":{"loc":{"start":{"line":103,"column":20},"end":{"line":103,"column":29}},"type":"binary-expr","locations":[{"start":{"line":103,"column":20},"end":{"line":103,"column":24}},{"start":{"line":103,"column":28},"end":{"line":103,"column":29}}]},"11":{"loc":{"start":{"line":120,"column":41},"end":{"line":120,"column":70}},"type":"default-arg","locations":[{"start":{"line":120,"column":64},"end":{"line":120,"column":70}}]},"12":{"loc":{"start":{"line":123,"column":6},"end":{"line":123,"column":30}},"type":"if","locations":[{"start":{"line":123,"column":6},"end":{"line":123,"column":30}},{"start":{},"end":{}}]},"13":{"loc":{"start":{"line":132,"column":6},"end":{"line":135,"column":7}},"type":"if","locations":[{"start":{"line":132,"column":6},"end":{"line":135,"column":7}},{"start":{},"end":{}}]},"14":{"loc":{"start":{"line":137,"column":25},"end":{"line":137,"column":38}},"type":"binary-expr","locations":[{"start":{"line":137,"column":25},"end":{"line":137,"column":29}},{"start":{"line":137,"column":33},"end":{"line":137,"column":38}}]},"15":{"loc":{"start":{"line":154,"column":43},"end":{"line":154,"column":72}},"type":"default-arg","locations":[{"start":{"line":154,"column":66},"end":{"line":154,"column":72}}]},"16":{"loc":{"start":{"line":171,"column":55},"end":{"line":171,"column":84}},"type":"default-arg","locations":[{"start":{"line":171,"column":78},"end":{"line":171,"column":84}}]}},"s":{"0":0,"1":0,"2":0,"3":0,"4":0,"5":0,"6":0,"7":0,"8":0,"9":0,"10":0,"11":0,"12":0,"13":0,"14":0,"15":0,"16":0,"17":0,"18":0,"19":0,"20":0,"21":0,"22":0,"23":0,"24":0,"25":0,"26":0,"27":0,"28":0,"29":0,"30":0,"31":0,"32":0,"33":0,"34":0,"35":0,"36":0,"37":0,"38":0,"39":0,"40":0,"41":0,"42":0,"43":0,"44":0,"45":0,"46":0,"47":0,"48":0,"49":0,"50":0,"51":0,"52":0,"53":0,"54":0,"55":0,"56":0,"57":0,"58":0,"59":0,"60":0,"61":0,"62":0,"63":0,"64":0,"65":0,"66":0,"67":0},"f":{"0":0,"1":0,"2":0,"3":0,"4":0,"5":0,"6":0,"7":0,"8":0,"9":0,"10":0,"11":0,"12":0,"13":0,"14":0,"15":0},"b":{"0":[0],"1":[0,0],"2":[0,0],"3":[0,0],"4":[0,0],"5":[0,0],"6":[0,0],"7":[0,0],"8":[0],"9":[0,0],"10":[0,0],"11":[0],"12":[0,0],"13":[0,0],"14":[0,0],"15":[0],"16":[0]}}
,"D:\\Roshan\\friend-furlough\\src\\stores\\profileReactionStore.ts": {"path":"D:\\Roshan\\friend-furlough\\src\\stores\\profileReactionStore.ts","statementMap":{"0":{"start":{"line":1,"column":0},"end":{"line":1,"column":33}},"1":{"start":{"line":2,"column":0},"end":{"line":2,"column":58}},"2":{"start":{"line":16,"column":13},"end":{"line":169,"column":4}},"3":{"start":{"line":16,"column":83},"end":{"line":169,"column":2}},"4":{"start":{"line":21,"column":46},"end":{"line":87,"column":null}},"5":{"start":{"line":22,"column":4},"end":{"line":86,"column":5}},"6":{"start":{"line":23,"column":33},"end":{"line":23,"column":62}},"7":{"start":{"line":24,"column":6},"end":{"line":24,"column":30}},"8":{"start":{"line":24,"column":17},"end":{"line":24,"column":30}},"9":{"start":{"line":27,"column":25},"end":{"line":27,"column":64}},"10":{"start":{"line":29,"column":6},"end":{"line":80,"column":7}},"11":{"start":{"line":31,"column":26},"end":{"line":36,"column":39}},"12":{"start":{"line":38,"column":8},"end":{"line":41,"column":9}},"13":{"start":{"line":39,"column":10},"end":{"line":39,"column":59}},"14":{"start":{"line":40,"column":10},"end":{"line":40,"column":23}},"15":{"start":{"line":44,"column":8},"end":{"line":53,"column":12}},"16":{"start":{"line":44,"column":22},"end":{"line":53,"column":10}},"17":{"start":{"line":56,"column":26},"end":{"line":62,"column":12}},"18":{"start":{"line":64,"column":8},"end":{"line":67,"column":9}},"19":{"start":{"line":65,"column":10},"end":{"line":65,"column":57}},"20":{"start":{"line":66,"column":10},"end":{"line":66,"column":23}},"21":{"start":{"line":70,"column":8},"end":{"line":79,"column":12}},"22":{"start":{"line":70,"column":22},"end":{"line":79,"column":10}},"23":{"start":{"line":82,"column":6},"end":{"line":82,"column":18}},"24":{"start":{"line":84,"column":6},"end":{"line":84,"column":55}},"25":{"start":{"line":85,"column":6},"end":{"line":85,"column":19}},"26":{"start":{"line":89,"column":48},"end":{"line":117,"column":null}},"27":{"start":{"line":90,"column":4},"end":{"line":116,"column":5}},"28":{"start":{"line":91,"column":30},"end":{"line":95,"column":10}},"29":{"start":{"line":97,"column":6},"end":{"line":100,"column":7}},"30":{"start":{"line":98,"column":8},"end":{"line":98,"column":62}},"31":{"start":{"line":99,"column":8},"end":{"line":99,"column":17}},"32":{"start":{"line":102,"column":20},"end":{"line":102,"column":29}},"33":{"start":{"line":105,"column":6},"end":{"line":110,"column":10}},"34":{"start":{"line":105,"column":20},"end":{"line":110,"column":8}},"35":{"start":{"line":112,"column":6},"end":{"line":112,"column":19}},"36":{"start":{"line":114,"column":6},"end":{"line":114,"column":60}},"37":{"start":{"line":115,"column":6},"end":{"line":115,"column":15}},"38":{"start":{"line":119,"column":46},"end":{"line":151,"column":null}},"39":{"start":{"line":120,"column":4},"end":{"line":150,"column":5}},"40":{"start":{"line":121,"column":33},"end":{"line":121,"column":62}},"41":{"start":{"line":122,"column":6},"end":{"line":122,"column":30}},"42":{"start":{"line":122,"column":17},"end":{"line":122,"column":30}},"43":{"start":{"line":124,"column":30},"end":{"line":129,"column":10}},"44":{"start":{"line":131,"column":6},"end":{"line":134,"column":7}},"45":{"start":{"line":132,"column":8},"end":{"line":132,"column":62}},"46":{"start":{"line":133,"column":8},"end":{"line":133,"column":21}},"47":{"start":{"line":136,"column":25},"end":{"line":136,"column":38}},"48":{"start":{"line":139,"column":6},"end":{"line":144,"column":10}},"49":{"start":{"line":139,"column":20},"end":{"line":144,"column":8}},"50":{"start":{"line":146,"column":6},"end":{"line":146,"column":24}},"51":{"start":{"line":148,"column":6},"end":{"line":148,"column":60}},"52":{"start":{"line":149,"column":6},"end":{"line":149,"column":19}},"53":{"start":{"line":153,"column":48},"end":{"line":168,"column":null}},"54":{"start":{"line":154,"column":4},"end":{"line":167,"column":5}},"55":{"start":{"line":155,"column":6},"end":{"line":155,"column":31}},"56":{"start":{"line":158,"column":6},"end":{"line":161,"column":9}},"57":{"start":{"line":163,"column":6},"end":{"line":163,"column":32}},"58":{"start":{"line":165,"column":6},"end":{"line":165,"column":59}},"59":{"start":{"line":166,"column":6},"end":{"line":166,"column":32}}},"fnMap":{"0":{"name":"(anonymous_7)","decl":{"start":{"line":16,"column":68},"end":{"line":16,"column":69}},"loc":{"start":{"line":16,"column":83},"end":{"line":169,"column":2}}},"1":{"name":"(anonymous_8)","decl":{"start":{"line":21,"column":18},"end":{"line":21,"column":25}},"loc":{"start":{"line":21,"column":46},"end":{"line":87,"column":null}}},"2":{"name":"(anonymous_9)","decl":{"start":{"line":21,"column":46},"end":{"line":21,"column":null}},"loc":{"start":{"line":21,"column":46},"end":{"line":87,"column":3}}},"3":{"name":"(anonymous_10)","decl":{"start":{"line":44,"column":12},"end":{"line":44,"column":17}},"loc":{"start":{"line":44,"column":22},"end":{"line":53,"column":10}}},"4":{"name":"(anonymous_11)","decl":{"start":{"line":70,"column":12},"end":{"line":70,"column":17}},"loc":{"start":{"line":70,"column":22},"end":{"line":79,"column":10}}},"5":{"name":"(anonymous_12)","decl":{"start":{"line":89,"column":20},"end":{"line":89,"column":27}},"loc":{"start":{"line":89,"column":48},"end":{"line":117,"column":null}}},"6":{"name":"(anonymous_13)","decl":{"start":{"line":89,"column":48},"end":{"line":89,"column":null}},"loc":{"start":{"line":89,"column":48},"end":{"line":117,"column":3}}},"7":{"name":"(anonymous_14)","decl":{"start":{"line":105,"column":10},"end":{"line":105,"column":15}},"loc":{"start":{"line":105,"column":20},"end":{"line":110,"column":8}}},"8":{"name":"(anonymous_15)","decl":{"start":{"line":119,"column":18},"end":{"line":119,"column":25}},"loc":{"start":{"line":119,"column":46},"end":{"line":151,"column":null}}},"9":{"name":"(anonymous_16)","decl":{"start":{"line":119,"column":46},"end":{"line":119,"column":null}},"loc":{"start":{"line":119,"column":46},"end":{"line":151,"column":3}}},"10":{"name":"(anonymous_17)","decl":{"start":{"line":139,"column":10},"end":{"line":139,"column":15}},"loc":{"start":{"line":139,"column":20},"end":{"line":144,"column":8}}},"11":{"name":"(anonymous_18)","decl":{"start":{"line":153,"column":20},"end":{"line":153,"column":27}},"loc":{"start":{"line":153,"column":48},"end":{"line":168,"column":null}}},"12":{"name":"(anonymous_19)","decl":{"start":{"line":153,"column":48},"end":{"line":153,"column":null}},"loc":{"start":{"line":153,"column":48},"end":{"line":168,"column":3}}}},"branchMap":{"0":{"loc":{"start":{"line":24,"column":6},"end":{"line":24,"column":30}},"type":"if","locations":[{"start":{"line":24,"column":6},"end":{"line":24,"column":30}},{"start":{},"end":{}}]},"1":{"loc":{"start":{"line":27,"column":25},"end":{"line":27,"column":64}},"type":"binary-expr","locations":[{"start":{"line":27,"column":25},"end":{"line":27,"column":55}},{"start":{"line":27,"column":59},"end":{"line":27,"column":64}}]},"2":{"loc":{"start":{"line":29,"column":6},"end":{"line":80,"column":7}},"type":"if","locations":[{"start":{"line":29,"column":6},"end":{"line":80,"column":7}},{"start":{"line":54,"column":13},"end":{"line":80,"column":7}}]},"3":{"loc":{"start":{"line":38,"column":8},"end":{"line":41,"column":9}},"type":"if","locations":[{"start":{"line":38,"column":8},"end":{"line":41,"column":9}},{"start":{},"end":{}}]},"4":{"loc":{"start":{"line":47,"column":38},"end":{"line":47,"column":69}},"type":"binary-expr","locations":[{"start":{"line":47,"column":38},"end":{"line":47,"column":64}},{"start":{"line":47,"column":68},"end":{"line":47,"column":69}}]},"5":{"loc":{"start":{"line":64,"column":8},"end":{"line":67,"column":9}},"type":"if","locations":[{"start":{"line":64,"column":8},"end":{"line":67,"column":9}},{"start":{},"end":{}}]},"6":{"loc":{"start":{"line":73,"column":26},"end":{"line":73,"column":57}},"type":"binary-expr","locations":[{"start":{"line":73,"column":26},"end":{"line":73,"column":52}},{"start":{"line":73,"column":56},"end":{"line":73,"column":57}}]},"7":{"loc":{"start":{"line":97,"column":6},"end":{"line":100,"column":7}},"type":"if","locations":[{"start":{"line":97,"column":6},"end":{"line":100,"column":7}},{"start":{},"end":{}}]},"8":{"loc":{"start":{"line":102,"column":20},"end":{"line":102,"column":29}},"type":"binary-expr","locations":[{"start":{"line":102,"column":20},"end":{"line":102,"column":24}},{"start":{"line":102,"column":28},"end":{"line":102,"column":29}}]},"9":{"loc":{"start":{"line":122,"column":6},"end":{"line":122,"column":30}},"type":"if","locations":[{"start":{"line":122,"column":6},"end":{"line":122,"column":30}},{"start":{},"end":{}}]},"10":{"loc":{"start":{"line":131,"column":6},"end":{"line":134,"column":7}},"type":"if","locations":[{"start":{"line":131,"column":6},"end":{"line":134,"column":7}},{"start":{},"end":{}}]},"11":{"loc":{"start":{"line":136,"column":25},"end":{"line":136,"column":38}},"type":"binary-expr","locations":[{"start":{"line":136,"column":25},"end":{"line":136,"column":29}},{"start":{"line":136,"column":33},"end":{"line":136,"column":38}}]}},"s":{"0":0,"1":0,"2":0,"3":0,"4":0,"5":0,"6":0,"7":0,"8":0,"9":0,"10":0,"11":0,"12":0,"13":0,"14":0,"15":0,"16":0,"17":0,"18":0,"19":0,"20":0,"21":0,"22":0,"23":0,"24":0,"25":0,"26":0,"27":0,"28":0,"29":0,"30":0,"31":0,"32":0,"33":0,"34":0,"35":0,"36":0,"37":0,"38":0,"39":0,"40":0,"41":0,"42":0,"43":0,"44":0,"45":0,"46":0,"47":0,"48":0,"49":0,"50":0,"51":0,"52":0,"53":0,"54":0,"55":0,"56":0,"57":0,"58":0,"59":0},"f":{"0":0,"1":0,"2":0,"3":0,"4":0,"5":0,"6":0,"7":0,"8":0,"9":0,"10":0,"11":0,"12":0},"b":{"0":[0,0],"1":[0,0],"2":[0,0],"3":[0,0],"4":[0,0],"5":[0,0],"6":[0,0],"7":[0,0],"8":[0,0],"9":[0,0],"10":[0,0],"11":[0,0]}}
}
