TN:
SF:src\components\ui\aspect-ratio.tsx
FNF:0
FNH:0
DA:1,0
DA:3,0
DA:5,0
LF:3
LH:0
BRF:0
BRH:0
end_of_record
TN:
SF:src\components\ui\collapsible.tsx
FNF:0
FNH:0
DA:1,0
DA:3,0
DA:5,0
DA:7,0
DA:9,0
LF:5
LH:0
BRF:0
BRH:0
end_of_record
TN:
SF:src\components\ui\use-toast.ts
FN:3,(anonymous_0)
FN:3,(anonymous_1)
FNF:2
FNH:0
FNDA:0,(anonymous_0)
FNDA:0,(anonymous_1)
DA:1,0
DA:3,0
LF:2
LH:0
BRF:0
BRH:0
end_of_record
TN:
SF:src\constants\filterOptions.ts
FNF:0
FNH:0
DA:1,0
DA:200,0
DA:261,0
LF:3
LH:0
BRF:0
BRH:0
end_of_record
TN:
SF:src\data\countries.ts
FNF:0
FNH:0
DA:1,0
LF:1
LH:0
BRF:0
BRH:0
end_of_record
TN:
SF:src\data\culturalInterests.ts
FNF:0
FNH:0
DA:1,0
LF:1
LH:0
BRF:0
BRH:0
end_of_record
TN:
SF:src\data\languages.ts
FNF:0
FNH:0
DA:1,0
LF:1
LH:0
BRF:0
BRH:0
end_of_record
TN:
SF:src\data\mockData.ts
FNF:0
FNH:0
DA:3,0
DA:26,0
DA:47,0
DA:65,0
DA:170,0
DA:195,0
DA:208,0
LF:7
LH:0
BRF:0
BRH:0
end_of_record
TN:
SF:src\hooks\use-mobile.tsx
FN:5,useIsMobile
FN:8,(anonymous_1)
FN:10,(anonymous_2)
FN:15,(anonymous_3)
FNF:4
FNH:0
FNDA:0,useIsMobile
FNDA:0,(anonymous_1)
FNDA:0,(anonymous_2)
FNDA:0,(anonymous_3)
DA:1,0
DA:3,0
DA:5,0
DA:6,0
DA:8,0
DA:9,0
DA:10,0
DA:11,0
DA:13,0
DA:14,0
DA:15,0
DA:18,0
LF:12
LH:0
BRF:0
BRH:0
end_of_record
TN:
SF:src\hooks\useAsyncState.ts
FN:14,(anonymous_7)
FN:20,(anonymous_8)
FN:20,(anonymous_9)
FN:41,(anonymous_10)
FNF:4
FNH:0
FNDA:0,(anonymous_7)
FNDA:0,(anonymous_8)
FNDA:0,(anonymous_9)
FNDA:0,(anonymous_10)
DA:1,0
DA:2,0
DA:14,0
DA:15,0
DA:16,0
DA:17,0
DA:19,0
DA:20,0
DA:21,0
DA:22,0
DA:24,0
DA:25,0
DA:26,0
DA:27,0
DA:28,0
DA:29,0
DA:31,0
DA:32,0
DA:33,0
DA:34,0
DA:35,0
DA:41,0
DA:42,0
DA:43,0
DA:44,0
DA:47,0
DA:48,0
DA:49,0
DA:51,0
LF:29
LH:0
BRDA:14,0,0,0
BRDA:28,1,0,0
BRDA:28,1,1,0
BRDA:28,2,0,0
BRDA:28,2,1,0
BRDA:34,3,0,0
BRDA:34,3,1,0
BRDA:34,4,0,0
BRDA:34,4,1,0
BRF:9
BRH:0
end_of_record
TN:
SF:src\hooks\useAutoRefresh.ts
FN:9,(anonymous_7)
FN:17,(anonymous_8)
FN:17,(anonymous_9)
FN:35,(anonymous_10)
FN:38,(anonymous_11)
FN:44,(anonymous_12)
FN:49,(anonymous_13)
FN:64,(anonymous_14)
FN:69,(anonymous_15)
FN:74,(anonymous_16)
FN:79,(anonymous_17)
FN:84,(anonymous_18)
FN:89,(anonymous_19)
FNF:13
FNH:0
FNDA:0,(anonymous_7)
FNDA:0,(anonymous_8)
FNDA:0,(anonymous_9)
FNDA:0,(anonymous_10)
FNDA:0,(anonymous_11)
FNDA:0,(anonymous_12)
FNDA:0,(anonymous_13)
FNDA:0,(anonymous_14)
FNDA:0,(anonymous_15)
FNDA:0,(anonymous_16)
FNDA:0,(anonymous_17)
FNDA:0,(anonymous_18)
FNDA:0,(anonymous_19)
DA:1,0
DA:2,0
DA:3,0
DA:9,0
DA:14,0
DA:17,0
DA:18,0
DA:20,0
DA:21,0
DA:23,0
DA:26,0
DA:27,0
DA:32,0
DA:35,0
DA:36,0
DA:38,0
DA:39,0
DA:44,0
DA:45,0
DA:49,0
DA:50,0
DA:53,0
DA:64,0
DA:65,0
DA:69,0
DA:70,0
DA:74,0
DA:75,0
DA:79,0
DA:80,0
DA:84,0
DA:85,0
DA:89,0
DA:90,0
LF:34
LH:0
BRDA:18,0,0,0
BRDA:18,0,1,0
BRDA:18,1,0,0
BRDA:18,1,1,0
BRDA:32,2,0,0
BRDA:32,2,1,0
BRF:6
BRH:0
end_of_record
TN:
SF:src\hooks\useConnectionStatus.ts
FN:4,(anonymous_0)
FN:8,(anonymous_1)
FN:10,(anonymous_2)
FN:19,(anonymous_3)
FN:22,(anonymous_4)
FN:25,(anonymous_5)
FN:32,(anonymous_6)
FN:36,(anonymous_7)
FN:44,(anonymous_8)
FN:54,(anonymous_9)
FNF:10
FNH:0
FNDA:0,(anonymous_0)
FNDA:0,(anonymous_1)
FNDA:0,(anonymous_2)
FNDA:0,(anonymous_3)
FNDA:0,(anonymous_4)
FNDA:0,(anonymous_5)
FNDA:0,(anonymous_6)
FNDA:0,(anonymous_7)
FNDA:0,(anonymous_8)
FNDA:0,(anonymous_9)
DA:1,0
DA:2,0
DA:4,0
DA:5,0
DA:6,0
DA:8,0
DA:10,0
DA:11,0
DA:13,0
DA:14,0
DA:19,0
DA:20,0
DA:22,0
DA:25,0
DA:26,0
DA:29,0
DA:32,0
DA:33,0
DA:34,0
DA:36,0
DA:37,0
DA:42,0
DA:44,0
DA:45,0
DA:46,0
DA:47,0
DA:51,0
DA:55,0
DA:56,0
LF:29
LH:0
BRDA:13,0,0,0
BRDA:13,0,1,0
BRDA:33,1,0,0
BRDA:33,1,1,0
BRDA:33,2,0,0
BRDA:33,2,1,0
BRF:6
BRH:0
end_of_record
TN:
SF:src\hooks\useDataPreloader.ts
FN:10,(anonymous_7)
FN:24,(anonymous_8)
FN:29,(anonymous_9)
FN:34,(anonymous_10)
FN:37,(anonymous_11)
FN:37,(anonymous_12)
FN:58,(anonymous_13)
FN:63,(anonymous_14)
FN:66,(anonymous_15)
FN:69,(anonymous_16)
FN:69,(anonymous_17)
FN:82,(anonymous_18)
FN:82,(anonymous_19)
FN:83,(anonymous_20)
FN:85,(anonymous_21)
FN:104,(anonymous_22)
FN:109,(anonymous_23)
FN:110,(anonymous_24)
FN:115,(anonymous_25)
FN:118,(anonymous_26)
FN:121,(anonymous_27)
FN:121,(anonymous_28)
FN:133,(anonymous_29)
FN:134,(anonymous_30)
FN:134,(anonymous_31)
FN:161,(anonymous_32)
FN:165,(anonymous_33)
FN:170,(anonymous_34)
FN:174,(anonymous_35)
FN:177,(anonymous_36)
FN:177,(anonymous_37)
FN:189,(anonymous_38)
FN:190,(anonymous_39)
FN:190,(anonymous_40)
FN:209,(anonymous_41)
FN:213,(anonymous_42)
FN:218,(anonymous_43)
FN:229,(anonymous_44)
FNF:38
FNH:0
FNDA:0,(anonymous_7)
FNDA:0,(anonymous_8)
FNDA:0,(anonymous_9)
FNDA:0,(anonymous_10)
FNDA:0,(anonymous_11)
FNDA:0,(anonymous_12)
FNDA:0,(anonymous_13)
FNDA:0,(anonymous_14)
FNDA:0,(anonymous_15)
FNDA:0,(anonymous_16)
FNDA:0,(anonymous_17)
FNDA:0,(anonymous_18)
FNDA:0,(anonymous_19)
FNDA:0,(anonymous_20)
FNDA:0,(anonymous_21)
FNDA:0,(anonymous_22)
FNDA:0,(anonymous_23)
FNDA:0,(anonymous_24)
FNDA:0,(anonymous_25)
FNDA:0,(anonymous_26)
FNDA:0,(anonymous_27)
FNDA:0,(anonymous_28)
FNDA:0,(anonymous_29)
FNDA:0,(anonymous_30)
FNDA:0,(anonymous_31)
FNDA:0,(anonymous_32)
FNDA:0,(anonymous_33)
FNDA:0,(anonymous_34)
FNDA:0,(anonymous_35)
FNDA:0,(anonymous_36)
FNDA:0,(anonymous_37)
FNDA:0,(anonymous_38)
FNDA:0,(anonymous_39)
FNDA:0,(anonymous_40)
FNDA:0,(anonymous_41)
FNDA:0,(anonymous_42)
FNDA:0,(anonymous_43)
FNDA:0,(anonymous_44)
DA:1,0
DA:2,0
DA:3,0
DA:4,0
DA:7,0
DA:10,0
DA:11,0
DA:12,0
DA:14,0
DA:15,0
DA:16,0
DA:17,0
DA:20,0
DA:24,0
DA:25,0
DA:29,0
DA:30,0
DA:31,0
DA:32,0
DA:34,0
DA:35,0
DA:37,0
DA:38,0
DA:39,0
DA:40,0
DA:42,0
DA:43,0
DA:44,0
DA:47,0
DA:48,0
DA:49,0
DA:50,0
DA:52,0
DA:57,0
DA:58,0
DA:63,0
DA:64,0
DA:66,0
DA:67,0
DA:69,0
DA:70,0
DA:71,0
DA:72,0
DA:74,0
DA:75,0
DA:76,0
DA:79,0
DA:82,0
DA:83,0
DA:84,0
DA:86,0
DA:87,0
DA:91,0
DA:92,0
DA:95,0
DA:96,0
DA:98,0
DA:103,0
DA:104,0
DA:108,0
DA:109,0
DA:110,0
DA:115,0
DA:116,0
DA:118,0
DA:119,0
DA:121,0
DA:122,0
DA:123,0
DA:124,0
DA:126,0
DA:127,0
DA:128,0
DA:131,0
DA:133,0
DA:134,0
DA:135,0
DA:152,0
DA:153,0
DA:155,0
DA:160,0
DA:161,0
DA:164,0
DA:165,0
DA:170,0
DA:171,0
DA:172,0
DA:174,0
DA:175,0
DA:177,0
DA:178,0
DA:179,0
DA:180,0
DA:182,0
DA:183,0
DA:184,0
DA:187,0
DA:189,0
DA:190,0
DA:191,0
DA:200,0
DA:201,0
DA:203,0
DA:208,0
DA:209,0
DA:212,0
DA:213,0
DA:218,0
DA:219,0
DA:229,0
DA:230,0
DA:231,0
LF:112
LH:0
BRDA:12,0,0,0
BRDA:12,0,1,0
BRDA:15,1,0,0
BRDA:15,1,1,0
BRDA:24,2,0,0
BRDA:35,3,0,0
BRDA:35,3,1,0
BRDA:35,4,0,0
BRDA:35,4,1,0
BRDA:35,5,0,0
BRDA:35,5,1,0
BRDA:35,6,0,0
BRDA:35,6,1,0
BRDA:42,7,0,0
BRDA:42,7,1,0
BRDA:59,8,0,0
BRDA:59,8,1,0
BRDA:59,9,0,0
BRDA:59,9,1,0
BRDA:67,10,0,0
BRDA:67,10,1,0
BRDA:67,11,0,0
BRDA:67,11,1,0
BRDA:74,12,0,0
BRDA:74,12,1,0
BRDA:91,13,0,0
BRDA:91,13,1,0
BRDA:119,14,0,0
BRDA:119,14,1,0
BRDA:126,15,0,0
BRDA:126,15,1,0
BRDA:175,16,0,0
BRDA:175,16,1,0
BRDA:175,17,0,0
BRDA:175,17,1,0
BRDA:175,18,0,0
BRDA:175,18,1,0
BRDA:175,19,0,0
BRDA:175,19,1,0
BRDA:182,20,0,0
BRDA:182,20,1,0
BRDA:210,21,0,0
BRDA:210,21,1,0
BRDA:210,22,0,0
BRDA:210,22,1,0
BRDA:213,23,0,0
BRDA:213,23,1,0
BRDA:213,24,0,0
BRDA:213,24,1,0
BRF:49
BRH:0
end_of_record
TN:
SF:src\hooks\useDebounce.ts
FN:11,useDebounce
FN:14,(anonymous_1)
FN:16,(anonymous_2)
FN:21,(anonymous_3)
FN:36,useDebouncedCallback
FN:42,(anonymous_5)
FN:47,(anonymous_6)
FNF:7
FNH:0
FNDA:0,useDebounce
FNDA:0,(anonymous_1)
FNDA:0,(anonymous_2)
FNDA:0,(anonymous_3)
FNDA:0,useDebouncedCallback
FNDA:0,(anonymous_5)
FNDA:0,(anonymous_6)
DA:1,0
DA:11,0
DA:12,0
DA:14,0
DA:16,0
DA:17,0
DA:21,0
DA:22,0
DA:26,0
DA:36,0
DA:40,0
DA:42,0
DA:43,0
DA:44,0
DA:47,0
DA:48,0
DA:51,0
LF:17
LH:0
BRDA:11,0,0,0
BRDA:38,1,0,0
BRDA:43,2,0,0
BRDA:43,2,1,0
BRF:4
BRH:0
end_of_record
TN:
SF:src\hooks\useFilteredData.ts
FN:14,(anonymous_0)
FN:26,(anonymous_1)
FN:29,(anonymous_2)
FN:30,(anonymous_3)
FN:38,(anonymous_4)
FN:39,(anonymous_5)
FN:40,(anonymous_6)
FN:61,(anonymous_7)
FN:64,(anonymous_8)
FN:80,(anonymous_9)
FN:83,(anonymous_10)
FN:84,(anonymous_11)
FN:87,(anonymous_12)
FN:88,(anonymous_13)
FN:88,(anonymous_14)
FN:91,(anonymous_15)
FN:92,(anonymous_16)
FN:93,(anonymous_17)
FN:97,(anonymous_18)
FNF:19
FNH:0
FNDA:0,(anonymous_0)
FNDA:0,(anonymous_1)
FNDA:0,(anonymous_2)
FNDA:0,(anonymous_3)
FNDA:0,(anonymous_4)
FNDA:0,(anonymous_5)
FNDA:0,(anonymous_6)
FNDA:0,(anonymous_7)
FNDA:0,(anonymous_8)
FNDA:0,(anonymous_9)
FNDA:0,(anonymous_10)
FNDA:0,(anonymous_11)
FNDA:0,(anonymous_12)
FNDA:0,(anonymous_13)
FNDA:0,(anonymous_14)
FNDA:0,(anonymous_15)
FNDA:0,(anonymous_16)
FNDA:0,(anonymous_17)
FNDA:0,(anonymous_18)
DA:1,0
DA:14,0
DA:23,0
DA:26,0
DA:27,0
DA:29,0
DA:30,0
DA:31,0
DA:32,0
DA:38,0
DA:39,0
DA:40,0
DA:41,0
DA:42,0
DA:45,0
DA:47,0
DA:49,0
DA:51,0
DA:54,0
DA:61,0
DA:62,0
DA:64,0
DA:65,0
DA:66,0
DA:68,0
DA:69,0
DA:70,0
DA:74,0
DA:80,0
DA:81,0
DA:83,0
DA:84,0
DA:87,0
DA:88,0
DA:91,0
DA:92,0
DA:93,0
DA:97,0
DA:98,0
DA:101,0
LF:40
LH:0
BRDA:16,0,0,0
BRDA:23,1,0,0
BRDA:23,2,0,0
BRDA:23,3,0,0
BRDA:27,4,0,0
BRDA:27,4,1,0
BRDA:27,5,0,0
BRDA:27,5,1,0
BRDA:41,6,0,0
BRDA:41,6,1,0
BRDA:47,7,0,0
BRDA:47,7,1,0
BRDA:47,7,2,0
BRDA:47,7,3,0
BRDA:47,8,0,0
BRDA:47,8,1,0
BRDA:62,9,0,0
BRDA:62,9,1,0
BRDA:68,10,0,0
BRDA:68,10,1,0
BRDA:68,11,0,0
BRDA:68,11,1,0
BRDA:69,12,0,0
BRDA:69,12,1,0
BRDA:69,13,0,0
BRDA:69,13,1,0
BRDA:80,14,0,0
BRDA:93,15,0,0
BRDA:93,15,1,0
BRF:29
BRH:0
end_of_record
TN:
SF:src\hooks\useFormSubmit.ts
FN:12,(anonymous_7)
FN:17,(anonymous_8)
FN:17,(anonymous_9)
FN:37,(anonymous_10)
FNF:4
FNH:0
FNDA:0,(anonymous_7)
FNDA:0,(anonymous_8)
FNDA:0,(anonymous_9)
FNDA:0,(anonymous_10)
DA:1,0
DA:2,0
DA:12,0
DA:13,0
DA:14,0
DA:16,0
DA:17,0
DA:18,0
DA:19,0
DA:21,0
DA:22,0
DA:23,0
DA:24,0
DA:26,0
DA:27,0
DA:28,0
DA:29,0
DA:31,0
DA:37,0
DA:38,0
DA:41,0
LF:21
LH:0
BRDA:12,0,0,0
BRDA:23,1,0,0
BRDA:23,1,1,0
BRDA:23,2,0,0
BRDA:23,2,1,0
BRDA:28,3,0,0
BRDA:28,3,1,0
BRDA:28,4,0,0
BRDA:28,4,1,0
BRF:9
BRH:0
end_of_record
TN:
SF:src\hooks\useGlobalSync.ts
FN:12,(anonymous_7)
FN:18,(anonymous_8)
FN:18,(anonymous_9)
FN:43,(anonymous_10)
FN:43,(anonymous_11)
FN:57,(anonymous_12)
FN:74,(anonymous_13)
FN:90,(anonymous_14)
FN:109,(anonymous_15)
FN:133,(anonymous_16)
FN:153,(anonymous_17)
FN:154,(anonymous_18)
FN:154,(anonymous_19)
FN:166,(anonymous_20)
FN:167,(anonymous_21)
FN:173,(anonymous_22)
FN:177,(anonymous_23)
FN:179,(anonymous_24)
FN:183,(anonymous_25)
FN:190,(anonymous_26)
FN:193,(anonymous_27)
FNF:21
FNH:0
FNDA:0,(anonymous_7)
FNDA:0,(anonymous_8)
FNDA:0,(anonymous_9)
FNDA:0,(anonymous_10)
FNDA:0,(anonymous_11)
FNDA:0,(anonymous_12)
FNDA:0,(anonymous_13)
FNDA:0,(anonymous_14)
FNDA:0,(anonymous_15)
FNDA:0,(anonymous_16)
FNDA:0,(anonymous_17)
FNDA:0,(anonymous_18)
FNDA:0,(anonymous_19)
FNDA:0,(anonymous_20)
FNDA:0,(anonymous_21)
FNDA:0,(anonymous_22)
FNDA:0,(anonymous_23)
FNDA:0,(anonymous_24)
FNDA:0,(anonymous_25)
FNDA:0,(anonymous_26)
FNDA:0,(anonymous_27)
DA:1,0
DA:2,0
DA:3,0
DA:4,0
DA:5,0
DA:6,0
DA:12,0
DA:13,0
DA:14,0
DA:15,0
DA:18,0
DA:19,0
DA:21,0
DA:23,0
DA:25,0
DA:28,0
DA:31,0
DA:34,0
DA:36,0
DA:38,0
DA:43,0
DA:44,0
DA:46,0
DA:48,0
DA:58,0
DA:59,0
DA:65,0
DA:75,0
DA:76,0
DA:82,0
DA:91,0
DA:93,0
DA:94,0
DA:100,0
DA:110,0
DA:111,0
DA:112,0
DA:117,0
DA:120,0
DA:128,0
DA:133,0
DA:134,0
DA:135,0
DA:138,0
DA:139,0
DA:140,0
DA:143,0
DA:144,0
DA:145,0
DA:148,0
DA:153,0
DA:154,0
DA:155,0
DA:156,0
DA:158,0
DA:162,0
DA:166,0
DA:167,0
DA:168,0
DA:169,0
DA:172,0
DA:173,0
DA:177,0
DA:178,0
DA:179,0
DA:183,0
DA:184,0
DA:185,0
DA:186,0
DA:190,0
DA:191,0
DA:192,0
DA:193,0
DA:194,0
DA:195,0
DA:198,0
DA:203,0
LF:77
LH:0
BRDA:19,0,0,0
BRDA:19,0,1,0
BRDA:44,1,0,0
BRDA:44,1,1,0
BRDA:134,2,0,0
BRDA:134,2,1,0
BRDA:140,3,0,0
BRDA:140,3,1,0
BRDA:143,4,0,0
BRDA:143,4,1,0
BRDA:155,5,0,0
BRDA:155,5,1,0
BRDA:184,6,0,0
BRDA:184,6,1,0
BRDA:192,7,0,0
BRDA:192,7,1,0
BRDA:194,8,0,0
BRDA:194,8,1,0
BRDA:194,9,0,0
BRDA:194,9,1,0
BRF:20
BRH:0
end_of_record
TN:
SF:src\hooks\useMasterOptimization.ts
FN:13,(anonymous_7)
FN:23,(anonymous_8)
FN:42,(anonymous_9)
FN:42,(anonymous_10)
FN:57,(anonymous_11)
FN:67,(anonymous_12)
FN:80,(anonymous_13)
FN:92,(anonymous_14)
FN:100,(anonymous_15)
FN:108,(anonymous_16)
FN:109,(anonymous_17)
FN:119,(anonymous_18)
FN:120,(anonymous_19)
FN:134,(anonymous_20)
FN:138,(anonymous_21)
FN:139,(anonymous_22)
FN:141,(anonymous_23)
FN:143,(anonymous_24)
FN:151,(anonymous_25)
FN:155,(anonymous_26)
FN:158,(anonymous_27)
FN:159,(anonymous_28)
FN:164,(anonymous_29)
FNF:23
FNH:0
FNDA:0,(anonymous_7)
FNDA:0,(anonymous_8)
FNDA:0,(anonymous_9)
FNDA:0,(anonymous_10)
FNDA:0,(anonymous_11)
FNDA:0,(anonymous_12)
FNDA:0,(anonymous_13)
FNDA:0,(anonymous_14)
FNDA:0,(anonymous_15)
FNDA:0,(anonymous_16)
FNDA:0,(anonymous_17)
FNDA:0,(anonymous_18)
FNDA:0,(anonymous_19)
FNDA:0,(anonymous_20)
FNDA:0,(anonymous_21)
FNDA:0,(anonymous_22)
FNDA:0,(anonymous_23)
FNDA:0,(anonymous_24)
FNDA:0,(anonymous_25)
FNDA:0,(anonymous_26)
FNDA:0,(anonymous_27)
FNDA:0,(anonymous_28)
FNDA:0,(anonymous_29)
DA:1,0
DA:2,0
DA:3,0
DA:4,0
DA:5,0
DA:6,0
DA:13,0
DA:14,0
DA:15,0
DA:16,0
DA:19,0
DA:20,0
DA:23,0
DA:24,0
DA:26,0
DA:42,0
DA:43,0
DA:45,0
DA:46,0
DA:47,0
DA:48,0
DA:49,0
DA:50,0
DA:52,0
DA:57,0
DA:58,0
DA:60,0
DA:63,0
DA:68,0
DA:69,0
DA:70,0
DA:76,0
DA:81,0
DA:82,0
DA:88,0
DA:93,0
DA:94,0
DA:100,0
DA:101,0
DA:102,0
DA:103,0
DA:108,0
DA:109,0
DA:110,0
DA:111,0
DA:112,0
DA:115,0
DA:119,0
DA:120,0
DA:121,0
DA:122,0
DA:123,0
DA:125,0
DA:126,0
DA:127,0
DA:129,0
DA:133,0
DA:134,0
DA:138,0
DA:139,0
DA:140,0
DA:141,0
DA:142,0
DA:143,0
DA:147,0
DA:148,0
DA:149,0
DA:151,0
DA:155,0
DA:156,0
DA:157,0
DA:158,0
DA:159,0
DA:164,0
DA:165,0
DA:166,0
DA:167,0
DA:168,0
DA:171,0
LF:79
LH:0
BRDA:20,0,0,0
BRDA:20,0,1,0
BRDA:43,1,0,0
BRDA:43,1,1,0
BRDA:58,2,0,0
BRDA:58,2,1,0
BRDA:110,3,0,0
BRDA:110,3,1,0
BRDA:121,4,0,0
BRDA:121,4,1,0
BRDA:123,5,0,0
BRDA:123,5,1,0
BRDA:125,6,0,0
BRDA:125,6,1,0
BRDA:142,7,0,0
BRDA:142,7,1,0
BRDA:156,8,0,0
BRDA:156,8,1,0
BRDA:156,9,0,0
BRDA:156,9,1,0
BRDA:165,10,0,0
BRDA:165,10,1,0
BRF:22
BRH:0
end_of_record
TN:
SF:src\hooks\useMessageDeduplication.ts
FN:13,(anonymous_0)
FN:19,(anonymous_1)
FN:24,(anonymous_2)
FN:29,(anonymous_3)
FN:30,(anonymous_4)
FN:42,(anonymous_5)
FN:43,(anonymous_6)
FN:53,(anonymous_7)
FN:59,(anonymous_8)
FN:62,(anonymous_9)
FN:77,(anonymous_10)
FN:79,(anonymous_11)
FN:88,(anonymous_12)
FN:90,(anonymous_13)
FN:93,(anonymous_14)
FN:105,(anonymous_15)
FN:108,(anonymous_16)
FNF:17
FNH:0
FNDA:0,(anonymous_0)
FNDA:0,(anonymous_1)
FNDA:0,(anonymous_2)
FNDA:0,(anonymous_3)
FNDA:0,(anonymous_4)
FNDA:0,(anonymous_5)
FNDA:0,(anonymous_6)
FNDA:0,(anonymous_7)
FNDA:0,(anonymous_8)
FNDA:0,(anonymous_9)
FNDA:0,(anonymous_10)
FNDA:0,(anonymous_11)
FNDA:0,(anonymous_12)
FNDA:0,(anonymous_13)
FNDA:0,(anonymous_14)
FNDA:0,(anonymous_15)
FNDA:0,(anonymous_16)
DA:1,0
DA:13,0
DA:14,0
DA:15,0
DA:16,0
DA:19,0
DA:20,0
DA:24,0
DA:25,0
DA:29,0
DA:30,0
DA:32,0
DA:38,0
DA:42,0
DA:43,0
DA:44,0
DA:45,0
DA:46,0
DA:48,0
DA:49,0
DA:53,0
DA:54,0
DA:55,0
DA:57,0
DA:59,0
DA:60,0
DA:61,0
DA:62,0
DA:63,0
DA:64,0
DA:65,0
DA:67,0
DA:71,0
DA:72,0
DA:77,0
DA:78,0
DA:79,0
DA:80,0
DA:81,0
DA:84,0
DA:88,0
DA:89,0
DA:90,0
DA:91,0
DA:92,0
DA:93,0
DA:94,0
DA:95,0
DA:96,0
DA:98,0
DA:101,0
DA:105,0
DA:106,0
DA:108,0
DA:109,0
DA:110,0
DA:115,0
LF:57
LH:0
BRDA:60,0,0,0
BRDA:60,0,1,0
BRDA:71,1,0,0
BRDA:71,1,1,0
BRDA:80,2,0,0
BRDA:80,2,1,0
BRDA:91,3,0,0
BRDA:91,3,1,0
BRDA:109,4,0,0
BRDA:109,4,1,0
BRF:10
BRH:0
end_of_record
TN:
SF:src\hooks\usePageOptimization.ts
FN:9,(anonymous_7)
FN:36,(anonymous_8)
FN:36,(anonymous_9)
FN:39,(anonymous_10)
FN:61,(anonymous_11)
FN:70,(anonymous_12)
FN:77,(anonymous_13)
FN:79,(anonymous_14)
FN:87,(anonymous_15)
FN:87,(anonymous_16)
FN:90,(anonymous_17)
FN:90,(anonymous_18)
FN:105,(anonymous_19)
FN:116,(anonymous_20)
FN:120,(anonymous_21)
FN:134,(anonymous_22)
FN:159,(anonymous_23)
FN:166,(anonymous_24)
FN:169,(anonymous_25)
FN:170,(anonymous_26)
FN:174,(anonymous_27)
FN:189,(anonymous_28)
FN:207,(anonymous_29)
FN:215,(anonymous_30)
FN:223,(anonymous_31)
FN:231,(anonymous_32)
FN:238,(anonymous_33)
FNF:27
FNH:0
FNDA:0,(anonymous_7)
FNDA:0,(anonymous_8)
FNDA:0,(anonymous_9)
FNDA:0,(anonymous_10)
FNDA:0,(anonymous_11)
FNDA:0,(anonymous_12)
FNDA:0,(anonymous_13)
FNDA:0,(anonymous_14)
FNDA:0,(anonymous_15)
FNDA:0,(anonymous_16)
FNDA:0,(anonymous_17)
FNDA:0,(anonymous_18)
FNDA:0,(anonymous_19)
FNDA:0,(anonymous_20)
FNDA:0,(anonymous_21)
FNDA:0,(anonymous_22)
FNDA:0,(anonymous_23)
FNDA:0,(anonymous_24)
FNDA:0,(anonymous_25)
FNDA:0,(anonymous_26)
FNDA:0,(anonymous_27)
FNDA:0,(anonymous_28)
FNDA:0,(anonymous_29)
FNDA:0,(anonymous_30)
FNDA:0,(anonymous_31)
FNDA:0,(anonymous_32)
FNDA:0,(anonymous_33)
DA:1,0
DA:2,0
DA:3,0
DA:9,0
DA:25,0
DA:27,0
DA:28,0
DA:34,0
DA:39,0
DA:40,0
DA:48,0
DA:51,0
DA:52,0
DA:55,0
DA:56,0
DA:61,0
DA:62,0
DA:63,0
DA:65,0
DA:68,0
DA:70,0
DA:71,0
DA:72,0
DA:73,0
DA:77,0
DA:78,0
DA:79,0
DA:80,0
DA:87,0
DA:88,0
DA:90,0
DA:91,0
DA:92,0
DA:93,0
DA:98,0
DA:105,0
DA:107,0
DA:110,0
DA:111,0
DA:116,0
DA:120,0
DA:121,0
DA:123,0
DA:130,0
DA:134,0
DA:139,0
DA:140,0
DA:143,0
DA:145,0
DA:146,0
DA:151,0
DA:153,0
DA:160,0
DA:166,0
DA:167,0
DA:169,0
DA:170,0
DA:171,0
DA:174,0
DA:175,0
DA:179,0
DA:182,0
DA:189,0
DA:207,0
DA:208,0
DA:215,0
DA:216,0
DA:223,0
DA:224,0
DA:231,0
DA:232,0
DA:238,0
DA:239,0
LF:73
LH:0
BRDA:11,0,0,0
BRDA:20,1,0,0
BRDA:21,2,0,0
BRDA:22,3,0,0
BRDA:23,4,0,0
BRDA:24,5,0,0
BRDA:34,6,0,0
BRDA:34,6,1,0
BRDA:51,7,0,0
BRDA:51,7,1,0
BRDA:51,8,0,0
BRDA:51,8,1,0
BRDA:55,9,0,0
BRDA:55,9,1,0
BRDA:55,10,0,0
BRDA:55,10,1,0
BRDA:68,11,0,0
BRDA:68,11,1,0
BRDA:88,12,0,0
BRDA:88,12,1,0
BRDA:110,13,0,0
BRDA:110,13,1,0
BRDA:110,14,0,0
BRDA:110,14,1,0
BRDA:118,15,0,0
BRDA:121,16,0,0
BRDA:121,16,1,0
BRDA:139,17,0,0
BRDA:139,17,1,0
BRF:29
BRH:0
end_of_record
TN:
SF:src\hooks\usePerformanceOptimization.ts
FN:5,useIntersectionObserver
FN:12,(anonymous_1)
FN:17,(anonymous_2)
FN:32,(anonymous_3)
FN:41,useDebounce
FN:44,(anonymous_5)
FN:45,(anonymous_6)
FN:49,(anonymous_7)
FN:58,useConnectionStatus
FN:61,(anonymous_9)
FN:70,usePerformanceMonitor
FN:74,(anonymous_11)
FN:88,(anonymous_12)
FN:98,useImageLazyLoad
FN:104,(anonymous_14)
FN:108,(anonymous_15)
FN:112,(anonymous_16)
FN:123,useVirtualScroll
FN:141,(anonymous_18)
FN:157,useCache
FN:164,(anonymous_20)
FNF:21
FNH:0
FNDA:0,useIntersectionObserver
FNDA:0,(anonymous_1)
FNDA:0,(anonymous_2)
FNDA:0,(anonymous_3)
FNDA:0,useDebounce
FNDA:0,(anonymous_5)
FNDA:0,(anonymous_6)
FNDA:0,(anonymous_7)
FNDA:0,useConnectionStatus
FNDA:0,(anonymous_9)
FNDA:0,usePerformanceMonitor
FNDA:0,(anonymous_11)
FNDA:0,(anonymous_12)
FNDA:0,useImageLazyLoad
FNDA:0,(anonymous_14)
FNDA:0,(anonymous_15)
FNDA:0,(anonymous_16)
FNDA:0,useVirtualScroll
FNDA:0,(anonymous_18)
FNDA:0,useCache
FNDA:0,(anonymous_20)
DA:1,0
DA:2,0
DA:5,0
DA:8,0
DA:9,0
DA:10,0
DA:12,0
DA:13,0
DA:14,0
DA:16,0
DA:18,0
DA:19,0
DA:20,0
DA:30,0
DA:32,0
DA:33,0
DA:37,0
DA:41,0
DA:42,0
DA:44,0
DA:45,0
DA:46,0
DA:49,0
DA:50,0
DA:54,0
DA:58,0
DA:59,0
DA:61,0
DA:62,0
DA:63,0
DA:66,0
DA:70,0
DA:71,0
DA:72,0
DA:74,0
DA:75,0
DA:78,0
DA:79,0
DA:80,0
DA:81,0
DA:82,0
DA:83,0
DA:88,0
DA:89,0
DA:90,0
DA:94,0
DA:98,0
DA:99,0
DA:100,0
DA:101,0
DA:102,0
DA:104,0
DA:105,0
DA:107,0
DA:108,0
DA:109,0
DA:110,0
DA:112,0
DA:113,0
DA:114,0
DA:116,0
DA:119,0
DA:123,0
DA:128,0
DA:129,0
DA:131,0
DA:132,0
DA:137,0
DA:138,0
DA:139,0
DA:141,0
DA:142,0
DA:145,0
DA:157,0
DA:162,0
DA:164,0
DA:165,0
DA:168,0
DA:169,0
DA:173,0
DA:174,0
DA:177,0
DA:178,0
DA:179,0
DA:182,0
LF:85
LH:0
BRDA:6,0,0,0
BRDA:14,1,0,0
BRDA:14,1,1,0
BRDA:19,2,0,0
BRDA:19,2,1,0
BRDA:19,3,0,0
BRDA:19,3,1,0
BRDA:78,4,0,0
BRDA:78,4,1,0
BRDA:82,5,0,0
BRDA:82,5,1,0
BRDA:89,6,0,0
BRDA:89,6,1,0
BRDA:105,7,0,0
BRDA:105,7,1,0
BRDA:105,8,0,0
BRDA:105,8,1,0
BRDA:160,9,0,0
BRDA:168,10,0,0
BRDA:168,10,1,0
BRDA:168,11,0,0
BRDA:168,11,1,0
BRDA:177,12,0,0
BRDA:177,12,1,0
BRF:24
BRH:0
end_of_record
TN:
SF:src\hooks\useVirtualScroll.ts
FN:14,(anonymous_0)
FN:34,(anonymous_1)
FN:40,(anonymous_2)
FN:45,(anonymous_3)
FN:49,(anonymous_4)
FN:57,(anonymous_5)
FNF:6
FNH:0
FNDA:0,(anonymous_0)
FNDA:0,(anonymous_1)
FNDA:0,(anonymous_2)
FNDA:0,(anonymous_3)
FNDA:0,(anonymous_4)
FNDA:0,(anonymous_5)
DA:1,0
DA:14,0
DA:20,0
DA:21,0
DA:24,0
DA:25,0
DA:26,0
DA:31,0
DA:34,0
DA:35,0
DA:36,0
DA:40,0
DA:41,0
DA:42,0
DA:44,0
DA:45,0
DA:49,0
DA:50,0
DA:52,0
DA:53,0
DA:57,0
DA:58,0
DA:60,0
DA:66,0
LF:24
LH:0
BRDA:18,0,0,0
BRDA:42,1,0,0
BRDA:42,1,1,0
BRDA:49,2,0,0
BRDA:50,3,0,0
BRDA:50,3,1,0
BRDA:57,4,0,0
BRDA:58,5,0,0
BRDA:58,5,1,0
BRF:9
BRH:0
end_of_record
TN:
SF:src\integrations\supabase\client.ts
FNF:0
FNH:0
DA:2,0
DA:5,0
DA:6,0
DA:11,0
LF:4
LH:0
BRF:0
BRH:0
end_of_record
TN:
SF:src\integrations\supabase\fetchCommunityPosts.ts
FN:22,fetchCommunityPosts
FNF:1
FNH:0
FNDA:0,fetchCommunityPosts
DA:1,0
DA:22,0
DA:23,0
DA:36,0
DA:37,0
DA:38,0
DA:41,0
LF:7
LH:0
BRDA:36,0,0,0
BRDA:36,0,1,0
BRDA:41,1,0,0
BRDA:41,1,1,0
BRF:4
BRH:0
end_of_record
TN:
SF:src\integrations\supabase\fetchProfileById.ts
FN:4,fetchProfileById
FN:40,(anonymous_9)
FN:41,(anonymous_10)
FN:44,(anonymous_11)
FN:45,(anonymous_12)
FN:49,(anonymous_13)
FNF:6
FNH:0
FNDA:0,fetchProfileById
FNDA:0,(anonymous_9)
FNDA:0,(anonymous_10)
FNDA:0,(anonymous_11)
FNDA:0,(anonymous_12)
FNDA:0,(anonymous_13)
DA:1,0
DA:4,0
DA:5,0
DA:7,0
DA:8,0
DA:9,0
DA:13,0
DA:14,0
DA:15,0
DA:16,0
DA:19,0
DA:29,0
DA:30,0
DA:31,0
DA:34,0
DA:35,0
DA:39,0
DA:40,0
DA:41,0
DA:43,0
DA:44,0
DA:45,0
DA:48,0
DA:49,0
DA:52,0
DA:78,0
DA:79,0
DA:81,0
DA:82,0
LF:29
LH:0
BRDA:7,0,0,0
BRDA:7,0,1,0
BRDA:7,1,0,0
BRDA:7,1,1,0
BRDA:7,1,2,0
BRDA:14,2,0,0
BRDA:14,2,1,0
BRDA:29,3,0,0
BRDA:29,3,1,0
BRDA:34,4,0,0
BRDA:34,4,1,0
BRDA:39,5,0,0
BRDA:39,5,1,0
BRDA:43,6,0,0
BRDA:43,6,1,0
BRDA:48,7,0,0
BRDA:48,7,1,0
BRDA:56,8,0,0
BRDA:56,8,1,0
BRDA:57,9,0,0
BRDA:57,9,1,0
BRDA:58,10,0,0
BRDA:58,10,1,0
BRDA:59,11,0,0
BRDA:59,11,1,0
BRDA:63,12,0,0
BRDA:63,12,1,0
BRDA:64,13,0,0
BRDA:64,13,1,0
BRDA:66,14,0,0
BRDA:66,14,1,0
BRDA:67,15,0,0
BRDA:67,15,1,0
BRDA:68,16,0,0
BRDA:68,16,1,0
BRDA:69,17,0,0
BRDA:69,17,1,0
BRDA:70,18,0,0
BRDA:70,18,1,0
BRDA:71,19,0,0
BRDA:71,19,1,0
BRDA:72,20,0,0
BRDA:72,20,1,0
BRDA:73,21,0,0
BRDA:73,21,1,0
BRDA:74,22,0,0
BRDA:74,22,1,0
BRF:47
BRH:0
end_of_record
TN:
SF:src\integrations\supabase\fetchProfiles.ts
FN:4,fetchProfiles
FN:21,(anonymous_9)
FN:24,(anonymous_10)
FN:25,(anonymous_11)
FN:28,(anonymous_12)
FN:29,(anonymous_13)
FN:33,(anonymous_14)
FNF:7
FNH:0
FNDA:0,fetchProfiles
FNDA:0,(anonymous_9)
FNDA:0,(anonymous_10)
FNDA:0,(anonymous_11)
FNDA:0,(anonymous_12)
FNDA:0,(anonymous_13)
FNDA:0,(anonymous_14)
DA:1,0
DA:4,0
DA:5,0
DA:15,0
DA:16,0
DA:17,0
DA:21,0
DA:23,0
DA:24,0
DA:25,0
DA:27,0
DA:28,0
DA:29,0
DA:32,0
DA:33,0
DA:35,0
LF:16
LH:0
BRDA:15,0,0,0
BRDA:15,0,1,0
BRDA:21,1,0,0
BRDA:21,1,1,0
BRDA:23,2,0,0
BRDA:23,2,1,0
BRDA:27,3,0,0
BRDA:27,3,1,0
BRDA:32,4,0,0
BRDA:32,4,1,0
BRDA:39,5,0,0
BRDA:39,5,1,0
BRDA:40,6,0,0
BRDA:40,6,1,0
BRDA:41,7,0,0
BRDA:41,7,1,0
BRDA:42,8,0,0
BRDA:42,8,1,0
BRDA:46,9,0,0
BRDA:46,9,1,0
BRDA:47,10,0,0
BRDA:47,10,1,0
BRDA:49,11,0,0
BRDA:49,11,1,0
BRDA:50,12,0,0
BRDA:50,12,1,0
BRDA:51,13,0,0
BRDA:51,13,1,0
BRDA:52,14,0,0
BRDA:52,14,1,0
BRDA:53,15,0,0
BRDA:53,15,1,0
BRDA:54,16,0,0
BRDA:54,16,1,0
BRDA:55,17,0,0
BRDA:55,17,1,0
BRDA:56,18,0,0
BRDA:56,18,1,0
BRDA:57,19,0,0
BRDA:57,19,1,0
BRF:40
BRH:0
end_of_record
TN:
SF:src\integrations\supabase\types.ts
FNF:0
FNH:0
DA:934,0
LF:1
LH:0
BRF:0
BRH:0
end_of_record
TN:
SF:src\lib\apiPatterns.ts
FN:11,(anonymous_7)
FN:19,(anonymous_8)
FN:79,(anonymous_9)
FN:82,(anonymous_10)
FN:102,(anonymous_11)
FN:106,(anonymous_12)
FN:127,(anonymous_13)
FN:130,(anonymous_14)
FN:148,(anonymous_15)
FN:152,(anonymous_16)
FN:172,(anonymous_17)
FN:175,(anonymous_18)
FN:195,(anonymous_19)
FN:198,(anonymous_20)
FNF:14
FNH:0
FNDA:0,(anonymous_7)
FNDA:0,(anonymous_8)
FNDA:0,(anonymous_9)
FNDA:0,(anonymous_10)
FNDA:0,(anonymous_11)
FNDA:0,(anonymous_12)
FNDA:0,(anonymous_13)
FNDA:0,(anonymous_14)
FNDA:0,(anonymous_15)
FNDA:0,(anonymous_16)
FNDA:0,(anonymous_17)
FNDA:0,(anonymous_18)
FNDA:0,(anonymous_19)
FNDA:0,(anonymous_20)
DA:5,0
DA:6,0
DA:11,0
DA:19,0
DA:20,0
DA:21,0
DA:24,0
DA:27,0
DA:28,0
DA:30,0
DA:31,0
DA:33,0
DA:34,0
DA:36,0
DA:37,0
DA:39,0
DA:40,0
DA:42,0
DA:43,0
DA:45,0
DA:46,0
DA:48,0
DA:49,0
DA:54,0
DA:55,0
DA:61,0
DA:62,0
DA:65,0
DA:67,0
DA:68,0
DA:70,0
DA:71,0
DA:72,0
DA:79,0
DA:82,0
DA:83,0
DA:84,0
DA:90,0
DA:91,0
DA:93,0
DA:94,0
DA:95,0
DA:102,0
DA:106,0
DA:107,0
DA:108,0
DA:115,0
DA:116,0
DA:118,0
DA:119,0
DA:120,0
DA:127,0
DA:130,0
DA:131,0
DA:132,0
DA:137,0
DA:139,0
DA:140,0
DA:141,0
DA:148,0
DA:152,0
DA:153,0
DA:154,0
DA:160,0
DA:161,0
DA:163,0
DA:164,0
DA:165,0
DA:172,0
DA:175,0
DA:176,0
DA:177,0
DA:183,0
DA:184,0
DA:186,0
DA:187,0
DA:188,0
DA:195,0
DA:198,0
DA:199,0
DA:200,0
DA:204,0
DA:205,0
DA:207,0
DA:208,0
DA:210,0
DA:211,0
DA:213,0
DA:214,0
DA:216,0
DA:217,0
DA:221,0
DA:223,0
DA:224,0
DA:226,0
DA:227,0
DA:228,0
LF:97
LH:0
BRDA:13,0,0,0
BRDA:21,1,0,0
BRDA:21,2,0,0
BRDA:28,3,0,0
BRDA:28,3,1,0
BRDA:28,3,2,0
BRDA:28,3,3,0
BRDA:28,3,4,0
BRDA:28,3,5,0
BRDA:28,3,6,0
BRDA:54,4,0,0
BRDA:54,4,1,0
BRDA:61,5,0,0
BRDA:61,5,1,0
BRDA:67,6,0,0
BRDA:67,6,1,0
BRDA:68,7,0,0
BRDA:68,7,1,0
BRDA:90,8,0,0
BRDA:90,8,1,0
BRDA:115,9,0,0
BRDA:115,9,1,0
BRDA:137,10,0,0
BRDA:137,10,1,0
BRDA:151,11,0,0
BRDA:160,12,0,0
BRDA:160,12,1,0
BRDA:183,13,0,0
BRDA:183,13,1,0
BRDA:197,14,0,0
BRDA:205,15,0,0
BRDA:205,15,1,0
BRDA:205,15,2,0
BRDA:205,15,3,0
BRDA:223,16,0,0
BRDA:223,16,1,0
BRDA:224,17,0,0
BRDA:224,17,1,0
BRF:38
BRH:0
end_of_record
TN:
SF:src\lib\connectionManager.ts
FN:16,(anonymous_7)
FN:21,(anonymous_8)
FN:23,(anonymous_9)
FN:31,(anonymous_10)
FN:38,(anonymous_11)
FN:42,(anonymous_12)
FN:44,(anonymous_13)
FN:51,(anonymous_14)
FN:53,(anonymous_15)
FN:54,(anonymous_16)
FN:57,(anonymous_17)
FN:64,(anonymous_18)
FN:73,(anonymous_19)
FN:75,(anonymous_20)
FN:79,(anonymous_21)
FN:85,(anonymous_22)
FN:87,(anonymous_23)
FN:94,(anonymous_24)
FN:105,(anonymous_25)
FN:106,(anonymous_26)
FN:115,(anonymous_27)
FN:117,(anonymous_28)
FN:118,(anonymous_29)
FN:122,(anonymous_30)
FN:141,(anonymous_32)
FN:141,(anonymous_33)
FN:144,(anonymous_34)
FN:144,(anonymous_35)
FN:155,(anonymous_36)
FN:198,(anonymous_37)
FN:198,(anonymous_38)
FN:201,(anonymous_39)
FN:202,(anonymous_40)
FN:207,(anonymous_41)
FN:217,(anonymous_42)
FN:221,(anonymous_43)
FN:232,(anonymous_44)
FN:237,(anonymous_45)
FN:243,(anonymous_46)
FN:252,(anonymous_47)
FN:258,(anonymous_48)
FN:282,(anonymous_49)
FN:288,(anonymous_50)
FN:309,(anonymous_51)
FN:326,(anonymous_52)
FN:331,(anonymous_53)
FN:333,(anonymous_54)
FN:333,(anonymous_55)
FN:347,(anonymous_56)
FN:347,(anonymous_57)
FN:358,(anonymous_58)
FN:368,(anonymous_59)
FN:368,(anonymous_60)
FN:374,(anonymous_61)
FN:381,(anonymous_62)
FN:398,(anonymous_64)
FN:435,(anonymous_66)
FN:439,(anonymous_67)
FN:440,(anonymous_68)
FN:475,(anonymous_69)
FNF:60
FNH:0
FNDA:0,(anonymous_7)
FNDA:0,(anonymous_8)
FNDA:0,(anonymous_9)
FNDA:0,(anonymous_10)
FNDA:0,(anonymous_11)
FNDA:0,(anonymous_12)
FNDA:0,(anonymous_13)
FNDA:0,(anonymous_14)
FNDA:0,(anonymous_15)
FNDA:0,(anonymous_16)
FNDA:0,(anonymous_17)
FNDA:0,(anonymous_18)
FNDA:0,(anonymous_19)
FNDA:0,(anonymous_20)
FNDA:0,(anonymous_21)
FNDA:0,(anonymous_22)
FNDA:0,(anonymous_23)
FNDA:0,(anonymous_24)
FNDA:0,(anonymous_25)
FNDA:0,(anonymous_26)
FNDA:0,(anonymous_27)
FNDA:0,(anonymous_28)
FNDA:0,(anonymous_29)
FNDA:0,(anonymous_30)
FNDA:0,(anonymous_32)
FNDA:0,(anonymous_33)
FNDA:0,(anonymous_34)
FNDA:0,(anonymous_35)
FNDA:0,(anonymous_36)
FNDA:0,(anonymous_37)
FNDA:0,(anonymous_38)
FNDA:0,(anonymous_39)
FNDA:0,(anonymous_40)
FNDA:0,(anonymous_41)
FNDA:0,(anonymous_42)
FNDA:0,(anonymous_43)
FNDA:0,(anonymous_44)
FNDA:0,(anonymous_45)
FNDA:0,(anonymous_46)
FNDA:0,(anonymous_47)
FNDA:0,(anonymous_48)
FNDA:0,(anonymous_49)
FNDA:0,(anonymous_50)
FNDA:0,(anonymous_51)
FNDA:0,(anonymous_52)
FNDA:0,(anonymous_53)
FNDA:0,(anonymous_54)
FNDA:0,(anonymous_55)
FNDA:0,(anonymous_56)
FNDA:0,(anonymous_57)
FNDA:0,(anonymous_58)
FNDA:0,(anonymous_59)
FNDA:0,(anonymous_60)
FNDA:0,(anonymous_61)
FNDA:0,(anonymous_62)
FNDA:0,(anonymous_64)
FNDA:0,(anonymous_66)
FNDA:0,(anonymous_67)
FNDA:0,(anonymous_68)
FNDA:0,(anonymous_69)
DA:2,0
DA:6,0
DA:7,0
DA:8,0
DA:9,0
DA:10,0
DA:11,0
DA:12,0
DA:13,0
DA:14,0
DA:17,0
DA:18,0
DA:23,0
DA:24,0
DA:25,0
DA:26,0
DA:27,0
DA:28,0
DA:31,0
DA:32,0
DA:33,0
DA:34,0
DA:38,0
DA:39,0
DA:40,0
DA:42,0
DA:44,0
DA:46,0
DA:51,0
DA:52,0
DA:53,0
DA:54,0
DA:57,0
DA:58,0
DA:62,0
DA:64,0
DA:65,0
DA:66,0
DA:67,0
DA:73,0
DA:74,0
DA:75,0
DA:79,0
DA:80,0
DA:81,0
DA:87,0
DA:88,0
DA:89,0
DA:94,0
DA:95,0
DA:98,0
DA:99,0
DA:100,0
DA:106,0
DA:107,0
DA:108,0
DA:110,0
DA:116,0
DA:117,0
DA:118,0
DA:123,0
DA:124,0
DA:127,0
DA:129,0
DA:131,0
DA:141,0
DA:144,0
DA:145,0
DA:146,0
DA:147,0
DA:149,0
DA:154,0
DA:155,0
DA:156,0
DA:160,0
DA:161,0
DA:163,0
DA:165,0
DA:166,0
DA:167,0
DA:169,0
DA:170,0
DA:171,0
DA:172,0
DA:175,0
DA:177,0
DA:178,0
DA:180,0
DA:181,0
DA:184,0
DA:186,0
DA:187,0
DA:188,0
DA:189,0
DA:190,0
DA:192,0
DA:194,0
DA:198,0
DA:199,0
DA:201,0
DA:202,0
DA:203,0
DA:204,0
DA:207,0
DA:208,0
DA:209,0
DA:210,0
DA:211,0
DA:218,0
DA:222,0
DA:223,0
DA:224,0
DA:227,0
DA:228,0
DA:230,0
DA:232,0
DA:233,0
DA:239,0
DA:240,0
DA:243,0
DA:244,0
DA:245,0
DA:247,0
DA:252,0
DA:253,0
DA:255,0
DA:258,0
DA:259,0
DA:260,0
DA:263,0
DA:266,0
DA:268,0
DA:272,0
DA:275,0
DA:278,0
DA:283,0
DA:285,0
DA:287,0
DA:288,0
DA:289,0
DA:290,0
DA:291,0
DA:292,0
DA:294,0
DA:295,0
DA:296,0
DA:305,0
DA:310,0
DA:311,0
DA:313,0
DA:314,0
DA:316,0
DA:321,0
DA:322,0
DA:323,0
DA:327,0
DA:328,0
DA:333,0
DA:334,0
DA:336,0
DA:337,0
DA:338,0
DA:339,0
DA:340,0
DA:341,0
DA:342,0
DA:347,0
DA:348,0
DA:349,0
DA:350,0
DA:351,0
DA:352,0
DA:359,0
DA:361,0
DA:362,0
DA:363,0
DA:364,0
DA:366,0
DA:368,0
DA:369,0
DA:375,0
DA:376,0
DA:377,0
DA:382,0
DA:384,0
DA:385,0
DA:386,0
DA:387,0
DA:388,0
DA:389,0
DA:392,0
DA:394,0
DA:399,0
DA:400,0
DA:401,0
DA:403,0
DA:404,0
DA:405,0
DA:408,0
DA:409,0
DA:410,0
DA:414,0
DA:415,0
DA:417,0
DA:418,0
DA:419,0
DA:422,0
DA:424,0
DA:425,0
DA:431,0
DA:432,0
DA:435,0
DA:436,0
DA:437,0
DA:440,0
DA:443,0
DA:445,0
DA:446,0
DA:448,0
DA:449,0
DA:450,0
DA:454,0
DA:456,0
DA:458,0
DA:459,0
DA:462,0
DA:464,0
DA:465,0
DA:468,0
DA:469,0
DA:472,0
DA:473,0
DA:474,0
DA:475,0
DA:480,0
DA:484,0
LF:236
LH:0
BRDA:39,0,0,0
BRDA:39,0,1,0
BRDA:62,1,0,0
BRDA:62,1,1,0
BRDA:65,2,0,0
BRDA:65,2,1,0
BRDA:65,3,0,0
BRDA:65,3,1,0
BRDA:65,4,0,0
BRDA:65,4,1,0
BRDA:88,5,0,0
BRDA:88,5,1,0
BRDA:98,6,0,0
BRDA:98,6,1,0
BRDA:98,7,0,0
BRDA:98,7,1,0
BRDA:123,8,0,0
BRDA:123,8,1,0
BRDA:147,9,0,0
BRDA:147,9,1,0
BRDA:147,10,0,0
BRDA:147,10,1,0
BRDA:147,11,0,0
BRDA:147,11,1,0
BRDA:147,12,0,0
BRDA:147,12,1,0
BRDA:156,13,0,0
BRDA:156,13,1,0
BRDA:165,14,0,0
BRDA:165,14,1,0
BRDA:169,15,0,0
BRDA:169,15,1,0
BRDA:180,16,0,0
BRDA:180,16,1,0
BRDA:187,17,0,0
BRDA:187,17,1,0
BRDA:198,18,0,0
BRDA:199,19,0,0
BRDA:199,19,1,0
BRDA:208,20,0,0
BRDA:208,20,1,0
BRDA:222,21,0,0
BRDA:222,21,1,0
BRDA:244,22,0,0
BRDA:244,22,1,0
BRDA:285,23,0,0
BRDA:285,23,1,0
BRDA:290,24,0,0
BRDA:290,24,1,0
BRDA:294,25,0,0
BRDA:294,25,1,0
BRDA:294,26,0,0
BRDA:294,26,1,0
BRDA:310,27,0,0
BRDA:310,27,1,0
BRDA:313,28,0,0
BRDA:313,28,1,0
BRDA:334,29,0,0
BRDA:334,29,1,0
BRDA:334,30,0,0
BRDA:334,30,1,0
BRDA:334,31,0,0
BRDA:334,31,1,0
BRDA:334,32,0,0
BRDA:334,32,1,0
BRDA:336,33,0,0
BRDA:336,33,1,0
BRDA:336,34,0,0
BRDA:336,34,1,0
BRDA:338,35,0,0
BRDA:338,35,1,0
BRDA:340,36,0,0
BRDA:340,36,1,0
BRDA:340,37,0,0
BRDA:340,37,1,0
BRDA:348,38,0,0
BRDA:348,38,1,0
BRDA:348,39,0,0
BRDA:348,39,1,0
BRDA:350,40,0,0
BRDA:350,40,1,0
BRDA:361,41,0,0
BRDA:361,41,1,0
BRDA:375,42,0,0
BRDA:375,42,1,0
BRDA:382,43,0,0
BRDA:382,43,1,0
BRDA:388,44,0,0
BRDA:388,44,1,0
BRDA:403,45,0,0
BRDA:403,45,1,0
BRDA:408,46,0,0
BRDA:408,46,1,0
BRDA:417,47,0,0
BRDA:417,47,1,0
BRDA:441,48,0,0
BRDA:448,49,0,0
BRDA:448,49,1,0
BRDA:458,50,0,0
BRDA:458,50,1,0
BRDA:468,51,0,0
BRDA:468,51,1,0
BRDA:468,52,0,0
BRDA:468,52,1,0
BRDA:468,52,2,0
BRDA:472,53,0,0
BRDA:472,53,1,0
BRDA:480,54,0,0
BRDA:480,54,1,0
BRF:109
BRH:0
end_of_record
TN:
SF:src\lib\errorHandler.ts
FN:14,(anonymous_7)
FN:72,(anonymous_8)
FN:80,(anonymous_9)
FN:99,(anonymous_10)
FN:110,(anonymous_11)
FN:117,(anonymous_12)
FN:134,(anonymous_13)
FNF:7
FNH:0
FNDA:0,(anonymous_7)
FNDA:0,(anonymous_8)
FNDA:0,(anonymous_9)
FNDA:0,(anonymous_10)
FNDA:0,(anonymous_11)
FNDA:0,(anonymous_12)
FNDA:0,(anonymous_13)
DA:14,0
DA:15,0
DA:16,0
DA:20,0
DA:21,0
DA:31,0
DA:39,0
DA:40,0
DA:47,0
DA:48,0
DA:55,0
DA:56,0
DA:63,0
DA:72,0
DA:80,0
DA:86,0
DA:90,0
DA:91,0
DA:92,0
DA:94,0
DA:96,0
DA:97,0
DA:98,0
DA:99,0
DA:104,0
DA:110,0
DA:117,0
DA:118,0
DA:119,0
DA:120,0
DA:121,0
DA:123,0
DA:124,0
DA:125,0
DA:127,0
DA:134,0
DA:138,0
DA:139,0
DA:146,0
DA:147,0
DA:154,0
LF:41
LH:0
BRDA:15,0,0,0
BRDA:15,0,1,0
BRDA:20,1,0,0
BRDA:20,1,1,0
BRDA:33,2,0,0
BRDA:33,2,1,0
BRDA:33,2,2,0
BRDA:39,3,0,0
BRDA:39,3,1,0
BRDA:39,4,0,0
BRDA:39,4,1,0
BRDA:39,5,0,0
BRDA:39,5,1,0
BRDA:39,6,0,0
BRDA:39,6,1,0
BRDA:39,7,0,0
BRDA:39,7,1,0
BRDA:39,8,0,0
BRDA:39,8,1,0
BRDA:47,9,0,0
BRDA:47,9,1,0
BRDA:47,10,0,0
BRDA:47,10,1,0
BRDA:47,11,0,0
BRDA:47,11,1,0
BRDA:55,12,0,0
BRDA:55,12,1,0
BRDA:55,13,0,0
BRDA:55,13,1,0
BRDA:55,14,0,0
BRDA:55,14,1,0
BRDA:55,15,0,0
BRDA:55,15,1,0
BRDA:55,16,0,0
BRDA:55,16,1,0
BRDA:55,17,0,0
BRDA:55,17,1,0
BRDA:64,18,0,0
BRDA:64,18,1,0
BRDA:74,19,0,0
BRDA:82,20,0,0
BRDA:83,21,0,0
BRDA:84,22,0,0
BRDA:96,23,0,0
BRDA:96,23,1,0
BRDA:98,24,0,0
BRDA:98,24,1,0
BRDA:98,25,0,0
BRDA:98,25,1,0
BRDA:112,26,0,0
BRDA:120,27,0,0
BRDA:120,27,1,0
BRDA:120,28,0,0
BRDA:120,28,1,0
BRDA:124,29,0,0
BRDA:124,29,1,0
BRDA:124,30,0,0
BRDA:124,30,1,0
BRDA:127,31,0,0
BRDA:127,31,1,0
BRDA:127,32,0,0
BRDA:127,32,1,0
BRDA:138,33,0,0
BRDA:138,33,1,0
BRDA:146,34,0,0
BRDA:146,34,1,0
BRF:66
BRH:0
end_of_record
TN:
SF:src\lib\globalDataManager.ts
FN:14,(anonymous_7)
FN:19,(anonymous_8)
FN:21,(anonymous_9)
FN:21,(anonymous_10)
FN:29,(anonymous_11)
FN:36,(anonymous_12)
FN:41,(anonymous_13)
FN:43,(anonymous_14)
FN:47,(anonymous_15)
FN:55,(anonymous_16)
FN:61,(anonymous_17)
FN:65,(anonymous_18)
FN:67,(anonymous_19)
FN:78,(anonymous_20)
FN:86,(anonymous_21)
FN:94,(anonymous_22)
FN:94,(anonymous_23)
FN:107,(anonymous_24)
FN:107,(anonymous_25)
FN:133,(anonymous_26)
FN:151,(anonymous_28)
FN:165,(anonymous_29)
FN:182,(anonymous_30)
FN:201,(anonymous_31)
FN:218,(anonymous_32)
FN:240,(anonymous_33)
FN:247,(anonymous_34)
FN:264,(anonymous_35)
FNF:28
FNH:0
FNDA:0,(anonymous_7)
FNDA:0,(anonymous_8)
FNDA:0,(anonymous_9)
FNDA:0,(anonymous_10)
FNDA:0,(anonymous_11)
FNDA:0,(anonymous_12)
FNDA:0,(anonymous_13)
FNDA:0,(anonymous_14)
FNDA:0,(anonymous_15)
FNDA:0,(anonymous_16)
FNDA:0,(anonymous_17)
FNDA:0,(anonymous_18)
FNDA:0,(anonymous_19)
FNDA:0,(anonymous_20)
FNDA:0,(anonymous_21)
FNDA:0,(anonymous_22)
FNDA:0,(anonymous_23)
FNDA:0,(anonymous_24)
FNDA:0,(anonymous_25)
FNDA:0,(anonymous_26)
FNDA:0,(anonymous_28)
FNDA:0,(anonymous_29)
FNDA:0,(anonymous_30)
FNDA:0,(anonymous_31)
FNDA:0,(anonymous_32)
FNDA:0,(anonymous_33)
FNDA:0,(anonymous_34)
FNDA:0,(anonymous_35)
DA:1,0
DA:2,0
DA:9,0
DA:10,0
DA:11,0
DA:12,0
DA:15,0
DA:16,0
DA:21,0
DA:22,0
DA:23,0
DA:24,0
DA:29,0
DA:30,0
DA:31,0
DA:36,0
DA:37,0
DA:41,0
DA:42,0
DA:43,0
DA:47,0
DA:48,0
DA:49,0
DA:50,0
DA:56,0
DA:59,0
DA:60,0
DA:61,0
DA:67,0
DA:68,0
DA:69,0
DA:70,0
DA:79,0
DA:80,0
DA:87,0
DA:88,0
DA:94,0
DA:95,0
DA:96,0
DA:97,0
DA:100,0
DA:101,0
DA:103,0
DA:104,0
DA:106,0
DA:107,0
DA:108,0
DA:109,0
DA:110,0
DA:112,0
DA:117,0
DA:120,0
DA:122,0
DA:124,0
DA:126,0
DA:134,0
DA:135,0
DA:136,0
DA:137,0
DA:138,0
DA:139,0
DA:141,0
DA:144,0
DA:152,0
DA:154,0
DA:157,0
DA:166,0
DA:167,0
DA:168,0
DA:174,0
DA:183,0
DA:184,0
DA:185,0
DA:186,0
DA:192,0
DA:202,0
DA:203,0
DA:204,0
DA:210,0
DA:219,0
DA:220,0
DA:221,0
DA:227,0
DA:234,0
DA:241,0
DA:242,0
DA:245,0
DA:246,0
DA:247,0
DA:248,0
DA:249,0
DA:252,0
DA:255,0
DA:256,0
DA:261,0
DA:264,0
DA:265,0
LF:97
LH:0
BRDA:22,0,0,0
BRDA:22,0,1,0
BRDA:22,1,0,0
BRDA:22,1,1,0
BRDA:30,2,0,0
BRDA:30,2,1,0
BRDA:48,3,0,0
BRDA:48,3,1,0
BRDA:59,4,0,0
BRDA:59,4,1,0
BRDA:68,5,0,0
BRDA:68,5,1,0
BRDA:68,6,0,0
BRDA:68,6,1,0
BRDA:94,7,0,0
BRDA:95,8,0,0
BRDA:95,8,1,0
BRDA:135,9,0,0
BRDA:135,9,1,0
BRDA:152,10,0,0
BRDA:152,10,1,0
BRDA:241,11,0,0
BRDA:241,11,1,0
BRDA:246,12,0,0
BRDA:246,12,1,0
BRDA:248,13,0,0
BRDA:248,13,1,0
BRDA:248,14,0,0
BRDA:248,14,1,0
BRF:29
BRH:0
end_of_record
TN:
SF:src\lib\mobileFileHandler.ts
FN:11,(anonymous_7)
FN:16,(anonymous_8)
FN:23,(anonymous_9)
FN:32,(anonymous_10)
FN:32,(anonymous_11)
FN:37,(anonymous_12)
FN:42,(anonymous_13)
FN:70,(anonymous_14)
FN:78,(anonymous_15)
FN:117,(anonymous_16)
FN:129,(anonymous_17)
FN:161,(anonymous_18)
FN:192,(anonymous_20)
FN:193,(anonymous_21)
FN:208,(anonymous_22)
FN:232,(anonymous_23)
FN:249,(anonymous_24)
FNF:17
FNH:0
FNDA:0,(anonymous_7)
FNDA:0,(anonymous_8)
FNDA:0,(anonymous_9)
FNDA:0,(anonymous_10)
FNDA:0,(anonymous_11)
FNDA:0,(anonymous_12)
FNDA:0,(anonymous_13)
FNDA:0,(anonymous_14)
FNDA:0,(anonymous_15)
FNDA:0,(anonymous_16)
FNDA:0,(anonymous_17)
FNDA:0,(anonymous_18)
FNDA:0,(anonymous_20)
FNDA:0,(anonymous_21)
FNDA:0,(anonymous_22)
FNDA:0,(anonymous_23)
FNDA:0,(anonymous_24)
DA:6,0
DA:12,0
DA:13,0
DA:17,0
DA:18,0
DA:20,0
DA:24,0
DA:25,0
DA:26,0
DA:32,0
DA:33,0
DA:34,0
DA:37,0
DA:38,0
DA:39,0
DA:40,0
DA:42,0
DA:43,0
DA:45,0
DA:46,0
DA:48,0
DA:51,0
DA:52,0
DA:53,0
DA:54,0
DA:57,0
DA:58,0
DA:61,0
DA:62,0
DA:63,0
DA:64,0
DA:68,0
DA:70,0
DA:71,0
DA:73,0
DA:75,0
DA:77,0
DA:78,0
DA:79,0
DA:80,0
DA:84,0
DA:90,0
DA:92,0
DA:96,0
DA:100,0
DA:105,0
DA:108,0
DA:112,0
DA:113,0
DA:117,0
DA:118,0
DA:119,0
DA:122,0
DA:131,0
DA:133,0
DA:134,0
DA:141,0
DA:148,0
DA:149,0
DA:155,0
DA:162,0
DA:169,0
DA:170,0
DA:171,0
DA:175,0
DA:176,0
DA:177,0
DA:178,0
DA:179,0
DA:181,0
DA:182,0
DA:186,0
DA:193,0
DA:197,0
DA:199,0
DA:200,0
DA:202,0
DA:203,0
DA:204,0
DA:207,0
DA:208,0
DA:211,0
DA:212,0
DA:213,0
DA:216,0
DA:217,0
DA:220,0
DA:221,0
DA:226,0
DA:233,0
DA:234,0
DA:237,0
DA:239,0
DA:240,0
DA:243,0
DA:250,0
DA:251,0
DA:253,0
DA:258,0
LF:99
LH:0
BRDA:17,0,0,0
BRDA:17,0,1,0
BRDA:24,1,0,0
BRDA:24,1,1,0
BRDA:25,2,0,0
BRDA:25,2,1,0
BRDA:26,3,0,0
BRDA:26,3,1,0
BRDA:32,4,0,0
BRDA:33,5,0,0
BRDA:33,5,1,0
BRDA:45,6,0,0
BRDA:45,6,1,0
BRDA:46,7,0,0
BRDA:46,7,1,0
BRDA:51,8,0,0
BRDA:51,8,1,0
BRDA:51,9,0,0
BRDA:51,9,1,0
BRDA:61,10,0,0
BRDA:61,10,1,0
BRDA:68,11,0,0
BRDA:68,11,1,0
BRDA:71,12,0,0
BRDA:71,12,1,0
BRDA:75,13,0,0
BRDA:75,13,1,0
BRDA:79,14,0,0
BRDA:79,14,1,0
BRDA:131,15,0,0
BRDA:131,15,1,0
BRDA:133,16,0,0
BRDA:133,16,1,0
BRDA:148,17,0,0
BRDA:148,17,1,0
BRDA:170,18,0,0
BRDA:170,18,1,0
BRDA:175,19,0,0
BRDA:175,19,1,0
BRDA:195,20,0,0
BRDA:200,21,0,0
BRDA:200,21,1,0
BRDA:207,22,0,0
BRDA:207,22,1,0
BRDA:220,23,0,0
BRDA:220,23,1,0
BRDA:220,24,0,0
BRDA:220,24,1,0
BRDA:220,25,0,0
BRDA:220,25,1,0
BRDA:220,26,0,0
BRDA:220,26,1,0
BRDA:220,27,0,0
BRDA:220,27,1,0
BRDA:220,28,0,0
BRDA:220,28,1,0
BRDA:226,29,0,0
BRDA:226,29,1,0
BRDA:233,30,0,0
BRDA:233,30,1,0
BRDA:237,31,0,0
BRDA:237,31,1,0
BRDA:239,32,0,0
BRDA:239,32,1,0
BRDA:250,33,0,0
BRDA:250,33,1,0
BRF:66
BRH:0
end_of_record
TN:
SF:src\lib\mobileUploadHelper.ts
FN:28,(anonymous_7)
FN:42,(anonymous_8)
FN:49,(anonymous_9)
FN:58,(anonymous_10)
FN:82,(anonymous_11)
FN:105,(anonymous_12)
FN:119,(anonymous_13)
FN:153,(anonymous_14)
FN:154,(anonymous_15)
FN:180,(anonymous_16)
FN:189,(anonymous_17)
FN:190,(anonymous_18)
FN:218,(anonymous_19)
FN:256,(anonymous_20)
FN:279,(anonymous_21)
FN:292,(anonymous_22)
FN:295,(anonymous_23)
FN:298,(anonymous_24)
FN:304,(anonymous_25)
FN:307,(anonymous_26)
FNF:20
FNH:0
FNDA:0,(anonymous_7)
FNDA:0,(anonymous_8)
FNDA:0,(anonymous_9)
FNDA:0,(anonymous_10)
FNDA:0,(anonymous_11)
FNDA:0,(anonymous_12)
FNDA:0,(anonymous_13)
FNDA:0,(anonymous_14)
FNDA:0,(anonymous_15)
FNDA:0,(anonymous_16)
FNDA:0,(anonymous_17)
FNDA:0,(anonymous_18)
FNDA:0,(anonymous_19)
FNDA:0,(anonymous_20)
FNDA:0,(anonymous_21)
FNDA:0,(anonymous_22)
FNDA:0,(anonymous_23)
FNDA:0,(anonymous_24)
FNDA:0,(anonymous_25)
FNDA:0,(anonymous_26)
DA:29,0
DA:30,0
DA:31,0
DA:33,0
DA:43,0
DA:44,0
DA:46,0
DA:50,0
DA:51,0
DA:52,0
DA:62,0
DA:64,0
DA:73,0
DA:74,0
DA:75,0
DA:82,0
DA:83,0
DA:84,0
DA:91,0
DA:92,0
DA:98,0
DA:99,0
DA:106,0
DA:107,0
DA:110,0
DA:112,0
DA:120,0
DA:125,0
DA:127,0
DA:134,0
DA:142,0
DA:154,0
DA:157,0
DA:158,0
DA:159,0
DA:161,0
DA:167,0
DA:168,0
DA:170,0
DA:171,0
DA:173,0
DA:177,0
DA:180,0
DA:183,0
DA:190,0
DA:194,0
DA:196,0
DA:197,0
DA:200,0
DA:201,0
DA:202,0
DA:209,0
DA:211,0
DA:212,0
DA:213,0
DA:216,0
DA:217,0
DA:218,0
DA:221,0
DA:223,0
DA:224,0
DA:231,0
DA:232,0
DA:234,0
DA:237,0
DA:241,0
DA:246,0
DA:257,0
DA:258,0
DA:261,0
DA:262,0
DA:265,0
DA:266,0
DA:269,0
DA:270,0
DA:273,0
DA:280,0
DA:289,0
DA:292,0
DA:293,0
DA:295,0
DA:296,0
DA:298,0
DA:302,0
DA:304,0
DA:305,0
DA:307,0
DA:308,0
LF:88
LH:0
BRDA:37,0,0,0
BRDA:37,0,1,0
BRDA:38,1,0,0
BRDA:38,1,1,0
BRDA:43,2,0,0
BRDA:43,2,1,0
BRDA:50,3,0,0
BRDA:50,3,1,0
BRDA:51,4,0,0
BRDA:51,4,1,0
BRDA:52,5,0,0
BRDA:52,5,1,0
BRDA:58,6,0,0
BRDA:60,7,0,0
BRDA:60,8,0,0
BRDA:60,8,1,0
BRDA:61,9,0,0
BRDA:74,10,0,0
BRDA:74,10,1,0
BRDA:83,11,0,0
BRDA:83,11,1,0
BRDA:91,12,0,0
BRDA:91,12,1,0
BRDA:106,13,0,0
BRDA:106,13,1,0
BRDA:119,14,0,0
BRDA:125,15,0,0
BRDA:125,15,1,0
BRDA:125,15,2,0
BRDA:125,15,3,0
BRDA:155,16,0,0
BRDA:170,17,0,0
BRDA:170,17,1,0
BRDA:192,18,0,0
BRDA:194,19,0,0
BRDA:194,20,0,0
BRDA:194,21,0,0
BRDA:194,21,1,0
BRDA:201,22,0,0
BRDA:201,22,1,0
BRDA:209,23,0,0
BRDA:209,23,1,0
BRDA:216,24,0,0
BRDA:216,24,1,0
BRDA:237,25,0,0
BRDA:237,25,1,0
BRDA:237,26,0,0
BRDA:237,26,1,0
BRDA:237,26,2,0
BRDA:237,26,3,0
BRDA:237,27,0,0
BRDA:237,27,1,0
BRDA:237,28,0,0
BRDA:237,28,1,0
BRDA:238,29,0,0
BRDA:238,29,1,0
BRDA:238,30,0,0
BRDA:238,30,1,0
BRDA:239,31,0,0
BRDA:239,31,1,0
BRDA:239,32,0,0
BRDA:239,32,1,0
BRDA:240,33,0,0
BRDA:240,33,1,0
BRDA:240,34,0,0
BRDA:240,34,1,0
BRDA:248,35,0,0
BRDA:248,35,1,0
BRDA:248,36,0,0
BRDA:248,36,1,0
BRDA:248,37,0,0
BRDA:248,37,1,0
BRDA:257,38,0,0
BRDA:257,38,1,0
BRDA:257,39,0,0
BRDA:257,39,1,0
BRDA:261,40,0,0
BRDA:261,40,1,0
BRDA:261,41,0,0
BRDA:261,41,1,0
BRDA:265,42,0,0
BRDA:265,42,1,0
BRDA:265,43,0,0
BRDA:265,43,1,0
BRDA:269,44,0,0
BRDA:269,44,1,0
BRDA:269,45,0,0
BRDA:269,45,1,0
BRDA:281,46,0,0
BRDA:281,46,1,0
BRDA:282,47,0,0
BRDA:282,47,1,0
BRDA:283,48,0,0
BRDA:283,48,1,0
BRF:94
BRH:0
end_of_record
TN:
SF:src\lib\push.ts
FN:6,urlBase64ToUint8Array
FN:17,ensureServiceWorker
FN:30,subscribePush
FN:46,saveSubscription
FN:74,registerPushNotifications
FNF:5
FNH:0
FNDA:0,urlBase64ToUint8Array
FNDA:0,ensureServiceWorker
FNDA:0,subscribePush
FNDA:0,saveSubscription
FNDA:0,registerPushNotifications
DA:1,0
DA:4,0
DA:7,0
DA:8,0
DA:9,0
DA:10,0
DA:11,0
DA:12,0
DA:14,0
DA:18,0
DA:19,0
DA:20,0
DA:21,0
DA:22,0
DA:23,0
DA:25,0
DA:26,0
DA:31,0
DA:32,0
DA:33,0
DA:34,0
DA:35,0
DA:39,0
DA:41,0
DA:42,0
DA:47,0
DA:48,0
DA:49,0
DA:50,0
DA:51,0
DA:54,0
DA:66,0
DA:67,0
DA:70,0
DA:74,0
DA:75,0
DA:76,0
DA:77,0
DA:80,0
DA:81,0
DA:84,0
DA:85,0
DA:86,0
DA:88,0
DA:89,0
DA:92,0
DA:93,0
DA:95,0
DA:96,0
DA:98,0
DA:99,0
DA:101,0
LF:52
LH:0
BRDA:18,0,0,0
BRDA:18,0,1,0
BRDA:21,1,0,0
BRDA:21,1,1,0
BRDA:31,2,0,0
BRDA:31,2,1,0
BRDA:34,3,0,0
BRDA:34,3,1,0
BRDA:50,4,0,0
BRDA:50,4,1,0
BRDA:50,5,0,0
BRDA:50,5,1,0
BRDA:50,6,0,0
BRDA:50,6,1,0
BRDA:51,7,0,0
BRDA:51,7,1,0
BRDA:51,8,0,0
BRDA:51,8,1,0
BRDA:51,9,0,0
BRDA:51,9,1,0
BRDA:66,10,0,0
BRDA:66,10,1,0
BRDA:76,11,0,0
BRDA:76,11,1,0
BRDA:77,12,0,0
BRDA:77,12,1,0
BRDA:85,13,0,0
BRDA:85,13,1,0
BRDA:88,14,0,0
BRDA:88,14,1,0
BRDA:93,15,0,0
BRDA:93,15,1,0
BRDA:96,16,0,0
BRDA:96,16,1,0
BRF:34
BRH:0
end_of_record
TN:
SF:src\lib\storage.ts
FN:7,(anonymous_7)
FN:7,(anonymous_8)
FN:14,(anonymous_9)
FN:18,(anonymous_10)
FN:22,(anonymous_11)
FN:48,(anonymous_12)
FN:69,(anonymous_13)
FN:72,(anonymous_14)
FN:79,(anonymous_15)
FN:91,(anonymous_16)
FN:111,(anonymous_17)
FN:111,(anonymous_18)
FN:153,(anonymous_19)
FN:153,(anonymous_20)
FN:196,(anonymous_21)
FN:200,(anonymous_22)
FN:285,(anonymous_23)
FN:285,(anonymous_24)
FNF:18
FNH:0
FNDA:0,(anonymous_7)
FNDA:0,(anonymous_8)
FNDA:0,(anonymous_9)
FNDA:0,(anonymous_10)
FNDA:0,(anonymous_11)
FNDA:0,(anonymous_12)
FNDA:0,(anonymous_13)
FNDA:0,(anonymous_14)
FNDA:0,(anonymous_15)
FNDA:0,(anonymous_16)
FNDA:0,(anonymous_17)
FNDA:0,(anonymous_18)
FNDA:0,(anonymous_19)
FNDA:0,(anonymous_20)
FNDA:0,(anonymous_21)
FNDA:0,(anonymous_22)
FNDA:0,(anonymous_23)
FNDA:0,(anonymous_24)
DA:1,0
DA:7,0
DA:9,0
DA:10,0
DA:11,0
DA:14,0
DA:15,0
DA:16,0
DA:18,0
DA:19,0
DA:20,0
DA:22,0
DA:23,0
DA:24,0
DA:25,0
DA:28,0
DA:29,0
DA:30,0
DA:33,0
DA:34,0
DA:36,0
DA:37,0
DA:38,0
DA:39,0
DA:43,0
DA:44,0
DA:45,0
DA:47,0
DA:49,0
DA:50,0
DA:54,0
DA:59,0
DA:61,0
DA:69,0
DA:72,0
DA:79,0
DA:80,0
DA:81,0
DA:84,0
DA:85,0
DA:87,0
DA:88,0
DA:91,0
DA:92,0
DA:95,0
DA:111,0
DA:112,0
DA:114,0
DA:117,0
DA:119,0
DA:120,0
DA:121,0
DA:123,0
DA:130,0
DA:131,0
DA:132,0
DA:135,0
DA:139,0
DA:140,0
DA:142,0
DA:143,0
DA:153,0
DA:154,0
DA:156,0
DA:159,0
DA:161,0
DA:162,0
DA:163,0
DA:165,0
DA:172,0
DA:173,0
DA:174,0
DA:177,0
DA:181,0
DA:182,0
DA:184,0
DA:185,0
DA:196,0
DA:200,0
DA:201,0
DA:202,0
DA:208,0
DA:209,0
DA:211,0
DA:212,0
DA:214,0
DA:215,0
DA:218,0
DA:220,0
DA:221,0
DA:222,0
DA:225,0
DA:226,0
DA:227,0
DA:228,0
DA:229,0
DA:230,0
DA:231,0
DA:232,0
DA:233,0
DA:235,0
DA:236,0
DA:237,0
DA:240,0
DA:243,0
DA:244,0
DA:246,0
DA:247,0
DA:249,0
DA:257,0
DA:258,0
DA:259,0
DA:262,0
DA:263,0
DA:265,0
DA:269,0
DA:271,0
DA:272,0
DA:274,0
DA:275,0
DA:285,0
DA:286,0
DA:288,0
DA:289,0
DA:293,0
DA:294,0
DA:298,0
DA:299,0
DA:301,0
DA:303,0
DA:304,0
DA:305,0
DA:306,0
DA:307,0
DA:308,0
DA:309,0
DA:310,0
DA:311,0
DA:312,0
DA:315,0
DA:316,0
DA:318,0
DA:320,0
DA:327,0
DA:328,0
DA:329,0
DA:332,0
DA:336,0
DA:337,0
DA:339,0
DA:340,0
LF:151
LH:0
BRDA:7,0,0,0
BRDA:7,1,0,0
BRDA:9,2,0,0
BRDA:9,2,1,0
BRDA:20,3,0,0
BRDA:20,3,1,0
BRDA:20,4,0,0
BRDA:20,4,1,0
BRDA:28,5,0,0
BRDA:28,5,1,0
BRDA:37,6,0,0
BRDA:37,6,1,0
BRDA:49,7,0,0
BRDA:49,7,1,0
BRDA:81,8,0,0
BRDA:81,8,1,0
BRDA:84,9,0,0
BRDA:84,9,1,0
BRDA:84,10,0,0
BRDA:84,10,1,0
BRDA:87,11,0,0
BRDA:87,11,1,0
BRDA:91,12,0,0
BRDA:91,12,1,0
BRDA:130,13,0,0
BRDA:130,13,1,0
BRDA:172,14,0,0
BRDA:172,14,1,0
BRDA:209,15,0,0
BRDA:209,15,1,0
BRDA:211,16,0,0
BRDA:211,16,1,0
BRDA:211,17,0,0
BRDA:211,17,1,0
BRDA:214,18,0,0
BRDA:214,18,1,0
BRDA:218,19,0,0
BRDA:218,19,1,0
BRDA:218,20,0,0
BRDA:218,20,1,0
BRDA:221,21,0,0
BRDA:221,21,1,0
BRDA:222,22,0,0
BRDA:222,22,1,0
BRDA:225,23,0,0
BRDA:225,23,1,0
BRDA:227,24,0,0
BRDA:227,24,1,0
BRDA:227,25,0,0
BRDA:227,25,1,0
BRDA:233,26,0,0
BRDA:233,26,1,0
BRDA:233,27,0,0
BRDA:233,27,1,0
BRDA:237,28,0,0
BRDA:237,28,1,0
BRDA:237,29,0,0
BRDA:237,29,1,0
BRDA:240,30,0,0
BRDA:240,30,1,0
BRDA:240,31,0,0
BRDA:240,31,1,0
BRDA:247,32,0,0
BRDA:247,32,1,0
BRDA:247,33,0,0
BRDA:247,33,1,0
BRDA:257,34,0,0
BRDA:257,34,1,0
BRDA:263,35,0,0
BRDA:263,35,1,0
BRDA:263,36,0,0
BRDA:263,36,1,0
BRDA:269,37,0,0
BRDA:269,37,1,0
BRDA:269,38,0,0
BRDA:269,38,1,0
BRDA:288,39,0,0
BRDA:288,39,1,0
BRDA:293,40,0,0
BRDA:293,40,1,0
BRDA:298,41,0,0
BRDA:298,41,1,0
BRDA:303,42,0,0
BRDA:303,42,1,0
BRDA:305,43,0,0
BRDA:305,43,1,0
BRDA:307,44,0,0
BRDA:307,44,1,0
BRDA:309,45,0,0
BRDA:309,45,1,0
BRDA:311,46,0,0
BRDA:311,46,1,0
BRDA:327,47,0,0
BRDA:327,47,1,0
BRF:94
BRH:0
end_of_record
TN:
SF:src\lib\subscriptionManager.ts
FN:8,(anonymous_0)
FN:15,(anonymous_1)
FN:37,(anonymous_2)
FN:49,(anonymous_3)
FN:55,(anonymous_4)
FN:67,(anonymous_5)
FN:73,(anonymous_6)
FN:81,(anonymous_7)
FN:87,(anonymous_8)
FN:106,(anonymous_9)
FN:120,(anonymous_10)
FN:131,(anonymous_11)
FN:134,(anonymous_12)
FN:140,(anonymous_13)
FN:150,(anonymous_14)
FN:157,(anonymous_15)
FNF:16
FNH:0
FNDA:0,(anonymous_0)
FNDA:0,(anonymous_1)
FNDA:0,(anonymous_2)
FNDA:0,(anonymous_3)
FNDA:0,(anonymous_4)
FNDA:0,(anonymous_5)
FNDA:0,(anonymous_6)
FNDA:0,(anonymous_7)
FNDA:0,(anonymous_8)
FNDA:0,(anonymous_9)
FNDA:0,(anonymous_10)
FNDA:0,(anonymous_11)
FNDA:0,(anonymous_12)
FNDA:0,(anonymous_13)
FNDA:0,(anonymous_14)
FNDA:0,(anonymous_15)
DA:1,0
DA:9,0
DA:10,0
DA:26,0
DA:28,0
DA:30,0
DA:38,0
DA:40,0
DA:41,0
DA:42,0
DA:46,0
DA:49,0
DA:60,0
DA:62,0
DA:64,0
DA:66,0
DA:67,0
DA:68,0
DA:72,0
DA:73,0
DA:74,0
DA:78,0
DA:79,0
DA:81,0
DA:88,0
DA:89,0
DA:90,0
DA:91,0
DA:92,0
DA:96,0
DA:97,0
DA:98,0
DA:99,0
DA:112,0
DA:113,0
DA:114,0
DA:118,0
DA:120,0
DA:121,0
DA:122,0
DA:125,0
DA:132,0
DA:134,0
DA:135,0
DA:138,0
DA:140,0
DA:141,0
DA:144,0
DA:151,0
DA:158,0
DA:163,0
LF:51
LH:0
BRDA:40,0,0,0
BRDA:40,0,1,0
BRDA:66,1,0,0
BRDA:66,1,1,0
BRDA:72,2,0,0
BRDA:72,2,1,0
BRDA:89,3,0,0
BRDA:89,3,1,0
BRDA:97,4,0,0
BRDA:97,4,1,0
BRDA:113,5,0,0
BRDA:113,5,1,0
BRF:12
BRH:0
end_of_record
TN:
SF:src\lib\toastNotifications.ts
FN:11,(anonymous_7)
FN:21,(anonymous_8)
FN:31,(anonymous_9)
FN:40,(anonymous_10)
FN:50,(anonymous_11)
FN:60,(anonymous_12)
FN:67,(anonymous_13)
FN:78,(anonymous_14)
FN:85,(anonymous_15)
FN:156,(anonymous_16)
FN:163,(anonymous_17)
FNF:11
FNH:0
FNDA:0,(anonymous_7)
FNDA:0,(anonymous_8)
FNDA:0,(anonymous_9)
FNDA:0,(anonymous_10)
FNDA:0,(anonymous_11)
FNDA:0,(anonymous_12)
FNDA:0,(anonymous_13)
FNDA:0,(anonymous_14)
FNDA:0,(anonymous_15)
FNDA:0,(anonymous_16)
FNDA:0,(anonymous_17)
DA:1,0
DA:7,0
DA:12,0
DA:22,0
DA:32,0
DA:41,0
DA:51,0
DA:67,0
DA:68,0
DA:79,0
DA:86,0
DA:93,0
DA:156,0
DA:163,0
DA:164,0
DA:168,0
DA:169,0
DA:170,0
DA:171,0
DA:172,0
DA:174,0
DA:175,0
DA:176,0
LF:23
LH:0
BRDA:164,0,0,0
BRDA:164,0,1,0
BRDA:170,1,0,0
BRDA:170,1,1,0
BRDA:171,2,0,0
BRDA:171,2,1,0
BRDA:174,3,0,0
BRDA:174,3,1,0
BRDA:175,4,0,0
BRDA:175,4,1,0
BRF:10
BRH:0
end_of_record
TN:
SF:src\lib\uploadManager.ts
FN:15,(anonymous_7)
FN:19,(anonymous_8)
FN:20,(anonymous_9)
FN:22,(anonymous_10)
FN:24,(anonymous_11)
FN:39,(anonymous_12)
FN:50,(anonymous_13)
FN:53,(anonymous_14)
FN:61,uploadWithRetry
FN:62,(anonymous_16)
FN:79,(anonymous_17)
FN:89,(anonymous_18)
FN:93,(anonymous_19)
FN:96,(anonymous_20)
FN:96,(anonymous_21)
FN:97,(anonymous_22)
FN:158,(anonymous_23)
FN:162,(anonymous_24)
FNF:18
FNH:0
FNDA:0,(anonymous_7)
FNDA:0,(anonymous_8)
FNDA:0,(anonymous_9)
FNDA:0,(anonymous_10)
FNDA:0,(anonymous_11)
FNDA:0,(anonymous_12)
FNDA:0,(anonymous_13)
FNDA:0,(anonymous_14)
FNDA:0,uploadWithRetry
FNDA:0,(anonymous_16)
FNDA:0,(anonymous_17)
FNDA:0,(anonymous_18)
FNDA:0,(anonymous_19)
FNDA:0,(anonymous_20)
FNDA:0,(anonymous_21)
FNDA:0,(anonymous_22)
FNDA:0,(anonymous_23)
FNDA:0,(anonymous_24)
DA:1,0
DA:3,0
DA:4,0
DA:5,0
DA:15,0
DA:19,0
DA:20,0
DA:21,0
DA:22,0
DA:23,0
DA:24,0
DA:25,0
DA:26,0
DA:28,0
DA:29,0
DA:30,0
DA:33,0
DA:34,0
DA:35,0
DA:36,0
DA:38,0
DA:40,0
DA:41,0
DA:43,0
DA:50,0
DA:51,0
DA:53,0
DA:54,0
DA:62,0
DA:68,0
DA:69,0
DA:70,0
DA:74,0
DA:76,0
DA:78,0
DA:79,0
DA:81,0
DA:89,0
DA:93,0
DA:94,0
DA:96,0
DA:97,0
DA:98,0
DA:101,0
DA:102,0
DA:103,0
DA:105,0
DA:106,0
DA:107,0
DA:110,0
DA:111,0
DA:112,0
DA:113,0
DA:114,0
DA:115,0
DA:116,0
DA:117,0
DA:118,0
DA:120,0
DA:121,0
DA:125,0
DA:126,0
DA:128,0
DA:129,0
DA:131,0
DA:136,0
DA:138,0
DA:142,0
DA:143,0
DA:145,0
DA:146,0
DA:148,0
DA:149,0
DA:150,0
DA:158,0
DA:162,0
DA:163,0
DA:164,0
DA:165,0
DA:168,0
DA:169,0
DA:171,0
DA:172,0
DA:173,0
DA:175,0
DA:176,0
DA:178,0
DA:183,0
DA:185,0
DA:189,0
DA:190,0
DA:191,0
DA:193,0
DA:194,0
LF:94
LH:0
BRDA:17,0,0,0
BRDA:18,1,0,0
BRDA:28,2,0,0
BRDA:28,2,1,0
BRDA:36,3,0,0
BRDA:36,3,1,0
BRDA:36,4,0,0
BRDA:36,4,1,0
BRDA:40,5,0,0
BRDA:40,5,1,0
BRDA:51,6,0,0
BRDA:51,6,1,0
BRDA:51,7,0,0
BRDA:51,7,1,0
BRDA:66,8,0,0
BRDA:74,9,0,0
BRDA:74,9,1,0
BRDA:76,10,0,0
BRDA:76,10,1,0
BRDA:81,11,0,0
BRDA:81,11,1,0
BRDA:92,12,0,0
BRDA:94,13,0,0
BRDA:103,14,0,0
BRDA:103,14,1,0
BRDA:103,15,0,0
BRDA:103,15,1,0
BRDA:106,16,0,0
BRDA:106,16,1,0
BRDA:107,17,0,0
BRDA:107,17,1,0
BRDA:110,18,0,0
BRDA:110,18,1,0
BRDA:112,19,0,0
BRDA:112,19,1,0
BRDA:112,20,0,0
BRDA:112,20,1,0
BRDA:118,21,0,0
BRDA:118,21,1,0
BRDA:118,22,0,0
BRDA:118,22,1,0
BRDA:129,23,0,0
BRDA:129,23,1,0
BRDA:129,24,0,0
BRDA:129,24,1,0
BRDA:136,25,0,0
BRDA:136,25,1,0
BRDA:136,26,0,0
BRDA:136,26,1,0
BRDA:142,27,0,0
BRDA:142,27,1,0
BRDA:142,28,0,0
BRDA:142,28,1,0
BRDA:150,29,0,0
BRDA:150,29,1,0
BRDA:165,30,0,0
BRDA:165,30,1,0
BRDA:165,31,0,0
BRDA:165,31,1,0
BRDA:169,32,0,0
BRDA:169,32,1,0
BRDA:169,33,0,0
BRDA:169,33,1,0
BRDA:176,34,0,0
BRDA:176,34,1,0
BRDA:176,35,0,0
BRDA:176,35,1,0
BRDA:183,36,0,0
BRDA:183,36,1,0
BRDA:183,37,0,0
BRDA:183,37,1,0
BRDA:189,38,0,0
BRDA:189,38,1,0
BRDA:189,39,0,0
BRDA:189,39,1,0
BRDA:194,40,0,0
BRDA:194,40,1,0
BRF:77
BRH:0
end_of_record
TN:
SF:src\lib\utils.ts
FN:4,cn
FNF:1
FNH:0
FNDA:0,cn
DA:1,0
DA:2,0
DA:4,0
DA:5,0
LF:4
LH:0
BRF:0
BRH:0
end_of_record
TN:
SF:src\lib\validation.ts
FN:18,(anonymous_0)
FN:67,(anonymous_1)
FN:85,(anonymous_2)
FN:93,(anonymous_3)
FN:105,(anonymous_4)
FN:130,(anonymous_5)
FN:152,(anonymous_6)
FN:186,(anonymous_7)
FN:187,(anonymous_8)
FN:194,(anonymous_9)
FN:195,(anonymous_10)
FNF:11
FNH:11
FNDA:8,(anonymous_0)
FNDA:4,(anonymous_1)
FNDA:4,(anonymous_2)
FNDA:4,(anonymous_3)
FNDA:3,(anonymous_4)
FNDA:3,(anonymous_5)
FNDA:3,(anonymous_6)
FNDA:2,(anonymous_7)
FNDA:2,(anonymous_8)
FNDA:2,(anonymous_9)
FNDA:2,(anonymous_10)
DA:18,1
DA:25,8
DA:28,8
DA:29,1
DA:30,7
DA:31,1
DA:32,6
DA:33,1
DA:37,8
DA:38,1
DA:42,8
DA:43,5
DA:44,5
DA:45,1
DA:46,4
DA:47,1
DA:48,3
DA:49,1
DA:54,8
DA:55,0
DA:58,8
DA:67,1
DA:68,4
DA:70,4
DA:71,1
DA:72,3
DA:73,1
DA:76,4
DA:85,1
DA:86,4
DA:87,4
DA:93,1
DA:94,4
DA:95,4
DA:96,2
DA:98,2
DA:105,1
DA:112,3
DA:113,3
DA:115,3
DA:116,0
DA:117,0
DA:121,3
DA:122,3
DA:123,1
DA:130,3
DA:131,3
DA:136,3
DA:137,1
DA:143,3
DA:152,1
DA:160,3
DA:161,3
DA:163,3
DA:164,1
DA:170,3
DA:171,1
DA:177,3
DA:186,1
DA:187,2
DA:188,2
DA:194,1
DA:195,2
LF:63
LH:60
BRDA:28,0,0,1
BRDA:28,0,1,7
BRDA:28,1,0,8
BRDA:28,1,1,7
BRDA:30,2,0,1
BRDA:30,2,1,6
BRDA:32,3,0,1
BRDA:32,3,1,5
BRDA:37,4,0,1
BRDA:37,4,1,7
BRDA:37,5,0,8
BRDA:37,5,1,4
BRDA:42,6,0,5
BRDA:42,6,1,3
BRDA:43,7,0,1
BRDA:43,7,1,4
BRDA:44,8,0,1
BRDA:44,8,1,4
BRDA:46,9,0,1
BRDA:46,9,1,3
BRDA:48,10,0,1
BRDA:48,10,1,2
BRDA:54,11,0,0
BRDA:54,11,1,8
BRDA:54,12,0,8
BRDA:54,12,1,1
BRDA:67,13,0,2
BRDA:70,14,0,1
BRDA:70,14,1,3
BRDA:70,15,0,4
BRDA:70,15,1,3
BRDA:72,16,0,1
BRDA:72,16,1,2
BRDA:107,17,0,0
BRDA:113,18,0,1
BRDA:113,19,0,1
BRDA:115,20,0,0
BRDA:115,20,1,3
BRDA:122,21,0,1
BRDA:122,21,1,2
BRDA:131,22,0,3
BRDA:131,22,1,0
BRDA:136,23,0,1
BRDA:136,23,1,2
BRDA:154,24,0,0
BRDA:161,25,0,1
BRDA:161,26,0,1
BRDA:161,27,0,3
BRDA:163,28,0,1
BRDA:163,28,1,2
BRDA:170,29,0,1
BRDA:170,29,1,2
BRDA:188,30,0,2
BRDA:188,30,1,1
BRDA:188,31,0,1
BRDA:188,31,1,1
BRDA:188,32,0,2
BRDA:188,32,1,2
BRF:58
BRH:53
end_of_record
TN:
SF:src\lib\db\messagesCache.ts
FN:17,(anonymous_7)
FN:22,(anonymous_8)
FN:30,(anonymous_10)
FN:32,(anonymous_11)
FN:33,(anonymous_12)
FN:45,(anonymous_13)
FN:47,(anonymous_14)
FN:55,(anonymous_15)
FN:56,(anonymous_16)
FN:60,(anonymous_17)
FN:62,(anonymous_18)
FN:68,(anonymous_20)
FN:70,(anonymous_21)
FN:75,(anonymous_22)
FN:77,(anonymous_23)
FN:78,(anonymous_24)
FN:84,(anonymous_25)
FN:88,(anonymous_27)
FN:88,(anonymous_28)
FN:94,(anonymous_29)
FN:99,(anonymous_30)
FN:101,(anonymous_31)
FN:105,(anonymous_32)
FNF:23
FNH:0
FNDA:0,(anonymous_7)
FNDA:0,(anonymous_8)
FNDA:0,(anonymous_10)
FNDA:0,(anonymous_11)
FNDA:0,(anonymous_12)
FNDA:0,(anonymous_13)
FNDA:0,(anonymous_14)
FNDA:0,(anonymous_15)
FNDA:0,(anonymous_16)
FNDA:0,(anonymous_17)
FNDA:0,(anonymous_18)
FNDA:0,(anonymous_20)
FNDA:0,(anonymous_21)
FNDA:0,(anonymous_22)
FNDA:0,(anonymous_23)
FNDA:0,(anonymous_24)
FNDA:0,(anonymous_25)
FNDA:0,(anonymous_27)
FNDA:0,(anonymous_28)
FNDA:0,(anonymous_29)
FNDA:0,(anonymous_30)
FNDA:0,(anonymous_31)
FNDA:0,(anonymous_32)
DA:18,0
DA:19,0
DA:20,0
DA:23,0
DA:24,0
DA:25,0
DA:27,0
DA:30,0
DA:31,0
DA:32,0
DA:33,0
DA:37,0
DA:38,0
DA:39,0
DA:43,0
DA:44,0
DA:45,0
DA:46,0
DA:47,0
DA:48,0
DA:49,0
DA:50,0
DA:51,0
DA:52,0
DA:55,0
DA:56,0
DA:60,0
DA:63,0
DA:64,0
DA:65,0
DA:66,0
DA:67,0
DA:68,0
DA:69,0
DA:70,0
DA:71,0
DA:73,0
DA:75,0
DA:76,0
DA:77,0
DA:78,0
DA:79,0
DA:80,0
DA:85,0
DA:88,0
DA:89,0
DA:90,0
DA:91,0
DA:92,0
DA:94,0
DA:95,0
DA:96,0
DA:97,0
DA:98,0
DA:99,0
DA:100,0
DA:101,0
DA:103,0
DA:105,0
DA:110,0
LF:60
LH:0
BRDA:23,0,0,0
BRDA:23,0,1,0
BRDA:27,1,0,0
BRDA:27,1,1,0
BRDA:37,2,0,0
BRDA:37,2,1,0
BRDA:43,3,0,0
BRDA:43,3,1,0
BRDA:49,4,0,0
BRDA:49,4,1,0
BRDA:63,5,0,0
BRDA:63,5,1,0
BRDA:63,6,0,0
BRDA:63,6,1,0
BRDA:64,7,0,0
BRDA:64,7,1,0
BRDA:67,8,0,0
BRDA:67,8,1,0
BRDA:88,9,0,0
BRDA:89,10,0,0
BRDA:89,10,1,0
BRDA:91,11,0,0
BRDA:91,11,1,0
BRF:23
BRH:0
end_of_record
TN:
SF:src\lib\db\outbox.ts
FN:15,(anonymous_7)
FN:20,(anonymous_8)
FN:27,(anonymous_10)
FN:29,(anonymous_11)
FN:36,(anonymous_12)
FN:40,(anonymous_13)
FN:44,(anonymous_14)
FN:48,(anonymous_15)
FN:54,(anonymous_17)
FN:56,(anonymous_18)
FN:57,(anonymous_19)
FN:63,(anonymous_20)
FN:77,(anonymous_22)
FN:81,(anonymous_23)
FN:82,(anonymous_24)
FN:86,(anonymous_25)
FN:91,(anonymous_27)
FN:93,(anonymous_28)
FN:94,(anonymous_29)
FN:100,(anonymous_30)
FN:107,(anonymous_32)
FN:110,(anonymous_33)
FN:112,(anonymous_34)
FN:113,(anonymous_35)
FNF:24
FNH:0
FNDA:0,(anonymous_7)
FNDA:0,(anonymous_8)
FNDA:0,(anonymous_10)
FNDA:0,(anonymous_11)
FNDA:0,(anonymous_12)
FNDA:0,(anonymous_13)
FNDA:0,(anonymous_14)
FNDA:0,(anonymous_15)
FNDA:0,(anonymous_17)
FNDA:0,(anonymous_18)
FNDA:0,(anonymous_19)
FNDA:0,(anonymous_20)
FNDA:0,(anonymous_22)
FNDA:0,(anonymous_23)
FNDA:0,(anonymous_24)
FNDA:0,(anonymous_25)
FNDA:0,(anonymous_27)
FNDA:0,(anonymous_28)
FNDA:0,(anonymous_29)
FNDA:0,(anonymous_30)
FNDA:0,(anonymous_32)
FNDA:0,(anonymous_33)
FNDA:0,(anonymous_34)
FNDA:0,(anonymous_35)
DA:16,0
DA:17,0
DA:18,0
DA:21,0
DA:22,0
DA:23,0
DA:25,0
DA:27,0
DA:28,0
DA:29,0
DA:30,0
DA:31,0
DA:32,0
DA:33,0
DA:36,0
DA:37,0
DA:38,0
DA:40,0
DA:45,0
DA:49,0
DA:50,0
DA:51,0
DA:52,0
DA:54,0
DA:55,0
DA:56,0
DA:57,0
DA:58,0
DA:59,0
DA:64,0
DA:65,0
DA:66,0
DA:67,0
DA:68,0
DA:69,0
DA:70,0
DA:71,0
DA:75,0
DA:77,0
DA:78,0
DA:79,0
DA:80,0
DA:81,0
DA:82,0
DA:87,0
DA:88,0
DA:89,0
DA:91,0
DA:92,0
DA:93,0
DA:94,0
DA:95,0
DA:96,0
DA:101,0
DA:102,0
DA:103,0
DA:104,0
DA:105,0
DA:107,0
DA:108,0
DA:110,0
DA:111,0
DA:112,0
DA:113,0
DA:114,0
DA:115,0
DA:120,0
LF:67
LH:0
BRDA:21,0,0,0
BRDA:21,0,1,0
BRDA:25,1,0,0
BRDA:25,1,1,0
BRDA:31,2,0,0
BRDA:31,2,1,0
BRDA:49,3,0,0
BRDA:49,3,1,0
BRDA:64,4,0,0
BRDA:64,4,1,0
BRDA:68,5,0,0
BRDA:68,5,1,0
BRDA:70,6,0,0
BRDA:70,6,1,0
BRDA:87,7,0,0
BRDA:87,7,1,0
BRDA:101,8,0,0
BRDA:101,8,1,0
BRDA:105,9,0,0
BRDA:105,9,1,0
BRF:20
BRH:0
end_of_record
TN:
SF:src\stores\authStore.ts
FN:29,isValidProfile
FN:60,(anonymous_8)
FN:69,(anonymous_9)
FN:69,(anonymous_10)
FN:94,(anonymous_11)
FN:94,(anonymous_12)
FN:128,(anonymous_13)
FN:128,(anonymous_14)
FN:159,(anonymous_15)
FN:159,(anonymous_16)
FN:189,(anonymous_17)
FN:189,(anonymous_18)
FN:199,(anonymous_19)
FN:199,(anonymous_20)
FN:211,(anonymous_21)
FN:211,(anonymous_22)
FN:231,(anonymous_23)
FN:235,(anonymous_24)
FN:235,(anonymous_25)
FN:249,(anonymous_26)
FNF:20
FNH:0
FNDA:0,isValidProfile
FNDA:0,(anonymous_8)
FNDA:0,(anonymous_9)
FNDA:0,(anonymous_10)
FNDA:0,(anonymous_11)
FNDA:0,(anonymous_12)
FNDA:0,(anonymous_13)
FNDA:0,(anonymous_14)
FNDA:0,(anonymous_15)
FNDA:0,(anonymous_16)
FNDA:0,(anonymous_17)
FNDA:0,(anonymous_18)
FNDA:0,(anonymous_19)
FNDA:0,(anonymous_20)
FNDA:0,(anonymous_21)
FNDA:0,(anonymous_22)
FNDA:0,(anonymous_23)
FNDA:0,(anonymous_24)
FNDA:0,(anonymous_25)
FNDA:0,(anonymous_26)
DA:1,0
DA:2,0
DA:3,0
DA:30,0
DA:58,0
DA:60,0
DA:69,0
DA:70,0
DA:72,0
DA:73,0
DA:75,0
DA:76,0
DA:82,0
DA:91,0
DA:94,0
DA:95,0
DA:96,0
DA:102,0
DA:110,0
DA:111,0
DA:123,0
DA:124,0
DA:128,0
DA:129,0
DA:130,0
DA:131,0
DA:140,0
DA:142,0
DA:143,0
DA:154,0
DA:155,0
DA:159,0
DA:160,0
DA:161,0
DA:162,0
DA:166,0
DA:167,0
DA:169,0
DA:175,0
DA:183,0
DA:185,0
DA:189,0
DA:190,0
DA:196,0
DA:199,0
DA:200,0
DA:201,0
DA:211,0
DA:212,0
DA:213,0
DA:215,0
DA:220,0
DA:222,0
DA:228,0
DA:232,0
DA:235,0
DA:236,0
DA:237,0
DA:239,0
DA:241,0
DA:249,0
LF:61
LH:0
BRDA:31,0,0,0
BRDA:31,0,1,0
BRDA:31,0,2,0
BRDA:31,0,3,0
BRDA:75,1,0,0
BRDA:75,1,1,0
BRDA:75,2,0,0
BRDA:75,2,1,0
BRDA:75,3,0,0
BRDA:75,3,1,0
BRDA:85,4,0,0
BRDA:85,4,1,0
BRDA:87,5,0,0
BRDA:87,5,1,0
BRDA:87,6,0,0
BRDA:87,6,1,0
BRDA:95,7,0,0
BRDA:95,7,1,0
BRDA:95,8,0,0
BRDA:95,8,1,0
BRDA:95,9,0,0
BRDA:95,9,1,0
BRDA:95,10,0,0
BRDA:95,10,1,0
BRDA:105,11,0,0
BRDA:105,11,1,0
BRDA:107,12,0,0
BRDA:107,12,1,0
BRDA:110,13,0,0
BRDA:110,13,1,0
BRDA:140,14,0,0
BRDA:140,14,1,0
BRDA:142,15,0,0
BRDA:142,15,1,0
BRDA:166,16,0,0
BRDA:166,16,1,0
BRDA:167,17,0,0
BRDA:167,17,1,0
BRDA:178,18,0,0
BRDA:178,18,1,0
BRDA:180,19,0,0
BRDA:180,19,1,0
BRDA:213,20,0,0
BRDA:213,20,1,0
BRDA:220,21,0,0
BRDA:220,21,1,0
BRDA:228,22,0,0
BRDA:228,22,1,0
BRDA:237,23,0,0
BRDA:237,23,1,0
BRDA:239,24,0,0
BRDA:239,24,1,0
BRDA:239,24,2,0
BRDA:242,25,0,0
BRDA:242,25,1,0
BRF:55
BRH:0
end_of_record
TN:
SF:src\stores\authStore_backup.ts
FN:23,isValidProfile
FN:54,(anonymous_8)
FN:63,(anonymous_9)
FN:63,(anonymous_10)
FN:103,(anonymous_11)
FN:103,(anonymous_12)
FN:139,(anonymous_13)
FN:139,(anonymous_14)
FN:171,(anonymous_15)
FN:171,(anonymous_16)
FN:210,(anonymous_17)
FN:210,(anonymous_18)
FN:220,(anonymous_19)
FN:220,(anonymous_20)
FN:232,(anonymous_21)
FN:232,(anonymous_22)
FN:252,(anonymous_23)
FN:256,(anonymous_24)
FN:256,(anonymous_25)
FN:272,(anonymous_26)
FNF:20
FNH:0
FNDA:0,isValidProfile
FNDA:0,(anonymous_8)
FNDA:0,(anonymous_9)
FNDA:0,(anonymous_10)
FNDA:0,(anonymous_11)
FNDA:0,(anonymous_12)
FNDA:0,(anonymous_13)
FNDA:0,(anonymous_14)
FNDA:0,(anonymous_15)
FNDA:0,(anonymous_16)
FNDA:0,(anonymous_17)
FNDA:0,(anonymous_18)
FNDA:0,(anonymous_19)
FNDA:0,(anonymous_20)
FNDA:0,(anonymous_21)
FNDA:0,(anonymous_22)
FNDA:0,(anonymous_23)
FNDA:0,(anonymous_24)
FNDA:0,(anonymous_25)
FNDA:0,(anonymous_26)
DA:1,0
DA:2,0
DA:3,0
DA:24,0
DA:52,0
DA:54,0
DA:63,0
DA:64,0
DA:66,0
DA:68,0
DA:69,0
DA:70,0
DA:71,0
DA:72,0
DA:73,0
DA:76,0
DA:81,0
DA:83,0
DA:84,0
DA:90,0
DA:99,0
DA:103,0
DA:104,0
DA:105,0
DA:111,0
DA:119,0
DA:120,0
DA:129,0
DA:130,0
DA:134,0
DA:135,0
DA:139,0
DA:140,0
DA:141,0
DA:142,0
DA:151,0
DA:154,0
DA:155,0
DA:166,0
DA:167,0
DA:171,0
DA:172,0
DA:173,0
DA:174,0
DA:178,0
DA:179,0
DA:180,0
DA:182,0
DA:183,0
DA:184,0
DA:186,0
DA:191,0
DA:192,0
DA:193,0
DA:195,0
DA:203,0
DA:204,0
DA:206,0
DA:210,0
DA:211,0
DA:217,0
DA:220,0
DA:221,0
DA:222,0
DA:232,0
DA:233,0
DA:234,0
DA:236,0
DA:241,0
DA:243,0
DA:249,0
DA:253,0
DA:256,0
DA:257,0
DA:258,0
DA:261,0
DA:263,0
DA:272,0
LF:78
LH:0
BRDA:25,0,0,0
BRDA:25,0,1,0
BRDA:25,0,2,0
BRDA:25,0,3,0
BRDA:69,1,0,0
BRDA:69,1,1,0
BRDA:72,2,0,0
BRDA:72,2,1,0
BRDA:72,3,0,0
BRDA:72,3,1,0
BRDA:83,4,0,0
BRDA:83,4,1,0
BRDA:83,5,0,0
BRDA:83,5,1,0
BRDA:83,6,0,0
BRDA:83,6,1,0
BRDA:93,7,0,0
BRDA:93,7,1,0
BRDA:95,8,0,0
BRDA:95,8,1,0
BRDA:95,9,0,0
BRDA:95,9,1,0
BRDA:104,10,0,0
BRDA:104,10,1,0
BRDA:104,11,0,0
BRDA:104,11,1,0
BRDA:104,12,0,0
BRDA:104,12,1,0
BRDA:104,13,0,0
BRDA:104,13,1,0
BRDA:114,14,0,0
BRDA:114,14,1,0
BRDA:116,15,0,0
BRDA:116,15,1,0
BRDA:116,16,0,0
BRDA:116,16,1,0
BRDA:119,17,0,0
BRDA:119,17,1,0
BRDA:129,18,0,0
BRDA:129,18,1,0
BRDA:129,19,0,0
BRDA:129,19,1,0
BRDA:151,20,0,0
BRDA:151,20,1,0
BRDA:154,21,0,0
BRDA:154,21,1,0
BRDA:178,22,0,0
BRDA:178,22,1,0
BRDA:182,23,0,0
BRDA:182,23,1,0
BRDA:191,24,0,0
BRDA:191,24,1,0
BRDA:198,25,0,0
BRDA:198,25,1,0
BRDA:200,26,0,0
BRDA:200,26,1,0
BRDA:200,27,0,0
BRDA:200,27,1,0
BRDA:234,28,0,0
BRDA:234,28,1,0
BRDA:241,29,0,0
BRDA:241,29,1,0
BRDA:249,30,0,0
BRDA:249,30,1,0
BRDA:258,31,0,0
BRDA:258,31,1,0
BRDA:261,32,0,0
BRDA:261,32,1,0
BRDA:261,32,2,0
BRDA:264,33,0,0
BRDA:264,33,1,0
BRF:71
BRH:0
end_of_record
TN:
SF:src\stores\chatStore.ts
FN:73,(anonymous_7)
FN:75,(anonymous_8)
FN:84,(anonymous_9)
FN:84,(anonymous_10)
FN:89,(anonymous_11)
FN:89,(anonymous_12)
FN:121,(anonymous_13)
FN:166,(anonymous_14)
FN:180,(anonymous_15)
FN:187,(anonymous_16)
FN:202,(anonymous_17)
FN:217,(anonymous_18)
FN:217,(anonymous_19)
FN:252,(anonymous_20)
FN:256,(anonymous_21)
FN:263,(anonymous_22)
FN:275,(anonymous_23)
FN:294,(anonymous_24)
FN:308,(anonymous_25)
FN:308,(anonymous_26)
FN:330,(anonymous_27)
FN:358,(anonymous_28)
FN:386,(anonymous_29)
FN:389,(anonymous_30)
FN:400,(anonymous_31)
FN:403,(anonymous_32)
FN:412,(anonymous_33)
FN:415,(anonymous_34)
FN:432,(anonymous_35)
FN:432,(anonymous_36)
FN:455,(anonymous_37)
FN:464,(anonymous_38)
FN:469,(anonymous_39)
FN:471,(anonymous_40)
FN:474,(anonymous_41)
FN:484,(anonymous_42)
FN:487,(anonymous_43)
FN:533,(anonymous_44)
FN:536,(anonymous_45)
FN:547,(anonymous_46)
FN:550,(anonymous_47)
FN:566,(anonymous_48)
FN:566,(anonymous_49)
FN:588,(anonymous_50)
FN:597,(anonymous_51)
FN:602,(anonymous_52)
FN:605,(anonymous_53)
FN:616,(anonymous_54)
FN:619,(anonymous_55)
FN:662,(anonymous_56)
FN:665,(anonymous_57)
FN:676,(anonymous_58)
FN:679,(anonymous_59)
FN:689,(anonymous_60)
FN:718,(anonymous_61)
FN:718,(anonymous_62)
FN:740,(anonymous_63)
FN:742,(anonymous_64)
FN:743,(anonymous_65)
FN:760,(anonymous_66)
FN:760,(anonymous_67)
FN:768,(anonymous_68)
FN:769,(anonymous_69)
FN:778,(anonymous_70)
FN:803,(anonymous_71)
FN:806,(anonymous_72)
FN:811,(anonymous_73)
FN:819,(anonymous_74)
FN:872,(anonymous_75)
FN:872,(anonymous_76)
FN:881,(anonymous_77)
FN:884,(anonymous_78)
FN:901,(anonymous_79)
FN:902,(anonymous_80)
FN:912,(anonymous_81)
FN:921,(anonymous_82)
FN:921,(anonymous_83)
FN:941,(anonymous_84)
FN:943,(anonymous_85)
FN:959,(anonymous_86)
FN:972,(anonymous_87)
FN:983,(anonymous_88)
FN:984,(anonymous_89)
FN:987,(anonymous_90)
FN:988,(anonymous_91)
FN:1000,(anonymous_92)
FN:1001,(anonymous_93)
FN:1004,(anonymous_94)
FN:1011,(anonymous_95)
FN:1011,(anonymous_96)
FN:1031,(anonymous_97)
FN:1034,(anonymous_98)
FN:1052,(anonymous_99)
FN:1057,(anonymous_100)
FN:1059,(anonymous_101)
FN:1069,(anonymous_102)
FN:1080,(anonymous_103)
FNF:97
FNH:0
FNDA:0,(anonymous_7)
FNDA:0,(anonymous_8)
FNDA:0,(anonymous_9)
FNDA:0,(anonymous_10)
FNDA:0,(anonymous_11)
FNDA:0,(anonymous_12)
FNDA:0,(anonymous_13)
FNDA:0,(anonymous_14)
FNDA:0,(anonymous_15)
FNDA:0,(anonymous_16)
FNDA:0,(anonymous_17)
FNDA:0,(anonymous_18)
FNDA:0,(anonymous_19)
FNDA:0,(anonymous_20)
FNDA:0,(anonymous_21)
FNDA:0,(anonymous_22)
FNDA:0,(anonymous_23)
FNDA:0,(anonymous_24)
FNDA:0,(anonymous_25)
FNDA:0,(anonymous_26)
FNDA:0,(anonymous_27)
FNDA:0,(anonymous_28)
FNDA:0,(anonymous_29)
FNDA:0,(anonymous_30)
FNDA:0,(anonymous_31)
FNDA:0,(anonymous_32)
FNDA:0,(anonymous_33)
FNDA:0,(anonymous_34)
FNDA:0,(anonymous_35)
FNDA:0,(anonymous_36)
FNDA:0,(anonymous_37)
FNDA:0,(anonymous_38)
FNDA:0,(anonymous_39)
FNDA:0,(anonymous_40)
FNDA:0,(anonymous_41)
FNDA:0,(anonymous_42)
FNDA:0,(anonymous_43)
FNDA:0,(anonymous_44)
FNDA:0,(anonymous_45)
FNDA:0,(anonymous_46)
FNDA:0,(anonymous_47)
FNDA:0,(anonymous_48)
FNDA:0,(anonymous_49)
FNDA:0,(anonymous_50)
FNDA:0,(anonymous_51)
FNDA:0,(anonymous_52)
FNDA:0,(anonymous_53)
FNDA:0,(anonymous_54)
FNDA:0,(anonymous_55)
FNDA:0,(anonymous_56)
FNDA:0,(anonymous_57)
FNDA:0,(anonymous_58)
FNDA:0,(anonymous_59)
FNDA:0,(anonymous_60)
FNDA:0,(anonymous_61)
FNDA:0,(anonymous_62)
FNDA:0,(anonymous_63)
FNDA:0,(anonymous_64)
FNDA:0,(anonymous_65)
FNDA:0,(anonymous_66)
FNDA:0,(anonymous_67)
FNDA:0,(anonymous_68)
FNDA:0,(anonymous_69)
FNDA:0,(anonymous_70)
FNDA:0,(anonymous_71)
FNDA:0,(anonymous_72)
FNDA:0,(anonymous_73)
FNDA:0,(anonymous_74)
FNDA:0,(anonymous_75)
FNDA:0,(anonymous_76)
FNDA:0,(anonymous_77)
FNDA:0,(anonymous_78)
FNDA:0,(anonymous_79)
FNDA:0,(anonymous_80)
FNDA:0,(anonymous_81)
FNDA:0,(anonymous_82)
FNDA:0,(anonymous_83)
FNDA:0,(anonymous_84)
FNDA:0,(anonymous_85)
FNDA:0,(anonymous_86)
FNDA:0,(anonymous_87)
FNDA:0,(anonymous_88)
FNDA:0,(anonymous_89)
FNDA:0,(anonymous_90)
FNDA:0,(anonymous_91)
FNDA:0,(anonymous_92)
FNDA:0,(anonymous_93)
FNDA:0,(anonymous_94)
FNDA:0,(anonymous_95)
FNDA:0,(anonymous_96)
FNDA:0,(anonymous_97)
FNDA:0,(anonymous_98)
FNDA:0,(anonymous_99)
FNDA:0,(anonymous_100)
FNDA:0,(anonymous_101)
FNDA:0,(anonymous_102)
FNDA:0,(anonymous_103)
DA:1,0
DA:2,0
DA:3,0
DA:4,0
DA:5,0
DA:73,0
DA:75,0
DA:84,0
DA:85,0
DA:86,0
DA:88,0
DA:89,0
DA:91,0
DA:106,0
DA:107,0
DA:110,0
DA:112,0
DA:114,0
DA:115,0
DA:116,0
DA:117,0
DA:121,0
DA:123,0
DA:127,0
DA:143,0
DA:144,0
DA:145,0
DA:148,0
DA:149,0
DA:150,0
DA:151,0
DA:154,0
DA:160,0
DA:161,0
DA:165,0
DA:166,0
DA:167,0
DA:168,0
DA:170,0
DA:176,0
DA:179,0
DA:180,0
DA:181,0
DA:182,0
DA:187,0
DA:188,0
DA:189,0
DA:202,0
DA:203,0
DA:204,0
DA:205,0
DA:208,0
DA:209,0
DA:211,0
DA:213,0
DA:214,0
DA:217,0
DA:218,0
DA:219,0
DA:221,0
DA:237,0
DA:238,0
DA:239,0
DA:243,0
DA:246,0
DA:251,0
DA:252,0
DA:256,0
DA:257,0
DA:259,0
DA:262,0
DA:263,0
DA:264,0
DA:269,0
DA:273,0
DA:274,0
DA:275,0
DA:276,0
DA:277,0
DA:287,0
DA:294,0
DA:302,0
DA:303,0
DA:304,0
DA:308,0
DA:309,0
DA:312,0
DA:313,0
DA:314,0
DA:317,0
DA:322,0
DA:323,0
DA:326,0
DA:327,0
DA:328,0
DA:329,0
DA:330,0
DA:331,0
DA:332,0
DA:342,0
DA:358,0
DA:365,0
DA:367,0
DA:381,0
DA:383,0
DA:384,0
DA:386,0
DA:390,0
DA:394,0
DA:397,0
DA:398,0
DA:400,0
DA:404,0
DA:408,0
DA:412,0
DA:416,0
DA:424,0
DA:425,0
DA:427,0
DA:428,0
DA:432,0
DA:433,0
DA:436,0
DA:437,0
DA:438,0
DA:440,0
DA:455,0
DA:462,0
DA:464,0
DA:466,0
DA:469,0
DA:471,0
DA:475,0
DA:481,0
DA:484,0
DA:488,0
DA:494,0
DA:495,0
DA:496,0
DA:497,0
DA:498,0
DA:510,0
DA:512,0
DA:514,0
DA:515,0
DA:516,0
DA:527,0
DA:530,0
DA:533,0
DA:537,0
DA:542,0
DA:544,0
DA:547,0
DA:551,0
DA:556,0
DA:562,0
DA:566,0
DA:567,0
DA:570,0
DA:571,0
DA:573,0
DA:588,0
DA:595,0
DA:597,0
DA:599,0
DA:602,0
DA:606,0
DA:612,0
DA:613,0
DA:616,0
DA:620,0
DA:626,0
DA:627,0
DA:628,0
DA:629,0
DA:641,0
DA:642,0
DA:643,0
DA:644,0
DA:645,0
DA:656,0
DA:659,0
DA:662,0
DA:666,0
DA:671,0
DA:673,0
DA:676,0
DA:680,0
DA:686,0
DA:687,0
DA:688,0
DA:689,0
DA:690,0
DA:691,0
DA:692,0
DA:705,0
DA:708,0
DA:714,0
DA:718,0
DA:719,0
DA:721,0
DA:731,0
DA:732,0
DA:734,0
DA:735,0
DA:740,0
DA:741,0
DA:742,0
DA:743,0
DA:744,0
DA:747,0
DA:750,0
DA:752,0
DA:754,0
DA:755,0
DA:760,0
DA:761,0
DA:762,0
DA:768,0
DA:770,0
DA:774,0
DA:779,0
DA:782,0
DA:783,0
DA:784,0
DA:785,0
DA:788,0
DA:804,0
DA:805,0
DA:806,0
DA:807,0
DA:808,0
DA:811,0
DA:812,0
DA:813,0
DA:814,0
DA:818,0
DA:819,0
DA:821,0
DA:824,0
DA:825,0
DA:826,0
DA:827,0
DA:831,0
DA:833,0
DA:834,0
DA:835,0
DA:838,0
DA:839,0
DA:840,0
DA:841,0
DA:842,0
DA:846,0
DA:849,0
DA:850,0
DA:851,0
DA:860,0
DA:861,0
DA:863,0
DA:872,0
DA:873,0
DA:874,0
DA:875,0
DA:882,0
DA:884,0
DA:885,0
DA:886,0
DA:887,0
DA:890,0
DA:891,0
DA:893,0
DA:896,0
DA:900,0
DA:901,0
DA:902,0
DA:903,0
DA:904,0
DA:905,0
DA:907,0
DA:913,0
DA:915,0
DA:916,0
DA:917,0
DA:918,0
DA:921,0
DA:922,0
DA:923,0
DA:924,0
DA:925,0
DA:926,0
DA:927,0
DA:930,0
DA:932,0
DA:936,0
DA:941,0
DA:942,0
DA:943,0
DA:944,0
DA:945,0
DA:946,0
DA:947,0
DA:954,0
DA:956,0
DA:960,0
DA:961,0
DA:962,0
DA:964,0
DA:965,0
DA:967,0
DA:968,0
DA:973,0
DA:974,0
DA:975,0
DA:984,0
DA:985,0
DA:987,0
DA:988,0
DA:989,0
DA:990,0
DA:992,0
DA:996,0
DA:1001,0
DA:1005,0
DA:1011,0
DA:1012,0
DA:1014,0
DA:1015,0
DA:1017,0
DA:1018,0
DA:1019,0
DA:1020,0
DA:1021,0
DA:1022,0
DA:1023,0
DA:1025,0
DA:1026,0
DA:1027,0
DA:1028,0
DA:1029,0
DA:1031,0
DA:1032,0
DA:1033,0
DA:1034,0
DA:1035,0
DA:1036,0
DA:1038,0
DA:1040,0
DA:1043,0
DA:1046,0
DA:1051,0
DA:1052,0
DA:1054,0
DA:1055,0
DA:1057,0
DA:1058,0
DA:1059,0
DA:1064,0
DA:1068,0
DA:1069,0
DA:1070,0
DA:1072,0
DA:1073,0
DA:1076,0
DA:1077,0
DA:1078,0
DA:1079,0
DA:1080,0
DA:1081,0
LF:368
LH:0
BRDA:106,0,0,0
BRDA:106,0,1,0
BRDA:114,1,0,0
BRDA:114,1,1,0
BRDA:114,2,0,0
BRDA:114,2,1,0
BRDA:143,3,0,0
BRDA:143,3,1,0
BRDA:149,4,0,0
BRDA:149,4,1,0
BRDA:149,5,0,0
BRDA:149,5,1,0
BRDA:151,6,0,0
BRDA:151,6,1,0
BRDA:151,7,0,0
BRDA:151,7,1,0
BRDA:160,8,0,0
BRDA:160,8,1,0
BRDA:166,9,0,0
BRDA:166,9,1,0
BRDA:166,10,0,0
BRDA:166,10,1,0
BRDA:167,11,0,0
BRDA:167,11,1,0
BRDA:180,12,0,0
BRDA:180,12,1,0
BRDA:180,13,0,0
BRDA:180,13,1,0
BRDA:181,14,0,0
BRDA:181,14,1,0
BRDA:195,15,0,0
BRDA:195,15,1,0
BRDA:197,16,0,0
BRDA:197,16,1,0
BRDA:203,17,0,0
BRDA:203,17,1,0
BRDA:203,18,0,0
BRDA:203,18,1,0
BRDA:203,19,0,0
BRDA:203,19,1,0
BRDA:204,20,0,0
BRDA:204,20,1,0
BRDA:204,21,0,0
BRDA:204,21,1,0
BRDA:204,22,0,0
BRDA:204,22,1,0
BRDA:217,23,0,0
BRDA:237,24,0,0
BRDA:237,24,1,0
BRDA:252,25,0,0
BRDA:252,25,1,0
BRDA:252,26,0,0
BRDA:252,26,1,0
BRDA:252,27,0,0
BRDA:252,27,1,0
BRDA:252,28,0,0
BRDA:252,28,1,0
BRDA:256,29,0,0
BRDA:256,29,1,0
BRDA:259,30,0,0
BRDA:259,30,1,0
BRDA:259,31,0,0
BRDA:259,31,1,0
BRDA:259,32,0,0
BRDA:259,32,1,0
BRDA:262,33,0,0
BRDA:262,33,1,0
BRDA:264,34,0,0
BRDA:264,34,1,0
BRDA:269,35,0,0
BRDA:269,35,1,0
BRDA:274,36,0,0
BRDA:274,36,1,0
BRDA:275,37,0,0
BRDA:275,37,1,0
BRDA:276,38,0,0
BRDA:276,38,1,0
BRDA:279,39,0,0
BRDA:279,39,1,0
BRDA:312,40,0,0
BRDA:312,40,1,0
BRDA:312,41,0,0
BRDA:312,41,1,0
BRDA:312,41,2,0
BRDA:317,42,0,0
BRDA:317,42,1,0
BRDA:318,43,0,0
BRDA:318,43,1,0
BRDA:318,44,0,0
BRDA:318,44,1,0
BRDA:318,44,2,0
BRDA:318,44,3,0
BRDA:318,44,4,0
BRDA:319,45,0,0
BRDA:319,45,1,0
BRDA:319,46,0,0
BRDA:319,46,1,0
BRDA:319,46,2,0
BRDA:322,47,0,0
BRDA:322,47,1,0
BRDA:327,48,0,0
BRDA:327,48,1,0
BRDA:329,49,0,0
BRDA:329,49,1,0
BRDA:331,50,0,0
BRDA:331,50,1,0
BRDA:334,51,0,0
BRDA:334,51,1,0
BRDA:346,52,0,0
BRDA:346,52,1,0
BRDA:346,53,0,0
BRDA:346,53,1,0
BRDA:361,54,0,0
BRDA:361,54,1,0
BRDA:372,55,0,0
BRDA:372,55,1,0
BRDA:372,56,0,0
BRDA:372,56,1,0
BRDA:383,57,0,0
BRDA:383,57,1,0
BRDA:389,58,0,0
BRDA:389,58,1,0
BRDA:389,59,0,0
BRDA:389,59,1,0
BRDA:389,60,0,0
BRDA:389,60,1,0
BRDA:390,61,0,0
BRDA:390,61,1,0
BRDA:397,62,0,0
BRDA:397,62,1,0
BRDA:403,63,0,0
BRDA:403,63,1,0
BRDA:403,64,0,0
BRDA:403,64,1,0
BRDA:403,65,0,0
BRDA:403,65,1,0
BRDA:404,66,0,0
BRDA:404,66,1,0
BRDA:415,67,0,0
BRDA:415,67,1,0
BRDA:415,68,0,0
BRDA:415,68,1,0
BRDA:415,69,0,0
BRDA:415,69,1,0
BRDA:416,70,0,0
BRDA:416,70,1,0
BRDA:438,71,0,0
BRDA:438,71,1,0
BRDA:458,72,0,0
BRDA:458,72,1,0
BRDA:475,73,0,0
BRDA:475,73,1,0
BRDA:488,74,0,0
BRDA:488,74,1,0
BRDA:514,75,0,0
BRDA:514,75,1,0
BRDA:514,76,0,0
BRDA:514,76,1,0
BRDA:514,76,2,0
BRDA:514,76,3,0
BRDA:530,77,0,0
BRDA:530,77,1,0
BRDA:537,78,0,0
BRDA:537,78,1,0
BRDA:551,79,0,0
BRDA:551,79,1,0
BRDA:591,80,0,0
BRDA:591,80,1,0
BRDA:606,81,0,0
BRDA:606,81,1,0
BRDA:620,82,0,0
BRDA:620,82,1,0
BRDA:643,83,0,0
BRDA:643,83,1,0
BRDA:643,84,0,0
BRDA:643,84,1,0
BRDA:643,84,2,0
BRDA:643,84,3,0
BRDA:659,85,0,0
BRDA:659,85,1,0
BRDA:666,86,0,0
BRDA:666,86,1,0
BRDA:680,87,0,0
BRDA:680,87,1,0
BRDA:687,88,0,0
BRDA:687,88,1,0
BRDA:687,89,0,0
BRDA:687,89,1,0
BRDA:689,90,0,0
BRDA:689,90,1,0
BRDA:689,91,0,0
BRDA:689,91,1,0
BRDA:690,92,0,0
BRDA:690,92,1,0
BRDA:690,93,0,0
BRDA:690,93,1,0
BRDA:691,94,0,0
BRDA:691,94,1,0
BRDA:731,95,0,0
BRDA:731,95,1,0
BRDA:734,96,0,0
BRDA:734,96,1,0
BRDA:744,97,0,0
BRDA:744,97,1,0
BRDA:754,98,0,0
BRDA:754,98,1,0
BRDA:770,99,0,0
BRDA:770,99,1,0
BRDA:783,100,0,0
BRDA:783,100,1,0
BRDA:805,101,0,0
BRDA:805,101,1,0
BRDA:805,102,0,0
BRDA:805,102,1,0
BRDA:807,103,0,0
BRDA:807,103,1,0
BRDA:812,104,0,0
BRDA:812,104,1,0
BRDA:821,105,0,0
BRDA:821,105,1,0
BRDA:824,106,0,0
BRDA:824,106,1,0
BRDA:824,107,0,0
BRDA:824,107,1,0
BRDA:824,107,2,0
BRDA:831,108,0,0
BRDA:831,108,1,0
BRDA:831,109,0,0
BRDA:831,109,1,0
BRDA:831,109,2,0
BRDA:835,110,0,0
BRDA:835,110,1,0
BRDA:835,111,0,0
BRDA:835,111,1,0
BRDA:839,112,0,0
BRDA:839,112,1,0
BRDA:849,113,0,0
BRDA:849,113,1,0
BRDA:886,114,0,0
BRDA:886,114,1,0
BRDA:890,115,0,0
BRDA:890,115,1,0
BRDA:900,116,0,0
BRDA:900,116,1,0
BRDA:904,117,0,0
BRDA:904,117,1,0
BRDA:904,118,0,0
BRDA:904,118,1,0
BRDA:904,119,0,0
BRDA:904,119,1,0
BRDA:915,120,0,0
BRDA:915,120,1,0
BRDA:917,121,0,0
BRDA:917,121,1,0
BRDA:917,122,0,0
BRDA:917,122,1,0
BRDA:925,123,0,0
BRDA:925,123,1,0
BRDA:925,124,0,0
BRDA:925,124,1,0
BRDA:942,125,0,0
BRDA:942,125,1,0
BRDA:945,126,0,0
BRDA:945,126,1,0
BRDA:945,127,0,0
BRDA:945,127,1,0
BRDA:962,128,0,0
BRDA:962,128,1,0
BRDA:964,129,0,0
BRDA:964,129,1,0
BRDA:974,130,0,0
BRDA:974,130,1,0
BRDA:989,131,0,0
BRDA:989,131,1,0
BRDA:990,132,0,0
BRDA:990,132,1,0
BRDA:1004,133,0,0
BRDA:1004,133,1,0
BRDA:1004,134,0,0
BRDA:1004,134,1,0
BRDA:1004,135,0,0
BRDA:1004,135,1,0
BRDA:1005,136,0,0
BRDA:1005,136,1,0
BRDA:1012,137,0,0
BRDA:1012,137,1,0
BRDA:1012,138,0,0
BRDA:1012,138,1,0
BRDA:1014,139,0,0
BRDA:1014,139,1,0
BRDA:1020,140,0,0
BRDA:1020,140,1,0
BRDA:1020,141,0,0
BRDA:1020,141,1,0
BRDA:1033,142,0,0
BRDA:1033,142,1,0
BRDA:1035,143,0,0
BRDA:1035,143,1,0
BRDA:1035,144,0,0
BRDA:1035,144,1,0
BRDA:1035,144,2,0
BRDA:1035,144,3,0
BRDA:1054,145,0,0
BRDA:1054,145,1,0
BRDA:1054,146,0,0
BRDA:1054,146,1,0
BRDA:1058,147,0,0
BRDA:1058,147,1,0
BRDA:1068,148,0,0
BRDA:1068,148,1,0
BRDA:1076,149,0,0
BRDA:1076,149,1,0
BRDA:1076,150,0,0
BRDA:1076,150,1,0
BRDA:1078,151,0,0
BRDA:1078,151,1,0
BRF:316
BRH:0
end_of_record
TN:
SF:src\stores\communityStore.ts
FN:21,(anonymous_7)
FN:25,(anonymous_8)
FN:25,(anonymous_9)
FN:28,(anonymous_10)
FN:32,(anonymous_11)
FN:53,(anonymous_12)
FN:53,(anonymous_13)
FN:68,(anonymous_14)
FN:68,(anonymous_15)
FN:78,(anonymous_16)
FN:87,(anonymous_17)
FN:87,(anonymous_18)
FN:94,(anonymous_19)
FN:97,(anonymous_20)
FN:106,(anonymous_21)
FN:108,(anonymous_22)
FN:117,(anonymous_23)
FN:119,(anonymous_24)
FN:125,(anonymous_25)
FN:137,(anonymous_26)
FNF:20
FNH:0
FNDA:0,(anonymous_7)
FNDA:0,(anonymous_8)
FNDA:0,(anonymous_9)
FNDA:0,(anonymous_10)
FNDA:0,(anonymous_11)
FNDA:0,(anonymous_12)
FNDA:0,(anonymous_13)
FNDA:0,(anonymous_14)
FNDA:0,(anonymous_15)
FNDA:0,(anonymous_16)
FNDA:0,(anonymous_17)
FNDA:0,(anonymous_18)
FNDA:0,(anonymous_19)
FNDA:0,(anonymous_20)
FNDA:0,(anonymous_21)
FNDA:0,(anonymous_22)
FNDA:0,(anonymous_23)
FNDA:0,(anonymous_24)
FNDA:0,(anonymous_25)
FNDA:0,(anonymous_26)
DA:1,0
DA:2,0
DA:19,0
DA:21,0
DA:25,0
DA:26,0
DA:27,0
DA:28,0
DA:29,0
DA:32,0
DA:46,0
DA:48,0
DA:49,0
DA:53,0
DA:54,0
DA:64,0
DA:65,0
DA:68,0
DA:69,0
DA:77,0
DA:78,0
DA:79,0
DA:84,0
DA:87,0
DA:88,0
DA:93,0
DA:94,0
DA:95,0
DA:97,0
DA:98,0
DA:100,0
DA:103,0
DA:107,0
DA:108,0
DA:109,0
DA:114,0
DA:118,0
DA:119,0
DA:120,0
DA:121,0
DA:122,0
DA:125,0
DA:129,0
DA:132,0
DA:137,0
LF:45
LH:0
BRDA:36,0,0,0
BRDA:36,0,1,0
BRDA:79,1,0,0
BRDA:79,1,1,0
BRDA:95,2,0,0
BRDA:95,2,1,0
BRDA:109,3,0,0
BRDA:109,3,1,0
BRDA:120,4,0,0
BRDA:120,4,1,0
BRDA:124,5,0,0
BRDA:124,5,1,0
BRF:12
BRH:0
end_of_record
TN:
SF:src\stores\eventsStore.ts
FN:37,(anonymous_7)
FN:41,(anonymous_8)
FN:41,(anonymous_9)
FN:65,(anonymous_10)
FN:65,(anonymous_11)
FN:75,(anonymous_12)
FN:84,(anonymous_13)
FN:84,(anonymous_14)
FN:107,(anonymous_15)
FN:107,(anonymous_16)
FN:116,(anonymous_17)
FN:117,(anonymous_18)
FNF:12
FNH:0
FNDA:0,(anonymous_7)
FNDA:0,(anonymous_8)
FNDA:0,(anonymous_9)
FNDA:0,(anonymous_10)
FNDA:0,(anonymous_11)
FNDA:0,(anonymous_12)
FNDA:0,(anonymous_13)
FNDA:0,(anonymous_14)
FNDA:0,(anonymous_15)
FNDA:0,(anonymous_16)
FNDA:0,(anonymous_17)
FNDA:0,(anonymous_18)
DA:1,0
DA:2,0
DA:37,0
DA:41,0
DA:42,0
DA:43,0
DA:44,0
DA:53,0
DA:54,0
DA:55,0
DA:58,0
DA:60,0
DA:61,0
DA:65,0
DA:66,0
DA:67,0
DA:73,0
DA:75,0
DA:79,0
DA:80,0
DA:84,0
DA:85,0
DA:86,0
DA:87,0
DA:89,0
DA:97,0
DA:100,0
DA:102,0
DA:103,0
DA:107,0
DA:108,0
DA:109,0
DA:114,0
DA:116,0
DA:117,0
DA:120,0
DA:121,0
LF:37
LH:0
BRDA:53,0,0,0
BRDA:53,0,1,0
BRDA:58,1,0,0
BRDA:58,1,1,0
BRDA:73,2,0,0
BRDA:73,2,1,0
BRDA:87,3,0,0
BRDA:87,3,1,0
BRDA:97,4,0,0
BRDA:97,4,1,0
BRDA:114,5,0,0
BRDA:114,5,1,0
BRF:12
BRH:0
end_of_record
TN:
SF:src\stores\exploreStore.ts
FN:43,(anonymous_7)
FN:51,(anonymous_8)
FN:51,(anonymous_9)
FN:54,(anonymous_10)
FN:60,(anonymous_11)
FN:74,(anonymous_12)
FN:81,(anonymous_13)
FN:86,(anonymous_14)
FN:89,(anonymous_15)
FN:97,(anonymous_16)
FN:100,(anonymous_17)
FN:103,(anonymous_18)
FN:117,(anonymous_19)
FN:125,(anonymous_20)
FN:133,(anonymous_21)
FN:156,(anonymous_22)
FN:168,(anonymous_23)
FN:170,(anonymous_24)
FN:184,(anonymous_25)
FN:185,(anonymous_26)
FN:190,(anonymous_27)
FN:193,(anonymous_28)
FN:212,(anonymous_29)
FN:256,(anonymous_30)
FN:257,(anonymous_31)
FN:259,(anonymous_32)
FN:269,(anonymous_33)
FNF:27
FNH:0
FNDA:0,(anonymous_7)
FNDA:0,(anonymous_8)
FNDA:0,(anonymous_9)
FNDA:0,(anonymous_10)
FNDA:0,(anonymous_11)
FNDA:0,(anonymous_12)
FNDA:0,(anonymous_13)
FNDA:0,(anonymous_14)
FNDA:0,(anonymous_15)
FNDA:0,(anonymous_16)
FNDA:0,(anonymous_17)
FNDA:0,(anonymous_18)
FNDA:0,(anonymous_19)
FNDA:0,(anonymous_20)
FNDA:0,(anonymous_21)
FNDA:0,(anonymous_22)
FNDA:0,(anonymous_23)
FNDA:0,(anonymous_24)
FNDA:0,(anonymous_25)
FNDA:0,(anonymous_26)
FNDA:0,(anonymous_27)
FNDA:0,(anonymous_28)
FNDA:0,(anonymous_29)
FNDA:0,(anonymous_30)
FNDA:0,(anonymous_31)
FNDA:0,(anonymous_32)
FNDA:0,(anonymous_33)
DA:1,0
DA:3,0
DA:32,0
DA:43,0
DA:51,0
DA:52,0
DA:53,0
DA:54,0
DA:55,0
DA:57,0
DA:60,0
DA:62,0
DA:68,0
DA:70,0
DA:75,0
DA:76,0
DA:77,0
DA:78,0
DA:82,0
DA:83,0
DA:87,0
DA:89,0
DA:91,0
DA:92,0
DA:94,0
DA:98,0
DA:101,0
DA:104,0
DA:107,0
DA:111,0
DA:112,0
DA:116,0
DA:117,0
DA:118,0
DA:120,0
DA:124,0
DA:125,0
DA:126,0
DA:128,0
DA:132,0
DA:133,0
DA:134,0
DA:136,0
DA:140,0
DA:141,0
DA:145,0
DA:146,0
DA:150,0
DA:151,0
DA:155,0
DA:156,0
DA:157,0
DA:159,0
DA:162,0
DA:165,0
DA:169,0
DA:170,0
DA:172,0
DA:173,0
DA:174,0
DA:177,0
DA:178,0
DA:179,0
DA:180,0
DA:183,0
DA:184,0
DA:186,0
DA:187,0
DA:190,0
DA:191,0
DA:193,0
DA:194,0
DA:197,0
DA:198,0
DA:199,0
DA:200,0
DA:201,0
DA:202,0
DA:203,0
DA:204,0
DA:205,0
DA:209,0
DA:212,0
DA:213,0
DA:216,0
DA:217,0
DA:218,0
DA:219,0
DA:220,0
DA:221,0
DA:225,0
DA:226,0
DA:227,0
DA:228,0
DA:230,0
DA:234,0
DA:235,0
DA:236,0
DA:237,0
DA:238,0
DA:239,0
DA:244,0
DA:245,0
DA:246,0
DA:250,0
DA:251,0
DA:254,0
DA:256,0
DA:257,0
DA:260,0
DA:261,0
DA:264,0
DA:265,0
DA:266,0
DA:270,0
DA:274,0
LF:116
LH:0
BRDA:60,0,0,0
BRDA:60,0,1,0
BRDA:91,1,0,0
BRDA:91,1,1,0
BRDA:94,2,0,0
BRDA:94,2,1,0
BRDA:94,2,2,0
BRDA:94,2,3,0
BRDA:94,2,4,0
BRDA:94,2,5,0
BRDA:96,3,0,0
BRDA:96,3,1,0
BRDA:96,4,0,0
BRDA:96,4,1,0
BRDA:107,5,0,0
BRDA:107,5,1,0
BRDA:111,6,0,0
BRDA:111,6,1,0
BRDA:112,7,0,0
BRDA:112,7,1,0
BRDA:116,8,0,0
BRDA:116,8,1,0
BRDA:120,9,0,0
BRDA:120,9,1,0
BRDA:124,10,0,0
BRDA:124,10,1,0
BRDA:128,11,0,0
BRDA:128,11,1,0
BRDA:132,12,0,0
BRDA:132,12,1,0
BRDA:136,13,0,0
BRDA:136,13,1,0
BRDA:140,14,0,0
BRDA:140,14,1,0
BRDA:140,15,0,0
BRDA:140,15,1,0
BRDA:145,16,0,0
BRDA:145,16,1,0
BRDA:146,17,0,0
BRDA:146,17,1,0
BRDA:146,18,0,0
BRDA:146,18,1,0
BRDA:150,19,0,0
BRDA:150,19,1,0
BRDA:150,20,0,0
BRDA:150,20,1,0
BRDA:155,21,0,0
BRDA:155,21,1,0
BRDA:157,22,0,0
BRDA:157,22,1,0
BRDA:157,23,0,0
BRDA:157,23,1,0
BRDA:159,24,0,0
BRDA:159,24,1,0
BRDA:172,25,0,0
BRDA:172,25,1,0
BRDA:197,26,0,0
BRDA:197,26,1,0
BRDA:197,27,0,0
BRDA:197,27,1,0
BRDA:200,28,0,0
BRDA:200,28,1,0
BRDA:203,29,0,0
BRDA:203,29,1,0
BRDA:216,30,0,0
BRDA:216,30,1,0
BRDA:219,31,0,0
BRDA:219,31,1,0
BRDA:225,32,0,0
BRDA:225,32,1,0
BRDA:225,33,0,0
BRDA:225,33,1,0
BRDA:228,34,0,0
BRDA:228,34,1,0
BRDA:234,35,0,0
BRDA:234,35,1,0
BRDA:234,36,0,0
BRDA:234,36,1,0
BRDA:236,37,0,0
BRDA:236,37,1,0
BRDA:238,38,0,0
BRDA:238,38,1,0
BRDA:244,39,0,0
BRDA:244,39,1,0
BRDA:250,40,0,0
BRDA:250,40,1,0
BRDA:250,41,0,0
BRDA:250,41,1,0
BRF:88
BRH:0
end_of_record
TN:
SF:src\stores\friendRequestStore.ts
FN:17,(anonymous_7)
FN:22,(anonymous_8)
FN:22,(anonymous_9)
FN:37,(anonymous_10)
FN:61,(anonymous_11)
FN:75,(anonymous_12)
FN:75,(anonymous_13)
FN:94,(anonymous_14)
FN:108,(anonymous_15)
FN:108,(anonymous_16)
FN:125,(anonymous_17)
FN:152,(anonymous_18)
FN:166,(anonymous_19)
FN:166,(anonymous_20)
FN:185,(anonymous_21)
FN:198,(anonymous_22)
FN:199,(anonymous_23)
FNF:17
FNH:0
FNDA:0,(anonymous_7)
FNDA:0,(anonymous_8)
FNDA:0,(anonymous_9)
FNDA:0,(anonymous_10)
FNDA:0,(anonymous_11)
FNDA:0,(anonymous_12)
FNDA:0,(anonymous_13)
FNDA:0,(anonymous_14)
FNDA:0,(anonymous_15)
FNDA:0,(anonymous_16)
FNDA:0,(anonymous_17)
FNDA:0,(anonymous_18)
FNDA:0,(anonymous_19)
FNDA:0,(anonymous_20)
FNDA:0,(anonymous_21)
FNDA:0,(anonymous_22)
FNDA:0,(anonymous_23)
DA:1,0
DA:2,0
DA:17,0
DA:22,0
DA:23,0
DA:24,0
DA:25,0
DA:28,0
DA:34,0
DA:35,0
DA:37,0
DA:43,0
DA:47,0
DA:55,0
DA:56,0
DA:57,0
DA:61,0
DA:68,0
DA:70,0
DA:71,0
DA:75,0
DA:76,0
DA:77,0
DA:78,0
DA:81,0
DA:88,0
DA:89,0
DA:90,0
DA:94,0
DA:101,0
DA:103,0
DA:104,0
DA:108,0
DA:109,0
DA:110,0
DA:111,0
DA:114,0
DA:115,0
DA:117,0
DA:124,0
DA:125,0
DA:131,0
DA:135,0
DA:141,0
DA:142,0
DA:143,0
DA:145,0
DA:147,0
DA:152,0
DA:159,0
DA:161,0
DA:162,0
DA:166,0
DA:167,0
DA:168,0
DA:169,0
DA:172,0
DA:173,0
DA:175,0
DA:182,0
DA:185,0
DA:192,0
DA:194,0
DA:199,0
LF:64
LH:0
BRDA:25,0,0,0
BRDA:25,0,1,0
BRDA:34,1,0,0
BRDA:34,1,1,0
BRDA:55,2,0,0
BRDA:55,2,1,0
BRDA:78,3,0,0
BRDA:78,3,1,0
BRDA:88,4,0,0
BRDA:88,4,1,0
BRDA:111,5,0,0
BRDA:111,5,1,0
BRDA:114,6,0,0
BRDA:114,6,1,0
BRDA:115,7,0,0
BRDA:115,7,1,0
BRDA:124,8,0,0
BRDA:124,8,1,0
BRDA:142,9,0,0
BRDA:142,9,1,0
BRDA:143,10,0,0
BRDA:143,10,1,0
BRDA:145,11,0,0
BRDA:145,11,1,0
BRDA:169,12,0,0
BRDA:169,12,1,0
BRDA:172,13,0,0
BRDA:172,13,1,0
BRDA:173,14,0,0
BRDA:173,14,1,0
BRF:30
BRH:0
end_of_record
TN:
SF:src\stores\notificationStore.ts
FN:31,(anonymous_7)
FN:36,(anonymous_8)
FN:36,(anonymous_9)
FN:51,(anonymous_10)
FN:64,(anonymous_11)
FN:64,(anonymous_12)
FN:73,(anonymous_13)
FN:74,(anonymous_14)
FN:84,(anonymous_15)
FN:84,(anonymous_16)
FN:90,(anonymous_17)
FN:91,(anonymous_18)
FN:99,(anonymous_19)
FN:99,(anonymous_20)
FN:108,(anonymous_21)
FN:109,(anonymous_22)
FN:113,(anonymous_23)
FN:122,(anonymous_24)
FN:133,(anonymous_25)
FN:137,(anonymous_26)
FN:151,(anonymous_27)
FN:154,(anonymous_28)
FN:155,(anonymous_29)
FN:158,(anonymous_30)
FN:165,(anonymous_31)
FNF:25
FNH:0
FNDA:0,(anonymous_7)
FNDA:0,(anonymous_8)
FNDA:0,(anonymous_9)
FNDA:0,(anonymous_10)
FNDA:0,(anonymous_11)
FNDA:0,(anonymous_12)
FNDA:0,(anonymous_13)
FNDA:0,(anonymous_14)
FNDA:0,(anonymous_15)
FNDA:0,(anonymous_16)
FNDA:0,(anonymous_17)
FNDA:0,(anonymous_18)
FNDA:0,(anonymous_19)
FNDA:0,(anonymous_20)
FNDA:0,(anonymous_21)
FNDA:0,(anonymous_22)
FNDA:0,(anonymous_23)
FNDA:0,(anonymous_24)
FNDA:0,(anonymous_25)
FNDA:0,(anonymous_26)
FNDA:0,(anonymous_27)
FNDA:0,(anonymous_28)
FNDA:0,(anonymous_29)
FNDA:0,(anonymous_30)
FNDA:0,(anonymous_31)
DA:1,0
DA:2,0
DA:31,0
DA:36,0
DA:37,0
DA:38,0
DA:39,0
DA:46,0
DA:47,0
DA:48,0
DA:51,0
DA:53,0
DA:59,0
DA:60,0
DA:64,0
DA:65,0
DA:66,0
DA:71,0
DA:73,0
DA:75,0
DA:80,0
DA:84,0
DA:85,0
DA:86,0
DA:88,0
DA:90,0
DA:91,0
DA:95,0
DA:99,0
DA:100,0
DA:101,0
DA:106,0
DA:108,0
DA:109,0
DA:110,0
DA:112,0
DA:113,0
DA:118,0
DA:123,0
DA:134,0
DA:135,0
DA:137,0
DA:152,0
DA:154,0
DA:156,0
DA:158,0
DA:166,0
LF:47
LH:0
BRDA:46,0,0,0
BRDA:46,0,1,0
BRDA:51,1,0,0
BRDA:51,1,1,0
BRDA:51,2,0,0
BRDA:51,2,1,0
BRDA:51,3,0,0
BRDA:51,3,1,0
BRDA:54,4,0,0
BRDA:54,4,1,0
BRDA:71,5,0,0
BRDA:71,5,1,0
BRDA:75,6,0,0
BRDA:75,6,1,0
BRDA:88,7,0,0
BRDA:88,7,1,0
BRDA:106,8,0,0
BRDA:106,8,1,0
BRDA:110,9,0,0
BRDA:110,9,1,0
BRDA:114,10,0,0
BRDA:114,10,1,0
BRDA:156,11,0,0
BRDA:156,11,1,0
BRF:24
BRH:0
end_of_record
TN:
SF:src\stores\postCommentStore.ts
FN:33,(anonymous_7)
FN:38,(anonymous_8)
FN:38,(anonymous_9)
FN:74,(anonymous_10)
FN:95,(anonymous_11)
FN:95,(anonymous_12)
FN:113,(anonymous_13)
FN:120,(anonymous_14)
FN:126,(anonymous_15)
FN:132,(anonymous_16)
FN:149,(anonymous_17)
FN:149,(anonymous_18)
FN:164,(anonymous_19)
FN:178,(anonymous_20)
FN:178,(anonymous_21)
FN:184,(anonymous_22)
FN:194,(anonymous_23)
FN:194,(anonymous_24)
FN:211,(anonymous_25)
FN:213,(anonymous_26)
FN:234,(anonymous_27)
FN:234,(anonymous_28)
FN:254,(anonymous_29)
FN:256,(anonymous_30)
FN:257,(anonymous_31)
FNF:25
FNH:0
FNDA:0,(anonymous_7)
FNDA:0,(anonymous_8)
FNDA:0,(anonymous_9)
FNDA:0,(anonymous_10)
FNDA:0,(anonymous_11)
FNDA:0,(anonymous_12)
FNDA:0,(anonymous_13)
FNDA:0,(anonymous_14)
FNDA:0,(anonymous_15)
FNDA:0,(anonymous_16)
FNDA:0,(anonymous_17)
FNDA:0,(anonymous_18)
FNDA:0,(anonymous_19)
FNDA:0,(anonymous_20)
FNDA:0,(anonymous_21)
FNDA:0,(anonymous_22)
FNDA:0,(anonymous_23)
FNDA:0,(anonymous_24)
FNDA:0,(anonymous_25)
FNDA:0,(anonymous_26)
FNDA:0,(anonymous_27)
FNDA:0,(anonymous_28)
FNDA:0,(anonymous_29)
FNDA:0,(anonymous_30)
FNDA:0,(anonymous_31)
DA:1,0
DA:2,0
DA:33,0
DA:38,0
DA:39,0
DA:40,0
DA:41,0
DA:44,0
DA:55,0
DA:56,0
DA:57,0
DA:61,0
DA:68,0
DA:74,0
DA:75,0
DA:76,0
DA:88,0
DA:90,0
DA:91,0
DA:95,0
DA:96,0
DA:97,0
DA:100,0
DA:106,0
DA:107,0
DA:108,0
DA:109,0
DA:113,0
DA:114,0
DA:120,0
DA:121,0
DA:122,0
DA:126,0
DA:132,0
DA:144,0
DA:145,0
DA:149,0
DA:150,0
DA:151,0
DA:156,0
DA:157,0
DA:158,0
DA:161,0
DA:164,0
DA:171,0
DA:173,0
DA:174,0
DA:178,0
DA:179,0
DA:180,0
DA:183,0
DA:184,0
DA:187,0
DA:189,0
DA:190,0
DA:194,0
DA:195,0
DA:196,0
DA:197,0
DA:199,0
DA:205,0
DA:206,0
DA:207,0
DA:211,0
DA:212,0
DA:213,0
DA:215,0
DA:227,0
DA:229,0
DA:230,0
DA:234,0
DA:235,0
DA:236,0
DA:237,0
DA:239,0
DA:248,0
DA:249,0
DA:250,0
DA:254,0
DA:255,0
DA:256,0
DA:257,0
DA:258,0
DA:259,0
DA:266,0
DA:267,0
DA:272,0
DA:276,0
DA:284,0
DA:286,0
DA:287,0
LF:91
LH:0
BRDA:41,0,0,0
BRDA:41,0,1,0
BRDA:50,1,0,0
BRDA:50,1,1,0
BRDA:55,2,0,0
BRDA:55,2,1,0
BRDA:75,3,0,0
BRDA:75,3,1,0
BRDA:83,4,0,0
BRDA:83,4,1,0
BRDA:106,5,0,0
BRDA:106,5,1,0
BRDA:113,6,0,0
BRDA:113,6,1,0
BRDA:113,7,0,0
BRDA:113,7,1,0
BRDA:113,8,0,0
BRDA:113,8,1,0
BRDA:120,9,0,0
BRDA:120,9,1,0
BRDA:126,10,0,0
BRDA:126,10,1,0
BRDA:128,11,0,0
BRDA:128,11,1,0
BRDA:156,12,0,0
BRDA:156,12,1,0
BRDA:161,13,0,0
BRDA:161,13,1,0
BRDA:197,14,0,0
BRDA:197,14,1,0
BRDA:205,15,0,0
BRDA:205,15,1,0
BRDA:212,16,0,0
BRDA:212,16,1,0
BRDA:222,17,0,0
BRDA:222,17,1,0
BRDA:237,18,0,0
BRDA:237,18,1,0
BRDA:248,19,0,0
BRDA:248,19,1,0
BRDA:255,20,0,0
BRDA:255,20,1,0
BRDA:258,21,0,0
BRDA:258,21,1,0
BRDA:266,22,0,0
BRDA:266,22,1,0
BRF:46
BRH:0
end_of_record
TN:
SF:src\stores\postReactionStore.ts
FN:17,(anonymous_7)
FN:22,(anonymous_8)
FN:22,(anonymous_9)
FN:45,(anonymous_10)
FN:71,(anonymous_11)
FN:90,(anonymous_12)
FN:90,(anonymous_13)
FN:106,(anonymous_14)
FN:120,(anonymous_15)
FN:120,(anonymous_16)
FN:140,(anonymous_17)
FN:154,(anonymous_18)
FN:154,(anonymous_19)
FN:171,(anonymous_20)
FN:171,(anonymous_21)
FN:177,(anonymous_22)
FNF:16
FNH:0
FNDA:0,(anonymous_7)
FNDA:0,(anonymous_8)
FNDA:0,(anonymous_9)
FNDA:0,(anonymous_10)
FNDA:0,(anonymous_11)
FNDA:0,(anonymous_12)
FNDA:0,(anonymous_13)
FNDA:0,(anonymous_14)
FNDA:0,(anonymous_15)
FNDA:0,(anonymous_16)
FNDA:0,(anonymous_17)
FNDA:0,(anonymous_18)
FNDA:0,(anonymous_19)
FNDA:0,(anonymous_20)
FNDA:0,(anonymous_21)
FNDA:0,(anonymous_22)
DA:1,0
DA:2,0
DA:17,0
DA:22,0
DA:23,0
DA:24,0
DA:25,0
DA:28,0
DA:30,0
DA:32,0
DA:39,0
DA:40,0
DA:41,0
DA:45,0
DA:57,0
DA:65,0
DA:66,0
DA:67,0
DA:71,0
DA:83,0
DA:85,0
DA:86,0
DA:90,0
DA:91,0
DA:92,0
DA:98,0
DA:99,0
DA:100,0
DA:103,0
DA:106,0
DA:113,0
DA:115,0
DA:116,0
DA:120,0
DA:121,0
DA:122,0
DA:123,0
DA:125,0
DA:132,0
DA:133,0
DA:134,0
DA:137,0
DA:140,0
DA:147,0
DA:149,0
DA:150,0
DA:154,0
DA:155,0
DA:156,0
DA:159,0
DA:164,0
DA:166,0
DA:167,0
DA:171,0
DA:172,0
DA:173,0
DA:176,0
DA:177,0
DA:180,0
DA:182,0
DA:183,0
LF:61
LH:0
BRDA:22,0,0,0
BRDA:25,1,0,0
BRDA:25,1,1,0
BRDA:28,2,0,0
BRDA:28,2,1,0
BRDA:30,3,0,0
BRDA:30,3,1,0
BRDA:39,4,0,0
BRDA:39,4,1,0
BRDA:48,5,0,0
BRDA:48,5,1,0
BRDA:65,6,0,0
BRDA:65,6,1,0
BRDA:74,7,0,0
BRDA:74,7,1,0
BRDA:90,8,0,0
BRDA:98,9,0,0
BRDA:98,9,1,0
BRDA:103,10,0,0
BRDA:103,10,1,0
BRDA:120,11,0,0
BRDA:123,12,0,0
BRDA:123,12,1,0
BRDA:132,13,0,0
BRDA:132,13,1,0
BRDA:137,14,0,0
BRDA:137,14,1,0
BRDA:154,15,0,0
BRDA:171,16,0,0
BRF:29
BRH:0
end_of_record
TN:
SF:src\stores\profileReactionStore.ts
FN:16,(anonymous_7)
FN:21,(anonymous_8)
FN:21,(anonymous_9)
FN:44,(anonymous_10)
FN:70,(anonymous_11)
FN:89,(anonymous_12)
FN:89,(anonymous_13)
FN:105,(anonymous_14)
FN:119,(anonymous_15)
FN:119,(anonymous_16)
FN:139,(anonymous_17)
FN:153,(anonymous_18)
FN:153,(anonymous_19)
FNF:13
FNH:0
FNDA:0,(anonymous_7)
FNDA:0,(anonymous_8)
FNDA:0,(anonymous_9)
FNDA:0,(anonymous_10)
FNDA:0,(anonymous_11)
FNDA:0,(anonymous_12)
FNDA:0,(anonymous_13)
FNDA:0,(anonymous_14)
FNDA:0,(anonymous_15)
FNDA:0,(anonymous_16)
FNDA:0,(anonymous_17)
FNDA:0,(anonymous_18)
FNDA:0,(anonymous_19)
DA:1,0
DA:2,0
DA:16,0
DA:21,0
DA:22,0
DA:23,0
DA:24,0
DA:27,0
DA:29,0
DA:31,0
DA:38,0
DA:39,0
DA:40,0
DA:44,0
DA:56,0
DA:64,0
DA:65,0
DA:66,0
DA:70,0
DA:82,0
DA:84,0
DA:85,0
DA:89,0
DA:90,0
DA:91,0
DA:97,0
DA:98,0
DA:99,0
DA:102,0
DA:105,0
DA:112,0
DA:114,0
DA:115,0
DA:119,0
DA:120,0
DA:121,0
DA:122,0
DA:124,0
DA:131,0
DA:132,0
DA:133,0
DA:136,0
DA:139,0
DA:146,0
DA:148,0
DA:149,0
DA:153,0
DA:154,0
DA:155,0
DA:158,0
DA:163,0
DA:165,0
DA:166,0
LF:53
LH:0
BRDA:24,0,0,0
BRDA:24,0,1,0
BRDA:27,1,0,0
BRDA:27,1,1,0
BRDA:29,2,0,0
BRDA:29,2,1,0
BRDA:38,3,0,0
BRDA:38,3,1,0
BRDA:47,4,0,0
BRDA:47,4,1,0
BRDA:64,5,0,0
BRDA:64,5,1,0
BRDA:73,6,0,0
BRDA:73,6,1,0
BRDA:97,7,0,0
BRDA:97,7,1,0
BRDA:102,8,0,0
BRDA:102,8,1,0
BRDA:122,9,0,0
BRDA:122,9,1,0
BRDA:131,10,0,0
BRDA:131,10,1,0
BRDA:136,11,0,0
BRDA:136,11,1,0
BRF:24
BRH:0
end_of_record
